Log file open, 09/27/18 19:04:41
LogWindows: Failed to load 'aqProf.dll' (GetLastError=126)
LogWindows: File 'aqProf.dll' does not exist
LogWindows: Failed to load 'VSPerf140.dll' (GetLastError=126)
LogWindows: File 'VSPerf140.dll' does not exist
LogWindows: Failed to load 'VtuneApi.dll' (GetLastError=126)
LogWindows: File 'VtuneApi.dll' does not exist
LogWindows: Failed to load 'VtuneApi32e.dll' (GetLastError=126)
LogWindows: File 'VtuneApi32e.dll' does not exist
LogInit: Display: Running engine for game: GameFiles
LogPlatformFile: Not using cached read wrapper
LogTaskGraph: Started task graph with 5 named threads and 20 total threads with 3 sets of task threads.
LogStats: Stats thread started at 0.236483
LogD3D11RHI: Loaded GFSDK_Aftermath_Lib.x64.dll
LogICUInternationalization: Display: ICU TimeZone Detection - Raw Offset: +1:00, Platform Override: ''
LogPluginManager: Mounting plugin Paper2D
LogPluginManager: Mounting plugin AISupport
LogPluginManager: Mounting plugin LightPropagationVolume
LogPluginManager: Mounting plugin CLionSourceCodeAccess
LogPluginManager: Mounting plugin CodeLiteSourceCodeAccess
LogPluginManager: Mounting plugin GitSourceControl
LogPluginManager: Mounting plugin KDevelopSourceCodeAccess
LogPluginManager: Mounting plugin NullSourceCodeAccess
LogPluginManager: Mounting plugin PerforceSourceControl
LogPluginManager: Mounting plugin SubversionSourceControl
LogPluginManager: Mounting plugin UObjectPlugin
LogPluginManager: Mounting plugin VisualStudioCodeSourceCodeAccess
LogPluginManager: Mounting plugin VisualStudioSourceCodeAccess
LogPluginManager: Mounting plugin XCodeSourceCodeAccess
LogPluginManager: Mounting plugin AssetManagerEditor
LogPluginManager: Mounting plugin CryptoKeys
LogPluginManager: Mounting plugin DataValidation
LogPluginManager: Mounting plugin FacialAnimation
LogPluginManager: Mounting plugin GameplayTagsEditor
LogPluginManager: Mounting plugin MacGraphicsSwitching
LogPluginManager: Mounting plugin MeshEditor
LogPluginManager: Mounting plugin MobileLauncherProfileWizard
LogPluginManager: Mounting plugin PluginBrowser
LogPluginManager: Mounting plugin SpeedTreeImporter
LogPluginManager: Mounting plugin DatasmithContent
LogPluginManager: Mounting plugin AlembicImporter
LogPluginManager: Mounting plugin AppleImageUtils
LogPluginManager: Mounting plugin AppleVision
LogPluginManager: Mounting plugin BackChannel
LogPluginManager: Mounting plugin CharacterAI
LogPluginManager: Mounting plugin GeometryCache
LogPluginManager: Mounting plugin HTML5Networking
LogPluginManager: Mounting plugin ProxyLODPlugin
LogPluginManager: Mounting plugin MagicLeap
LogPluginManager: Mounting plugin MagicLeapEmulator
LogPluginManager: Mounting plugin MagicLeapMedia
LogPluginManager: Mounting plugin AndroidMedia
LogPluginManager: Mounting plugin AvfMedia
LogPluginManager: Mounting plugin ImgMedia
LogPluginManager: Mounting plugin LinearTimecode
LogPluginManager: Mounting plugin MediaCompositing
LogPluginManager: Mounting plugin MediaPlayerEditor
LogPluginManager: Mounting plugin WmfMedia
LogPluginManager: Mounting plugin TcpMessaging
LogPluginManager: Mounting plugin UdpMessaging
LogPluginManager: Mounting plugin ActorSequence
LogPluginManager: Mounting plugin LevelSequenceEditor
LogPluginManager: Mounting plugin MatineeToLevelSequence
LogPluginManager: Mounting plugin NetcodeUnitTest
LogPluginManager: Mounting plugin NUTUnrealEngine4
LogPluginManager: Mounting plugin OnlineSubsystemGooglePlay
LogPluginManager: Mounting plugin OnlineSubsystemIOS
LogPluginManager: Mounting plugin OnlineSubsystem
LogPluginManager: Mounting plugin OnlineSubsystemNull
LogPluginManager: Mounting plugin OnlineSubsystemUtils
LogPluginManager: Mounting plugin LauncherChunkInstaller
LogPluginManager: Mounting plugin AndroidDeviceProfileSelector
LogPluginManager: Mounting plugin AndroidMoviePlayer
LogPluginManager: Mounting plugin AndroidPermission
LogPluginManager: Mounting plugin AppleMoviePlayer
LogPluginManager: Mounting plugin ArchVisCharacter
LogPluginManager: Mounting plugin AudioCapture
LogPluginManager: Mounting plugin CableComponent
LogPluginManager: Mounting plugin CustomMeshComponent
LogPluginManager: Mounting plugin EditableMesh
LogPluginManager: Mounting plugin ExampleDeviceProfileSelector
LogPluginManager: Mounting plugin GoogleCloudMessaging
LogPluginManager: Mounting plugin ImmediatePhysics
LogPluginManager: Mounting plugin IOSDeviceProfileSelector
LogPluginManager: Mounting plugin LinuxDeviceProfileSelector
LogPluginManager: Mounting plugin LocationServicesBPLibrary
LogPluginManager: Mounting plugin MobilePatchingUtils
LogPluginManager: Mounting plugin OculusVR
LogPluginManager: Plugin shader directory ../../../Engine/Plugins/Runtime/Oculus/OculusVR/Shaders found
LogPluginManager: Mapping shader source directory ../../../Engine/Plugins/Runtime/Oculus/OculusVR/Shaders to virtual directory /Plugin/OculusVR
LogPluginManager: Mounting plugin PhysXVehicles
LogPluginManager: Mounting plugin ProceduralMeshComponent
LogPluginManager: Mounting plugin RuntimePhysXCooking
LogPluginManager: Mounting plugin SteamVR
LogPluginManager: Mounting plugin WindowsMoviePlayer
LogStreaming: Display: Took  0.099s to configure plugins.
LogInit: Using libcurl 7.55.1-DEV
LogInit:  - built for x86_64-pc-win32
LogInit:  - supports SSL with OpenSSL/1.0.2h
LogInit:  - supports HTTP deflate (compression) using libz 1.2.8
LogInit:  - other features:
LogInit:      CURL_VERSION_SSL
LogInit:      CURL_VERSION_LIBZ
LogInit:      CURL_VERSION_IPV6
LogInit:      CURL_VERSION_ASYNCHDNS
LogInit:      CURL_VERSION_LARGEFILE
LogInit:      CURL_VERSION_IDN
LogInit:  CurlRequestOptions (configurable via config and command line):
LogInit:  - bVerifyPeer = false  - Libcurl will NOT verify peer certificate
LogInit:  - bUseHttpProxy = false  - Libcurl will NOT use HTTP proxy
LogInit:  - bDontReuseConnections = false  - Libcurl will reuse connections
LogInit:  - CertBundlePath = nullptr  - Libcurl will use whatever was configured at build time.
LogInit:  - MaxHostConnections = 16  - Libcurl will limit the number of connections to a host
LogInit:  - LocalHostAddr = Default
LogInit:  - BufferSize = 65536
LogInit: WinSock: version 1.1 (2.2), MaxSocks=32767, MaxUdp=65467
LogInit: Build: ++UE4+Release-4.20-CL-4302132
LogInit: Engine Version: 4.20.2-4302132+++UE4+Release-4.20
LogInit: Compatible Engine Version: 4.20.0-4212847+++UE4+Release-4.20
LogInit: Net CL: 4212847
LogInit: OS: Windows 10 (), CPU: Intel(R) Core(TM) i5-8400 CPU @ 2.80GHz, GPU: NVIDIA GeForce GTX 1070
LogInit: Compiled (64-bit): Aug 21 2018 02:06:06
LogInit: Compiled with Visual C++: 19.13.26129.00
LogInit: Build Configuration: Development
LogInit: Branch Name: ++UE4+Release-4.20
LogInit: Command Line: 
LogInit: Base Directory: G:/Unreal Engine 4/UE_4.20/Engine/Binaries/Win64/
LogInit: Installed Engine Build: 1
LogDevObjectVersion: Number of dev versions registered: 20
LogDevObjectVersion:   Dev-Blueprints (B0D832E4-1F89-4F0D-ACCF-7EB736FD4AA2): 10
LogDevObjectVersion:   Dev-Build (E1C64328-A22C-4D53-A36C-8E866417BD8C): 0
LogDevObjectVersion:   Dev-Core (375EC13C-06E4-48FB-B500-84F0262A717E): 2
LogDevObjectVersion:   Dev-Editor (E4B068ED-F494-42E9-A231-DA0B2E46BB41): 24
LogDevObjectVersion:   Dev-Framework (CFFC743F-43B0-4480-9391-14DF171D2073): 34
LogDevObjectVersion:   Dev-Mobile (B02B49B5-BB20-44E9-A304-32B752E40360): 2
LogDevObjectVersion:   Dev-Networking (A4E4105C-59A1-49B5-A7C5-40C4547EDFEE): 0
LogDevObjectVersion:   Dev-Online (39C831C9-5AE6-47DC-9A44-9C173E1C8E7C): 0
LogDevObjectVersion:   Dev-Physics (78F01B33-EBEA-4F98-B9B4-84EACCB95AA2): 0
LogDevObjectVersion:   Dev-Platform (6631380F-2D4D-43E0-8009-CF276956A95A): 0
LogDevObjectVersion:   Dev-Rendering (12F88B9F-8875-4AFC-A67C-D90C383ABD29): 26
LogDevObjectVersion:   Dev-Sequencer (7B5AE74C-D270-4C10-A958-57980B212A5A): 9
LogDevObjectVersion:   Dev-VR (D7296918-1DD6-4BDD-9DE2-64A83CC13884): 2
LogDevObjectVersion:   Dev-LoadTimes (C2A15278-BFE7-4AFE-6C17-90FF531DF755): 1
LogDevObjectVersion:   Private-Geometry (6EACA3D4-40EC-4CC1-B786-8BED09428FC5): 3
LogDevObjectVersion:   Dev-AnimPhys (29E575DD-E0A3-4627-9D10-D276232CDCEA): 17
LogDevObjectVersion:   Dev-ReflectionCapture (6B266CEC-1EC7-4B8F-A30B-E4D90942FC07): 1
LogDevObjectVersion:   Dev-Automation (0DF73D61-A23F-47EA-B727-89E90C41499A): 1
LogDevObjectVersion:   FortniteMain (601D1886-AC64-4F84-AA16-D3DE0DEAC7D6): 12
LogDevObjectVersion:   Dev-Enterprise (9DFFBCD6-494F-0158-E221-12823C92A888): 1
LogStreaming: Display: Took  0.002s to delete old logs.
LogInit: Presizing for max 8388607 objects, including 0 objects not considered by GC, pre-allocating 0 bytes for permanent pool.
LogInit: Object subsystem initialized
[2018.09.27-17.04.42:099][  0]LogInit: Selected Device Profile: [Windows]
[2018.09.27-17.04.42:099][  0]LogInit: Applying CVar settings loaded from the selected device profile: [Windows]
[2018.09.27-17.04.42:117][  0]LogHAL: Display: Platform has ~ 16 GB [17037656064 / 17179869184 / 16], which maps to Larger [LargestMinGB=32, LargerMinGB=12, DefaultMinGB=8, SmallerMinGB=6, SmallestMinGB=0)
[2018.09.27-17.04.42:117][  0]LogInit: Setting Device Profile CVar: [[r.Vulkan.UseRealUBs:1]]
[2018.09.27-17.04.42:117][  0]LogInit: Going up to parent DeviceProfile []
[2018.09.27-17.04.42:117][  0]LogInit: Computer: DESKTOP-7TKHN92
[2018.09.27-17.04.42:117][  0]LogInit: User: ThomasDerwig
[2018.09.27-17.04.42:117][  0]LogInit: CPU Page size=4096, Cores=6
[2018.09.27-17.04.42:117][  0]LogInit: High frequency timer resolution =2.742190 MHz
[2018.09.27-17.04.42:117][  0]LogMemory: Memory total: Physical=15.9GB (16GB approx)
[2018.09.27-17.04.42:117][  0]LogMemory: Platform Memory Stats for Windows
[2018.09.27-17.04.42:117][  0]LogMemory: Process Physical Memory: 102.14 MB used, 102.14 MB peak
[2018.09.27-17.04.42:117][  0]LogMemory: Process Virtual Memory: 93.13 MB used, 93.13 MB peak
[2018.09.27-17.04.42:117][  0]LogMemory: Physical Memory: 6176.64 MB used,  10071.73 MB free, 16248.38 MB total
[2018.09.27-17.04.42:117][  0]LogMemory: Virtual Memory: 4637.85 MB used,  10071.73 MB free, 134217728.00 MB total
[2018.09.27-17.04.42:132][  0]LogInit: Using OS detected language (en-GB).
[2018.09.27-17.04.42:132][  0]LogInit: Using OS detected locale (en-NL).
[2018.09.27-17.04.42:133][  0]LogTextLocalizationManager: No specific localization for 'en-GB' exists, so the 'en' localization will be used.
[2018.09.27-17.04.42:475][  0]LogStreaming: Display: Took  0.343s to InitEngineTextLocalization.
[2018.09.27-17.04.42:475][  0]LogInit: Setting process to per monitor DPI aware
[2018.09.27-17.04.42:495][  0]LogSlate: New Slate User Created.  User Index 0, Is Virtual User: 0
[2018.09.27-17.04.42:496][  0]LogSlate: Slate User Registered.  User Index 0, Is Virtual User: 0
[2018.09.27-17.04.42:644][  0]LogHMD: Failed to initialize OpenVR with code 110
[2018.09.27-17.04.42:644][  0]LogD3D11RHI: D3D11 adapters:
[2018.09.27-17.04.42:718][  0]LogD3D11RHI:    0. 'NVIDIA GeForce GTX 1070' (Feature Level 11_0)
[2018.09.27-17.04.42:718][  0]LogD3D11RHI:       8088/0/8124 MB DedicatedVideo/DedicatedSystem/SharedSystem, Outputs:1, VendorId:0x10de
[2018.09.27-17.04.42:729][  0]LogD3D11RHI:    1. 'Intel(R) UHD Graphics 630' (Feature Level 11_0)
[2018.09.27-17.04.42:729][  0]LogD3D11RHI:       128/0/8124 MB DedicatedVideo/DedicatedSystem/SharedSystem, Outputs:1, VendorId:0x8086
[2018.09.27-17.04.42:731][  0]LogD3D11RHI:    2. 'Microsoft Basic Render Driver' (Feature Level 11_0)
[2018.09.27-17.04.42:731][  0]LogD3D11RHI:       0/0/8124 MB DedicatedVideo/DedicatedSystem/SharedSystem, Outputs:0, VendorId:0x1414
[2018.09.27-17.04.42:731][  0]LogD3D11RHI: Chosen D3D11 Adapter: 0
[2018.09.27-17.04.42:738][  0]LogD3D11RHI: Creating new Direct3DDevice
[2018.09.27-17.04.42:738][  0]LogD3D11RHI:     GPU DeviceId: 0x1b81 (for the marketing name, search the web for "GPU Device Id")
[2018.09.27-17.04.42:738][  0]LogWindows: EnumDisplayDevices:
[2018.09.27-17.04.42:738][  0]LogWindows:    0. 'NVIDIA GeForce GTX 1070' (P:1 D:1)
[2018.09.27-17.04.42:738][  0]LogWindows:    1. 'NVIDIA GeForce GTX 1070' (P:0 D:0)
[2018.09.27-17.04.42:738][  0]LogWindows:    2. 'NVIDIA GeForce GTX 1070' (P:0 D:0)
[2018.09.27-17.04.42:738][  0]LogWindows:    3. 'NVIDIA GeForce GTX 1070' (P:0 D:0)
[2018.09.27-17.04.42:738][  0]LogWindows:    4. 'Intel(R) UHD Graphics 630' (P:0 D:1)
[2018.09.27-17.04.42:739][  0]LogWindows:    5. 'Intel(R) UHD Graphics 630' (P:0 D:0)
[2018.09.27-17.04.42:739][  0]LogWindows:    6. 'Intel(R) UHD Graphics 630' (P:0 D:0)
[2018.09.27-17.04.42:739][  0]LogWindows: DebugString: PrimaryIsNotTheChoosenAdapter PrimaryIsNotTheChoosenAdapter PrimaryIsNotTheChoosenAdapter FoundDriverCount:4 
[2018.09.27-17.04.42:739][  0]LogD3D11RHI:     Adapter Name: NVIDIA GeForce GTX 1070
[2018.09.27-17.04.42:739][  0]LogD3D11RHI:   Driver Version: 411.70 (internal:24.21.14.1170, unified:411.70)
[2018.09.27-17.04.42:739][  0]LogD3D11RHI:      Driver Date: 9-25-2018
[2018.09.27-17.04.42:739][  0]LogRHI: Texture pool is 5661 MB (70% of 8088 MB)
[2018.09.27-17.04.42:778][  0]LogD3D11RHI: Async texture creation enabled
[2018.09.27-17.04.42:800][  0]LogD3D11RHI: GPU Timing Frequency: 1000.000000 (Debug: 2 2)
[2018.09.27-17.04.42:801][  0]LogShaderCompilers: Guid format shader working directory is -46 characters bigger than the processId version (C:/Users/Thomas Derwig/Documents/University/Year 3/Design for games and play 1/Shadow_Game/GameFiles/Intermediate/Shaders/WorkingDirectory/6576/).
[2018.09.27-17.04.42:802][  0]LogShaderCompilers: Cleaned the shader compiler working directory 'C:/Users/Thomas Derwig/AppData/Local/Temp/UnrealShaderWorkingDir/DC93A05245629738EB1B83B66D6292F2/'.
[2018.09.27-17.04.43:010][  0]LogTemp: Display: Loaded TP AllDesktopTargetPlatform
[2018.09.27-17.04.43:022][  0]LogTemp: Display: Loaded TP MacClientTargetPlatform
[2018.09.27-17.04.43:034][  0]LogTemp: Display: Loaded TP MacNoEditorTargetPlatform
[2018.09.27-17.04.43:046][  0]LogTemp: Display: Loaded TP MacServerTargetPlatform
[2018.09.27-17.04.43:059][  0]LogTemp: Display: Loaded TP MacTargetPlatform
[2018.09.27-17.04.43:073][  0]LogTemp: Display: Loaded TP WindowsClientTargetPlatform
[2018.09.27-17.04.43:085][  0]LogTemp: Display: Loaded TP WindowsNoEditorTargetPlatform
[2018.09.27-17.04.43:097][  0]LogTemp: Display: Loaded TP WindowsServerTargetPlatform
[2018.09.27-17.04.43:103][  0]LogTemp: Display: Loaded TP WindowsTargetPlatform
[2018.09.27-17.04.43:179][  0]LogTemp: Display: Loaded TP AndroidTargetPlatform
[2018.09.27-17.04.43:179][  0]LogTemp: Display: Loaded TP AndroidTargetPlatform
[2018.09.27-17.04.43:179][  0]LogTemp: Display: Loaded TP AndroidTargetPlatform
[2018.09.27-17.04.43:179][  0]LogTemp: Display: Loaded TP AndroidTargetPlatform
[2018.09.27-17.04.43:179][  0]LogTemp: Display: Loaded TP AndroidTargetPlatform
[2018.09.27-17.04.43:179][  0]LogTemp: Display: Loaded TP AndroidTargetPlatform
[2018.09.27-17.04.43:179][  0]LogTemp: Display: Loaded TP AndroidTargetPlatform
[2018.09.27-17.04.43:179][  0]LogTemp: Display: Loaded TP AndroidTargetPlatform
[2018.09.27-17.04.43:179][  0]LogTemp: Display: Loaded TP AndroidTargetPlatform
[2018.09.27-17.04.43:179][  0]LogTemp: Display: Loaded TP AndroidTargetPlatform
[2018.09.27-17.04.43:179][  0]LogTemp: Display: Loaded TP AndroidTargetPlatform
[2018.09.27-17.04.43:179][  0]LogTemp: Display: Loaded TP AndroidTargetPlatform
[2018.09.27-17.04.43:179][  0]LogTemp: Display: Loaded TP AndroidTargetPlatform
[2018.09.27-17.04.43:179][  0]LogTemp: Display: Loaded TP AndroidTargetPlatform
[2018.09.27-17.04.43:179][  0]LogTemp: Display: Loaded TP AndroidTargetPlatform
[2018.09.27-17.04.43:179][  0]LogTemp: Display: Loaded TP AndroidTargetPlatform
[2018.09.27-17.04.43:179][  0]LogTemp: Display: Loaded TP AndroidTargetPlatform
[2018.09.27-17.04.43:179][  0]LogTemp: Display: Loaded TP AndroidTargetPlatform
[2018.09.27-17.04.43:180][  0]LogTemp: Display: Loaded TP HTML5TargetPlatform
[2018.09.27-17.04.43:235][  0]LogTemp: Display: Loaded TP IOSTargetPlatform
[2018.09.27-17.04.43:235][  0]LogTemp: Display: Loaded TP IOSTargetPlatform
[2018.09.27-17.04.43:256][  0]LogTemp: Display: Loaded TP TVOSTargetPlatform
[2018.09.27-17.04.43:256][  0]LogTemp: Display: Loaded TP TVOSTargetPlatform
[2018.09.27-17.04.43:267][  0]LogTemp: Display: Loaded TP LinuxClientTargetPlatform
[2018.09.27-17.04.43:278][  0]LogTemp: Display: Loaded TP LinuxNoEditorTargetPlatform
[2018.09.27-17.04.43:289][  0]LogTemp: Display: Loaded TP LinuxServerTargetPlatform
[2018.09.27-17.04.43:300][  0]LogTemp: Display: Loaded TP LinuxTargetPlatform
[2018.09.27-17.04.43:308][  0]LogTemp: Display: Loaded TP LuminTargetPlatform
[2018.09.27-17.04.43:308][  0]LogTargetPlatformManager: Display: Building Assets For Windows
[2018.09.27-17.04.43:355][  0]LogXGEController: Cannot use XGE Controller as Incredibuild is not installed on this machine.
[2018.09.27-17.04.43:355][  0]LogShaderCompilers: Cannot use XGE Shader Compiler as Incredibuild is not installed on this machine.
[2018.09.27-17.04.43:355][  0]LogShaderCompilers: Display: Using Local Shader Compiler.
[2018.09.27-17.04.43:935][  0]LogDerivedDataCache: Display: Max Cache Size: 512 MB
[2018.09.27-17.04.43:997][  0]LogDerivedDataCache: Loaded boot cache 0.06s 71MB C:/Users/Thomas Derwig/AppData/Local/UnrealEngine/4.20/DerivedDataCache/Boot.ddc.
[2018.09.27-17.04.43:998][  0]LogDerivedDataCache: Display: Loaded Boot cache: C:/Users/Thomas Derwig/AppData/Local/UnrealEngine/4.20/DerivedDataCache/Boot.ddc
[2018.09.27-17.04.43:998][  0]LogDerivedDataCache: FDerivedDataBackendGraph:  Pak pak cache file C:/Users/Thomas Derwig/Documents/University/Year 3/Design for games and play 1/Shadow_Game/GameFiles/DerivedDataCache/DDC.ddp not found, will not use a pak cache.
[2018.09.27-17.04.43:998][  0]LogDerivedDataCache: Unable to find inner node Pak for hierarchical cache Hierarchy.
[2018.09.27-17.04.43:998][  0]LogDerivedDataCache: FDerivedDataBackendGraph:  CompressedPak pak cache file C:/Users/Thomas Derwig/Documents/University/Year 3/Design for games and play 1/Shadow_Game/GameFiles/DerivedDataCache/Compressed.ddp not found, will not use a pak cache.
[2018.09.27-17.04.43:998][  0]LogDerivedDataCache: Unable to find inner node CompressedPak for hierarchical cache Hierarchy.
[2018.09.27-17.04.44:009][  0]LogDerivedDataCache: Display: Pak cache opened for reading ../../../Engine/DerivedDataCache/Compressed.ddp.
[2018.09.27-17.04.44:021][  0]LogDerivedDataCache: Using Local data cache path C:/Users/Thomas Derwig/AppData/Local/UnrealEngine/Common/DerivedDataCache: Writable
[2018.09.27-17.04.44:021][  0]LogDerivedDataCache: Shared data cache path not found in *engine.ini, will not use an Shared cache.
[2018.09.27-17.04.44:021][  0]LogDerivedDataCache: Unable to find inner node Shared for hierarchical cache Hierarchy.
[2018.09.27-17.04.44:036][  0]LogMaterial: Verifying Global Shaders for PCD3D_SM5
[2018.09.27-17.04.44:038][  0]LogSlate: Using FreeType 2.6.0
[2018.09.27-17.04.44:038][  0]LogSlate: SlateFontServices - WITH_FREETYPE: 1, WITH_HARFBUZZ: 1
[2018.09.27-17.04.44:107][  0]LogAssetRegistry: FAssetRegistry took 0.0262 seconds to start up
[2018.09.27-17.04.44:367][  0]LogInit: Selected Device Profile: [Windows]
[2018.09.27-17.04.44:410][  0]LogSimplygon: Simplygon DLL not present - disabling.
[2018.09.27-17.04.44:413][  0]LogMeshReduction: Using SimplygonSwarm for distributed automatic mesh merging
[2018.09.27-17.04.44:413][  0]LogMeshReduction: Using ProxyLODMeshReduction for automatic mesh merging
[2018.09.27-17.04.44:413][  0]LogMeshReduction: Using QuadricMeshReduction for automatic static mesh reduction
[2018.09.27-17.04.44:413][  0]LogMeshReduction: No automatic skeletal mesh reduction module available
[2018.09.27-17.04.44:495][  0]LogNetVersion: GameFiles 1.0.0, NetCL: 4212847, EngineNetVer: 5, GameNetVer: 0 (Checksum: 169372248)
[2018.09.27-17.04.45:032][  0]LogPackageLocalizationCache: Processed 11 localized package path(s) for 2 prioritized culture(s) in 0.119190 seconds
[2018.09.27-17.04.45:038][  0]LogUObjectArray: 38425 objects as part of root set at end of initial load.
[2018.09.27-17.04.45:038][  0]LogUObjectAllocator: 6690872 out of 0 bytes used by permanent object pool.
[2018.09.27-17.04.45:038][  0]LogUObjectArray: CloseDisregardForGC: 0/0 objects in disregard for GC pool
[2018.09.27-17.04.45:749][  0]LogTcpMessaging: Initializing TcpMessaging bridge
[2018.09.27-17.04.45:762][  0]LogUdpMessaging: Initializing bridge on interface 0.0.0.0:0 to multicast group 230.0.0.1:6666.
[2018.09.27-17.04.45:913][  0]SourceControl: Source control is disabled
[2018.09.27-17.04.45:913][  0]SourceControl: Source control is disabled
[2018.09.27-17.04.45:914][  0]SourceControl: Source control is disabled
[2018.09.27-17.04.45:915][  0]SourceControl: Source control is disabled
[2018.09.27-17.04.46:068][  0]LogAndroidPermission: UAndroidPermissionCallbackProxy::GetInstance
[2018.09.27-17.04.46:132][  0]LogOcInput: OculusInput pre-init called
[2018.09.27-17.04.46:183][  0]LogEngine: Initializing Engine...
[2018.09.27-17.04.46:183][  0]LogHMD: Failed to initialize OpenVR with code 110
[2018.09.27-17.04.46:185][  0]LogStats: UGameplayTagsManager::ConstructGameplayTagTree: ImportINI prefixes -  0.000 s
[2018.09.27-17.04.46:185][  0]LogStats: UGameplayTagsManager::ConstructGameplayTagTree: Construct from data asset -  0.000 s
[2018.09.27-17.04.46:185][  0]LogStats: UGameplayTagsManager::ConstructGameplayTagTree: ImportINI -  0.000 s
[2018.09.27-17.04.46:185][  0]LogStats: UGameplayTagsManager::ConstructGameplayTagTree: GameplayTagTreeChangedEvent.Broadcast -  0.000 s
[2018.09.27-17.04.46:412][  0]LogInit: Initializing FReadOnlyCVARCache
[2018.09.27-17.04.46:423][  0]LogAIModule: Creating AISystem for world Untitled
[2018.09.27-17.04.46:477][  0]LogInit: XAudio2 using 'Speakers (Realtek High Definition Audio)' : 2 channels at 48 kHz using 32 bits per sample (channel mask 0x3)
[2018.09.27-17.04.46:519][  0]LogInit: FAudioDevice initialized.
[2018.09.27-17.04.46:519][  0]LogNetVersion: Set ProjectVersion to 1.0.0.0. Version Checksum will be recalculated on next use.
[2018.09.27-17.04.46:591][  0]LogDerivedDataCache: Saved boot cache 0.07s 71MB C:/Users/Thomas Derwig/AppData/Local/UnrealEngine/4.20/DerivedDataCache/Boot.ddc.
[2018.09.27-17.04.46:598][  0]LogInit: Texture streaming: Enabled
[2018.09.27-17.04.46:611][  0]LogEngineSessionManager: EngineSessionManager initialized
[2018.09.27-17.04.46:621][  0]LogInit: Transaction tracking system initialized
[2018.09.27-17.04.46:638][  0]BlueprintLog: New page: Editor Load
[2018.09.27-17.04.46:696][  0]LocalizationService: Localization service is disabled
[2018.09.27-17.04.47:118][  0]LogCook: Display: Max memory allowance for cook 16384mb min free memory 0mb
[2018.09.27-17.04.47:118][  0]LogCook: Display: Mobile HDR setting 1
[2018.09.27-17.04.47:118][  0]LogGameplayTags: Display: UGameplayTagsManager::DoneAddingNativeTags. DelegateIsBound: 0
[2018.09.27-17.04.47:118][  0]LogStats: UGameplayTagsManager::ConstructGameplayTagTree: ImportINI prefixes -  0.000 s
[2018.09.27-17.04.47:118][  0]LogStats: UGameplayTagsManager::ConstructGameplayTagTree: Construct from data asset -  0.000 s
[2018.09.27-17.04.47:118][  0]LogStats: UGameplayTagsManager::ConstructGameplayTagTree: ImportINI -  0.000 s
[2018.09.27-17.04.47:118][  0]LogStats: UGameplayTagsManager::ConstructGameplayTagTree: GameplayTagTreeChangedEvent.Broadcast -  0.000 s
[2018.09.27-17.04.47:123][  0]LogFileCache: Scanning file cache for directory 'C:/Users/Thomas Derwig/Documents/University/Year 3/Design for games and play 1/Shadow_Game/GameFiles/Content/' took 0.02s
[2018.09.27-17.04.47:206][  0]SourceControl: Source control is disabled
[2018.09.27-17.04.47:206][  0]LightingResults: New page: Lighting Build
[2018.09.27-17.04.47:208][  0]MapCheck: New page: Map Check
[2018.09.27-17.04.47:208][  0]LightingResults: New page: Lighting Build
[2018.09.27-17.04.51:079][  0]LogTexture: Display: Building textures: Glow_Lamp (BGRA8, 25X25)
[2018.09.27-17.04.53:436][  0]LogAIModule: Creating AISystem for world TopDownExampleMap
[2018.09.27-17.04.53:953][  0]LogEditorServer: Finished looking for orphan Actors (0.000 secs)
[2018.09.27-17.04.53:995][  0]Cmd: MAP CHECKDEP NOCLEARLOG
[2018.09.27-17.04.54:052][  0]MapCheck: Map check complete: 0 Error(s), 0 Warning(s), took 56.289ms to complete.
[2018.09.27-17.04.54:052][  0]LogFileHelpers: Loading map 'TopDownExampleMap' took 6.846
[2018.09.27-17.04.54:702][  0]LogSlate: Updating window title bar state: overlay mode, drag disabled, window buttons hidden, title bar hidden
[2018.09.27-17.04.54:716][  0]LogSlate: Updating window title bar state: overlay mode, drag disabled, window buttons hidden, title bar hidden
[2018.09.27-17.04.54:723][  0]LogSlate: Updating window title bar state: overlay mode, drag disabled, window buttons hidden, title bar hidden
[2018.09.27-17.04.54:729][  0]LogSlate: Updating window title bar state: overlay mode, drag disabled, window buttons hidden, title bar hidden
[2018.09.27-17.04.54:738][  0]LogCollectionManager: Loaded 0 collections in 0.001408 seconds
[2018.09.27-17.04.54:896][  0]LogFileCache: Scanning file cache for directory 'C:/Users/Thomas Derwig/Documents/University/Year 3/Design for games and play 1/Shadow_Game/GameFiles/Saved/Collections/' took 0.01s
[2018.09.27-17.04.54:896][  0]LogFileCache: Scanning file cache for directory 'C:/Users/Thomas Derwig/Documents/University/Year 3/Design for games and play 1/Shadow_Game/GameFiles/Content/Developers/ThomasDerwig/Collections/' took 0.01s
[2018.09.27-17.04.54:896][  0]LogFileCache: Scanning file cache for directory 'C:/Users/Thomas Derwig/Documents/University/Year 3/Design for games and play 1/Shadow_Game/GameFiles/Content/Collections/' took 0.01s
[2018.09.27-17.04.54:896][  0]LogCollectionManager: Rebuilt the GUID cache for 0 collections in 0.000000 seconds
[2018.09.27-17.04.54:904][  0]LogContentBrowser: Native class hierarchy populated in 0.0081 seconds. Added 2572 classes and 603 folders.
[2018.09.27-17.04.54:971][  0]LogContentBrowser: Native class hierarchy updated for 'WidgetCarousel' in 0.0002 seconds. Added 0 classes and 0 folders.
[2018.09.27-17.04.56:333][  0]LogContentBrowser: Native class hierarchy updated for 'AddContentDialog' in 0.0002 seconds. Added 0 classes and 0 folders.
[2018.09.27-17.04.56:374][  0]LogContentBrowser: Native class hierarchy updated for 'SceneOutliner' in 0.0002 seconds. Added 1 classes and 2 folders.
[2018.09.27-17.04.57:150][  0]LogSlate: Took 0.000155 seconds to synchronously load lazily loaded font '../../../Engine/Content/Slate/Fonts/Roboto-Regular.ttf' (155K)
[2018.09.27-17.04.57:152][  0]LogSlate: Took 0.000149 seconds to synchronously load lazily loaded font '../../../Engine/Content/Slate/Fonts/Roboto-Bold.ttf' (160K)
[2018.09.27-17.04.57:206][  0]LogSlate: Took 0.023292 seconds to synchronously load lazily loaded font '../../../Engine/Content/Editor/Slate/Fonts/FontAwesome.ttf' (139K)
[2018.09.27-17.04.57:470][  0]LogRenderer: Reallocating scene render targets to support 1280x636 Format 10 NumSamples 1 (Frame:1).
[2018.09.27-17.04.57:911][  0]LogContentBrowser: Native class hierarchy updated for 'HierarchicalLODOutliner' in 0.0002 seconds. Added 0 classes and 0 folders.
[2018.09.27-17.04.57:911][  0]LogLoad: (Engine Initialization) Total time: 17.47 seconds
[2018.09.27-17.04.57:911][  0]LogLoad: (Engine Initialization) Total Blueprint compile time: 0.00 seconds
[2018.09.27-17.04.57:921][  0]LogWindowsTextInputMethodSystem: Display: IME system now deactivated.
[2018.09.27-17.04.57:945][  0]LogContentStreaming: Texture pool size now 1000 MB
[2018.09.27-17.04.58:174][  0]LogSlate: Took 0.082478 seconds to synchronously load lazily loaded font '../../../Engine/Content/Slate/Fonts/Roboto-Light.ttf' (167K)
[2018.09.27-17.04.58:180][  1]LogFileCache: Retrieving MD5 hashes for directory 'C:/Users/Thomas Derwig/Documents/University/Year 3/Design for games and play 1/Shadow_Game/GameFiles/Content/' took 0.25s
[2018.09.27-17.04.58:940][ 76]LogSlate: Took 0.000215 seconds to synchronously load lazily loaded font '../../../Engine/Content/Slate/Fonts/Roboto-Light.ttf' (167K)
[2018.09.27-17.05.06:082][920]LogSlate: FSceneViewport::OnFocusLost() reason 0
[2018.09.27-17.05.10:700][468]LogAssetRegistry: Asset discovery search completed in 26.6153 seconds
[2018.09.27-17.05.10:701][468]LogCollectionManager: Rebuilt the object cache for 0 collections in 0.000000 seconds (found 0 objects)
[2018.09.27-17.05.10:701][468]LogCollectionManager: Fixed up redirectors for 0 collections in 0.000042 seconds (updated 0 objects)
[2018.09.27-17.05.14:511][918]LogEditorViewport: Clicking on Actor (LMB): StaticMeshActor (Floor)
[2018.09.27-17.05.19:226][416]LogSlate: FSceneViewport::OnFocusLost() reason 0
[2018.09.27-17.05.19:351][431]LogTemp: Repeating last play command: Selected Viewport
[2018.09.27-17.05.19:374][431]LogBlueprintUserMessages: Early PlayInEditor Detection: Level '/Game/TopDownBP/Maps/TopDownExampleMap.TopDownExampleMap:PersistentLevel' has LevelScriptBlueprint '/Game/TopDownBP/Maps/TopDownExampleMap.TopDownExampleMap:PersistentLevel.TopDownExampleMap' with GeneratedClass '/Game/TopDownBP/Maps/TopDownExampleMap.TopDownExampleMap_C' with ClassGeneratedBy '/Game/TopDownBP/Maps/TopDownExampleMap.TopDownExampleMap:PersistentLevel.TopDownExampleMap'
[2018.09.27-17.05.19:374][431]LogPlayLevel: PlayLevel: No blueprints needed recompiling
[2018.09.27-17.05.19:398][431]PIE: New page: PIE session: TopDownExampleMap (Sep 27, 2018, 9:05:19 PM)
[2018.09.27-17.05.19:399][431]LogPlayLevel: Creating play world package: /Game/TopDownBP/Maps/UEDPIE_0_TopDownExampleMap
[2018.09.27-17.05.19:442][431]LogPlayLevel: PIE: StaticDuplicateObject took: (0.043765s)
[2018.09.27-17.05.19:442][431]LogAIModule: Creating AISystem for world TopDownExampleMap
[2018.09.27-17.05.19:442][431]LogPlayLevel: PIE: World Init took: (0.000683s)
[2018.09.27-17.05.19:442][431]LogPlayLevel: PIE: Created PIE world by copying editor world from /Game/TopDownBP/Maps/TopDownExampleMap.TopDownExampleMap to /Game/TopDownBP/Maps/UEDPIE_0_TopDownExampleMap.TopDownExampleMap (0.044587s)
[2018.09.27-17.05.19:477][431]LogInit: XAudio2 using 'Speakers (Realtek High Definition Audio)' : 2 channels at 48 kHz using 32 bits per sample (channel mask 0x3)
[2018.09.27-17.05.19:490][431]LogInit: FAudioDevice initialized.
[2018.09.27-17.05.19:547][431]LogLoad: Game class is 'TopDownGameMode_C'
[2018.09.27-17.05.19:555][431]LogWorld: Bringing World /Game/TopDownBP/Maps/UEDPIE_0_TopDownExampleMap.TopDownExampleMap up for play (max tick rate 0) at 2018.09.27-19.05.19
[2018.09.27-17.05.19:587][431]LogWorld: Bringing up level for play took: 0.034273
[2018.09.27-17.05.19:618][431]LogContentBrowser: Native class hierarchy updated for 'MovieSceneCapture' in 0.0003 seconds. Added 10 classes and 0 folders.
[2018.09.27-17.05.19:676][431]PIE: Play in editor start time for /Game/TopDownBP/Maps/UEDPIE_0_TopDownExampleMap -0.231
[2018.09.27-17.05.19:676][431]LogBlueprintUserMessages: Late PlayInEditor Detection: Level '/Game/TopDownBP/Maps/TopDownExampleMap.TopDownExampleMap:PersistentLevel' has LevelScriptBlueprint '/Game/TopDownBP/Maps/TopDownExampleMap.TopDownExampleMap:PersistentLevel.TopDownExampleMap' with GeneratedClass '/Game/TopDownBP/Maps/TopDownExampleMap.TopDownExampleMap_C' with ClassGeneratedBy '/Game/TopDownBP/Maps/TopDownExampleMap.TopDownExampleMap:PersistentLevel.TopDownExampleMap'
[2018.09.27-17.06.25:564][283]LogSlate: FSceneViewport::OnFocusLost() reason 0
[2018.09.27-17.06.25:665][295]LogBlueprintUserMessages: Early EndPlayMap Detection: Level '/Game/TopDownBP/Maps/TopDownExampleMap.TopDownExampleMap:PersistentLevel' has LevelScriptBlueprint '/Game/TopDownBP/Maps/TopDownExampleMap.TopDownExampleMap:PersistentLevel.TopDownExampleMap' with GeneratedClass '/Game/TopDownBP/Maps/TopDownExampleMap.TopDownExampleMap_C' with ClassGeneratedBy '/Game/TopDownBP/Maps/TopDownExampleMap.TopDownExampleMap:PersistentLevel.TopDownExampleMap'
[2018.09.27-17.06.25:666][295]LogSlate: Updating window title bar state: overlay mode, drag disabled, window buttons hidden, title bar hidden
[2018.09.27-17.06.25:696][295]LogPlayLevel: Display: Shutting down PIE online subsystems
[2018.09.27-17.06.25:696][295]LogBlueprintUserMessages: Late EndPlayMap Detection: Level '/Game/TopDownBP/Maps/TopDownExampleMap.TopDownExampleMap:PersistentLevel' has LevelScriptBlueprint '/Game/TopDownBP/Maps/TopDownExampleMap.TopDownExampleMap:PersistentLevel.TopDownExampleMap' with GeneratedClass '/Game/TopDownBP/Maps/TopDownExampleMap.TopDownExampleMap_C' with ClassGeneratedBy '/Game/TopDownBP/Maps/TopDownExampleMap.TopDownExampleMap:PersistentLevel.TopDownExampleMap'
[2018.09.27-17.06.25:718][295]LogSlate: Updating window title bar state: overlay mode, drag disabled, window buttons hidden, title bar hidden
[2018.09.27-17.06.25:769][300]LogPlayLevel: Display: Destroying online subsystem :Context_3
[2018.09.27-17.06.38:497][802]LogTemp: Repeating last play command: Selected Viewport
[2018.09.27-17.06.38:515][802]LogBlueprintUserMessages: Early PlayInEditor Detection: Level '/Game/TopDownBP/Maps/TopDownExampleMap.TopDownExampleMap:PersistentLevel' has LevelScriptBlueprint '/Game/TopDownBP/Maps/TopDownExampleMap.TopDownExampleMap:PersistentLevel.TopDownExampleMap' with GeneratedClass '/Game/TopDownBP/Maps/TopDownExampleMap.TopDownExampleMap_C' with ClassGeneratedBy '/Game/TopDownBP/Maps/TopDownExampleMap.TopDownExampleMap:PersistentLevel.TopDownExampleMap'
[2018.09.27-17.06.38:515][802]LogPlayLevel: PlayLevel: No blueprints needed recompiling
[2018.09.27-17.06.38:515][802]PIE: New page: PIE session: TopDownExampleMap (Sep 27, 2018, 9:06:38 PM)
[2018.09.27-17.06.38:515][802]LogPlayLevel: Creating play world package: /Game/TopDownBP/Maps/UEDPIE_0_TopDownExampleMap
[2018.09.27-17.06.38:528][802]LogPlayLevel: PIE: StaticDuplicateObject took: (0.012555s)
[2018.09.27-17.06.38:529][802]LogAIModule: Creating AISystem for world TopDownExampleMap
[2018.09.27-17.06.38:529][802]LogPlayLevel: PIE: World Init took: (0.000653s)
[2018.09.27-17.06.38:529][802]LogPlayLevel: PIE: Created PIE world by copying editor world from /Game/TopDownBP/Maps/TopDownExampleMap.TopDownExampleMap to /Game/TopDownBP/Maps/UEDPIE_0_TopDownExampleMap.TopDownExampleMap (0.013328s)
[2018.09.27-17.06.38:556][802]LogInit: XAudio2 using 'Speakers (Realtek High Definition Audio)' : 2 channels at 48 kHz using 32 bits per sample (channel mask 0x3)
[2018.09.27-17.06.38:570][802]LogInit: FAudioDevice initialized.
[2018.09.27-17.06.38:599][802]LogLoad: Game class is 'TopDownGameMode_C'
[2018.09.27-17.06.38:602][802]LogWorld: Bringing World /Game/TopDownBP/Maps/UEDPIE_0_TopDownExampleMap.TopDownExampleMap up for play (max tick rate 0) at 2018.09.27-19.06.38
[2018.09.27-17.06.38:603][802]LogWorld: Bringing up level for play took: 0.002406
[2018.09.27-17.06.38:615][802]PIE: Play in editor start time for /Game/TopDownBP/Maps/UEDPIE_0_TopDownExampleMap 0.708
[2018.09.27-17.06.38:615][802]LogBlueprintUserMessages: Late PlayInEditor Detection: Level '/Game/TopDownBP/Maps/TopDownExampleMap.TopDownExampleMap:PersistentLevel' has LevelScriptBlueprint '/Game/TopDownBP/Maps/TopDownExampleMap.TopDownExampleMap:PersistentLevel.TopDownExampleMap' with GeneratedClass '/Game/TopDownBP/Maps/TopDownExampleMap.TopDownExampleMap_C' with ClassGeneratedBy '/Game/TopDownBP/Maps/TopDownExampleMap.TopDownExampleMap:PersistentLevel.TopDownExampleMap'
[2018.09.27-17.08.21:152][ 80]LogCharacterMovement: TopDownCharacter is stuck and failed to move! Velocity: X=0.00 Y=-502.94 Z=0.00 Location: X=-570.00 Y=-1750.00 Z=170.00 Normal: X=-0.00 Y=0.00 Z=1.00 PenetrationDepth:93.436 Actor:Floor Component:StaticMeshComponent0 BoneName:None (0 other events since notify)
[2018.09.27-17.08.46:196][ 76]LogSlate: FSceneViewport::OnFocusLost() reason 0
[2018.09.27-17.08.46:340][ 91]LogNet: Browse: /Game/TopDownBP/Maps/TopDownExampleMap
[2018.09.27-17.08.46:340][ 91]LogLoad: LoadMap: /Game/TopDownBP/Maps/TopDownExampleMap
[2018.09.27-17.08.46:374][ 91]LogPlayLevel: Creating play world package: /Game/TopDownBP/Maps/UEDPIE_0_TopDownExampleMap
[2018.09.27-17.08.46:387][ 91]LogPlayLevel: PIE: StaticDuplicateObject took: (0.013360s)
[2018.09.27-17.08.46:388][ 91]LogAIModule: Creating AISystem for world TopDownExampleMap
[2018.09.27-17.08.46:388][ 91]LogPlayLevel: PIE: World Init took: (0.000631s)
[2018.09.27-17.08.46:388][ 91]LogPlayLevel: PIE: Created PIE world by copying editor world from /Game/TopDownBP/Maps/TopDownExampleMap.TopDownExampleMap to /Game/TopDownBP/Maps/UEDPIE_0_TopDownExampleMap.TopDownExampleMap (0.014149s)
[2018.09.27-17.08.46:388][ 91]LogLoad: Game class is 'TopDownGameMode_C'
[2018.09.27-17.08.46:399][ 91]LogWorld: Bringing World /Game/TopDownBP/Maps/UEDPIE_0_TopDownExampleMap.TopDownExampleMap up for play (max tick rate 0) at 2018.09.27-19.08.46
[2018.09.27-17.08.46:400][ 91]LogWorld: Bringing up level for play took: 0.010996
[2018.09.27-17.08.46:402][ 91]LogLoad: Took 0.061602 seconds to LoadMap(/Game/TopDownBP/Maps/UEDPIE_0_TopDownExampleMap)
[2018.09.27-17.09.01:591][913]LogBlueprintUserMessages: Early EndPlayMap Detection: Level '/Game/TopDownBP/Maps/TopDownExampleMap.TopDownExampleMap:PersistentLevel' has LevelScriptBlueprint '/Game/TopDownBP/Maps/TopDownExampleMap.TopDownExampleMap:PersistentLevel.TopDownExampleMap' with GeneratedClass '/Game/TopDownBP/Maps/TopDownExampleMap.TopDownExampleMap_C' with ClassGeneratedBy '/Game/TopDownBP/Maps/TopDownExampleMap.TopDownExampleMap:PersistentLevel.TopDownExampleMap'
[2018.09.27-17.09.01:592][913]LogSlate: Updating window title bar state: overlay mode, drag disabled, window buttons hidden, title bar hidden
[2018.09.27-17.09.01:623][913]LogPlayLevel: Display: Shutting down PIE online subsystems
[2018.09.27-17.09.01:623][913]LogBlueprintUserMessages: Late EndPlayMap Detection: Level '/Game/TopDownBP/Maps/TopDownExampleMap.TopDownExampleMap:PersistentLevel' has LevelScriptBlueprint '/Game/TopDownBP/Maps/TopDownExampleMap.TopDownExampleMap:PersistentLevel.TopDownExampleMap' with GeneratedClass '/Game/TopDownBP/Maps/TopDownExampleMap.TopDownExampleMap_C' with ClassGeneratedBy '/Game/TopDownBP/Maps/TopDownExampleMap.TopDownExampleMap:PersistentLevel.TopDownExampleMap'
[2018.09.27-17.09.01:645][913]LogSlate: Updating window title bar state: overlay mode, drag disabled, window buttons hidden, title bar hidden
[2018.09.27-17.09.01:696][919]LogPlayLevel: Display: Destroying online subsystem :Context_4
[2018.09.27-17.09.07:252][564]LogEditorViewport: Clicking on Actor (LMB): Vanquisher_Light_C (Vanquisher_Light)
[2018.09.27-17.09.13:257][271]LogSlate: FSceneViewport::OnFocusLost() reason 0
[2018.09.27-17.09.13:665][283]LogSavePackage: Moving 'C:/Users/Thomas Derwig/Documents/University/Year 3/Design for games and play 1/Shadow_Game/GameFiles/Saved/TopDownExampleMapB5867DAD41DCB5A3FD3921BDC50AFF9C.tmp' to 'C:/Users/Thomas Derwig/Documents/University/Year 3/Design for games and play 1/Shadow_Game/GameFiles/Content/TopDownBP/Maps/TopDownExampleMap.umap'
[2018.09.27-17.09.13:829][283]LogSavePackage: Moving 'C:/Users/Thomas Derwig/Documents/University/Year 3/Design for games and play 1/Shadow_Game/GameFiles/Saved/TopDownExampleMap_BuiltData8C71E395401E5C67375A7A9BF23F84AC.tmp' to 'C:/Users/Thomas Derwig/Documents/University/Year 3/Design for games and play 1/Shadow_Game/GameFiles/Content/TopDownBP/Maps/TopDownExampleMap_BuiltData.uasset'
[2018.09.27-17.09.27:522][915]LogTemp: Repeating last play command: Selected Viewport
[2018.09.27-17.09.27:541][915]LogBlueprintUserMessages: Early PlayInEditor Detection: Level '/Game/TopDownBP/Maps/TopDownExampleMap.TopDownExampleMap:PersistentLevel' has LevelScriptBlueprint '/Game/TopDownBP/Maps/TopDownExampleMap.TopDownExampleMap:PersistentLevel.TopDownExampleMap' with GeneratedClass '/Game/TopDownBP/Maps/TopDownExampleMap.TopDownExampleMap_C' with ClassGeneratedBy '/Game/TopDownBP/Maps/TopDownExampleMap.TopDownExampleMap:PersistentLevel.TopDownExampleMap'
[2018.09.27-17.09.27:541][915]LogPlayLevel: PlayLevel: No blueprints needed recompiling
[2018.09.27-17.09.27:541][915]PIE: New page: PIE session: TopDownExampleMap (Sep 27, 2018, 9:09:27 PM)
[2018.09.27-17.09.27:541][915]LogPlayLevel: Creating play world package: /Game/TopDownBP/Maps/UEDPIE_0_TopDownExampleMap
[2018.09.27-17.09.27:554][915]LogPlayLevel: PIE: StaticDuplicateObject took: (0.012487s)
[2018.09.27-17.09.27:555][915]LogAIModule: Creating AISystem for world TopDownExampleMap
[2018.09.27-17.09.27:555][915]LogPlayLevel: PIE: World Init took: (0.000639s)
[2018.09.27-17.09.27:555][915]LogPlayLevel: PIE: Created PIE world by copying editor world from /Game/TopDownBP/Maps/TopDownExampleMap.TopDownExampleMap to /Game/TopDownBP/Maps/UEDPIE_0_TopDownExampleMap.TopDownExampleMap (0.013267s)
[2018.09.27-17.09.27:583][915]LogInit: XAudio2 using 'Speakers (Realtek High Definition Audio)' : 2 channels at 48 kHz using 32 bits per sample (channel mask 0x3)
[2018.09.27-17.09.27:597][915]LogInit: FAudioDevice initialized.
[2018.09.27-17.09.27:631][915]LogLoad: Game class is 'TopDownGameMode_C'
[2018.09.27-17.09.27:642][915]LogWorld: Bringing World /Game/TopDownBP/Maps/UEDPIE_0_TopDownExampleMap.TopDownExampleMap up for play (max tick rate 0) at 2018.09.27-19.09.27
[2018.09.27-17.09.27:644][915]LogWorld: Bringing up level for play took: 0.010036
[2018.09.27-17.09.27:661][915]PIE: Play in editor start time for /Game/TopDownBP/Maps/UEDPIE_0_TopDownExampleMap -0.245
[2018.09.27-17.09.27:661][915]LogBlueprintUserMessages: Late PlayInEditor Detection: Level '/Game/TopDownBP/Maps/TopDownExampleMap.TopDownExampleMap:PersistentLevel' has LevelScriptBlueprint '/Game/TopDownBP/Maps/TopDownExampleMap.TopDownExampleMap:PersistentLevel.TopDownExampleMap' with GeneratedClass '/Game/TopDownBP/Maps/TopDownExampleMap.TopDownExampleMap_C' with ClassGeneratedBy '/Game/TopDownBP/Maps/TopDownExampleMap.TopDownExampleMap:PersistentLevel.TopDownExampleMap'
[2018.09.27-17.10.20:277][213]LogCharacterMovement: TopDownCharacter is stuck and failed to move! Velocity: X=186.73 Y=-486.72 Z=0.00 Location: X=-570.00 Y=-1750.00 Z=170.00 Normal: X=-0.00 Y=0.00 Z=1.00 PenetrationDepth:93.436 Actor:Floor Component:StaticMeshComponent0 BoneName:None (0 other events since notify)
[2018.09.27-17.10.45:934][287]LogSlate: FSceneViewport::OnFocusLost() reason 0
[2018.09.27-17.10.46:040][298]LogNet: Browse: /Game/TopDownBP/Maps/TopDownExampleMap
[2018.09.27-17.10.46:040][298]LogLoad: LoadMap: /Game/TopDownBP/Maps/TopDownExampleMap
[2018.09.27-17.10.46:063][298]LogPlayLevel: Creating play world package: /Game/TopDownBP/Maps/UEDPIE_0_TopDownExampleMap
[2018.09.27-17.10.46:076][298]LogPlayLevel: PIE: StaticDuplicateObject took: (0.012735s)
[2018.09.27-17.10.46:076][298]LogAIModule: Creating AISystem for world TopDownExampleMap
[2018.09.27-17.10.46:077][298]LogPlayLevel: PIE: World Init took: (0.000678s)
[2018.09.27-17.10.46:077][298]LogPlayLevel: PIE: Created PIE world by copying editor world from /Game/TopDownBP/Maps/TopDownExampleMap.TopDownExampleMap to /Game/TopDownBP/Maps/UEDPIE_0_TopDownExampleMap.TopDownExampleMap (0.013667s)
[2018.09.27-17.10.46:077][298]LogLoad: Game class is 'TopDownGameMode_C'
[2018.09.27-17.10.46:088][298]LogWorld: Bringing World /Game/TopDownBP/Maps/UEDPIE_0_TopDownExampleMap.TopDownExampleMap up for play (max tick rate 0) at 2018.09.27-19.10.46
[2018.09.27-17.10.46:088][298]LogWorld: Bringing up level for play took: 0.010845
[2018.09.27-17.10.46:090][298]LogLoad: Took 0.049127 seconds to LoadMap(/Game/TopDownBP/Maps/UEDPIE_0_TopDownExampleMap)
[2018.09.27-17.12.11:779][ 16]LogBlueprintUserMessages: Early EndPlayMap Detection: Level '/Game/TopDownBP/Maps/TopDownExampleMap.TopDownExampleMap:PersistentLevel' has LevelScriptBlueprint '/Game/TopDownBP/Maps/TopDownExampleMap.TopDownExampleMap:PersistentLevel.TopDownExampleMap' with GeneratedClass '/Game/TopDownBP/Maps/TopDownExampleMap.TopDownExampleMap_C' with ClassGeneratedBy '/Game/TopDownBP/Maps/TopDownExampleMap.TopDownExampleMap:PersistentLevel.TopDownExampleMap'
[2018.09.27-17.12.11:779][ 16]LogSlate: Updating window title bar state: overlay mode, drag disabled, window buttons hidden, title bar hidden
[2018.09.27-17.12.11:813][ 16]LogPlayLevel: Display: Shutting down PIE online subsystems
[2018.09.27-17.12.11:814][ 16]LogBlueprintUserMessages: Late EndPlayMap Detection: Level '/Game/TopDownBP/Maps/TopDownExampleMap.TopDownExampleMap:PersistentLevel' has LevelScriptBlueprint '/Game/TopDownBP/Maps/TopDownExampleMap.TopDownExampleMap:PersistentLevel.TopDownExampleMap' with GeneratedClass '/Game/TopDownBP/Maps/TopDownExampleMap.TopDownExampleMap_C' with ClassGeneratedBy '/Game/TopDownBP/Maps/TopDownExampleMap.TopDownExampleMap:PersistentLevel.TopDownExampleMap'
[2018.09.27-17.12.11:836][ 16]LogSlate: Updating window title bar state: overlay mode, drag disabled, window buttons hidden, title bar hidden
[2018.09.27-17.12.11:880][ 21]LogPlayLevel: Display: Destroying online subsystem :Context_5
[2018.09.27-17.13.27:756][432]LogSlate: Window 'GameFiles - Unreal Editor' being destroyed
[2018.09.27-17.13.27:952][433]Cmd: QUIT_EDITOR
[2018.09.27-17.13.28:906][433]LogWindowsTextInputMethodSystem: Display: IME system now deactivated.
[2018.09.27-17.13.28:926][433]LogExit: Preparing to exit.
[2018.09.27-17.13.30:043][433]LogExit: Editor shut down
[2018.09.27-17.13.30:043][433]LogExit: Transaction tracking system shut down
[2018.09.27-17.13.30:557][433]LogExit: Object subsystem successfully closed.
[2018.09.27-17.13.30:575][433]LogShaderCompilers: Display: Shaders left to compile 0
[2018.09.27-17.13.30:581][433]LogD3D11RHI: Shutdown
[2018.09.27-17.13.30:582][433]LogD3D11RHI: CleanupD3DDevice
[2018.09.27-17.13.30:584][433]LogD3D11RHI: ~FD3D11DynamicRHI
[2018.09.27-17.13.30:595][433]LogModuleManager: Shutting down and abandoning module MovieSceneCapture (614)
[2018.09.27-17.13.30:595][433]LogModuleManager: Shutting down and abandoning module Voice (612)
[2018.09.27-17.13.30:595][433]LogModuleManager: Shutting down and abandoning module HierarchicalLODOutliner (610)
[2018.09.27-17.13.30:595][433]LogModuleManager: Shutting down and abandoning module SceneOutliner (608)
[2018.09.27-17.13.30:595][433]LogModuleManager: Shutting down and abandoning module AddContentDialog (606)
[2018.09.27-17.13.30:595][433]LogModuleManager: Shutting down and abandoning module WidgetCarousel (605)
[2018.09.27-17.13.30:595][433]LogModuleManager: Shutting down and abandoning module EditorWidgets (602)
[2018.09.27-17.13.30:595][433]LogModuleManager: Shutting down and abandoning module CollectionManager (600)
[2018.09.27-17.13.30:595][433]LogModuleManager: Shutting down and abandoning module StatsViewer (598)
[2018.09.27-17.13.30:595][433]LogModuleManager: Shutting down and abandoning module FoliageEdit (596)
[2018.09.27-17.13.30:595][433]LogModuleManager: Shutting down and abandoning module LandscapeEditor (594)
[2018.09.27-17.13.30:596][433]LogModuleManager: Shutting down and abandoning module MeshPaintMode (592)
[2018.09.27-17.13.30:596][433]LogModuleManager: Shutting down and abandoning module SceneDepthPickerMode (590)
[2018.09.27-17.13.30:596][433]LogModuleManager: Shutting down and abandoning module ActorPickerMode (588)
[2018.09.27-17.13.30:596][433]LogModuleManager: Shutting down and abandoning module GeometryMode (586)
[2018.09.27-17.13.30:596][433]LogModuleManager: Shutting down and abandoning module TextureAlignMode (584)
[2018.09.27-17.13.30:596][433]LogModuleManager: Shutting down and abandoning module BspMode (582)
[2018.09.27-17.13.30:596][433]LogModuleManager: Shutting down and abandoning module PIEPreviewDeviceProfileSelector (580)
[2018.09.27-17.13.30:596][433]LogModuleManager: Shutting down and abandoning module SequenceRecorderSections (578)
[2018.09.27-17.13.30:596][433]LogModuleManager: Shutting down and abandoning module AutomationWorker (576)
[2018.09.27-17.13.30:596][433]LogModuleManager: Shutting down and abandoning module AudioCaptureEditor (574)
[2018.09.27-17.13.30:596][433]LogModuleManager: Shutting down and abandoning module SequenceRecorder (573)
[2018.09.27-17.13.30:596][433]LogModuleManager: Shutting down and abandoning module MatineeToLevelSequence (570)
[2018.09.27-17.13.30:596][433]LogModuleManager: Shutting down and abandoning module LevelSequenceEditor (568)
[2018.09.27-17.13.30:596][433]LogModuleManager: Shutting down and abandoning module PlacementMode (567)
[2018.09.27-17.13.30:596][433]LogModuleManager: Shutting down and abandoning module MaterialEditor (566)
[2018.09.27-17.13.30:596][433]LogModuleManager: Shutting down and abandoning module WmfMediaFactory (562)
[2018.09.27-17.13.30:596][433]LogModuleManager: Shutting down and abandoning module WmfMediaEditor (560)
[2018.09.27-17.13.30:596][433]LogModuleManager: Shutting down and abandoning module MediaPlayerEditor (558)
[2018.09.27-17.13.30:596][433]LogModuleManager: Shutting down and abandoning module OpenExrWrapper (556)
[2018.09.27-17.13.30:596][433]LogModuleManager: Shutting down and abandoning module ImgMediaFactory (554)
[2018.09.27-17.13.30:596][433]LogModuleManager: Shutting down and abandoning module ImgMediaEditor (552)
[2018.09.27-17.13.30:596][433]LogModuleManager: Shutting down and abandoning module AvfMediaFactory (550)
[2018.09.27-17.13.30:596][433]LogModuleManager: Shutting down and abandoning module AvfMediaEditor (548)
[2018.09.27-17.13.30:596][433]LogModuleManager: Shutting down and abandoning module AndroidMediaFactory (546)
[2018.09.27-17.13.30:596][433]LogModuleManager: Shutting down and abandoning module AndroidMediaEditor (544)
[2018.09.27-17.13.30:596][433]LogModuleManager: Shutting down and abandoning module MagicLeapCameraPreviewFactory (542)
[2018.09.27-17.13.30:596][433]LogModuleManager: Shutting down and abandoning module MagicLeapMediaFactory (540)
[2018.09.27-17.13.30:596][433]LogModuleManager: Shutting down and abandoning module MagicLeapMediaEditor (538)
[2018.09.27-17.13.30:596][433]LogModuleManager: Shutting down and abandoning module CharacterAI (536)
[2018.09.27-17.13.30:596][433]LogModuleManager: Shutting down and abandoning module SmartSnapping (534)
[2018.09.27-17.13.30:596][433]LogModuleManager: Shutting down and abandoning module SessionServices (532)
[2018.09.27-17.13.30:596][433]LogModuleManager: Shutting down and abandoning module ViewportSnapping (530)
[2018.09.27-17.13.30:596][433]LogModuleManager: Shutting down and abandoning module ViewportInteraction (528)
[2018.09.27-17.13.30:596][433]LogModuleManager: Shutting down and abandoning module ClothPainter (526)
[2018.09.27-17.13.30:596][433]LogModuleManager: Shutting down and abandoning module SkeletalMeshEditor (525)
[2018.09.27-17.13.30:596][433]LogModuleManager: Shutting down and abandoning module LogVisualizer (522)
[2018.09.27-17.13.30:596][433]LogModuleManager: Shutting down and abandoning module IntroTutorials (520)
[2018.09.27-17.13.30:596][433]LogModuleManager: Shutting down and abandoning module GameProjectGeneration (519)
[2018.09.27-17.13.30:596][433]LogModuleManager: Shutting down and abandoning module LuminPlatformEditor (516)
[2018.09.27-17.13.30:596][433]LogModuleManager: Shutting down and abandoning module IOSPlatformEditor (514)
[2018.09.27-17.13.30:596][433]LogModuleManager: Shutting down and abandoning module HTML5PlatformEditor (512)
[2018.09.27-17.13.30:596][433]LogModuleManager: Shutting down and abandoning module AndroidPlatformEditor (510)
[2018.09.27-17.13.30:596][433]LogModuleManager: Shutting down and abandoning module AndroidDeviceDetection (509)
[2018.09.27-17.13.32:001][433]LogModuleManager: Shutting down and abandoning module WindowsPlatformEditor (506)
[2018.09.27-17.13.32:001][433]LogModuleManager: Shutting down and abandoning module LuminRuntimeSettings (504)
[2018.09.27-17.13.32:001][433]LogModuleManager: Shutting down and abandoning module IOSRuntimeSettings (502)
[2018.09.27-17.13.32:001][433]LogModuleManager: Shutting down and abandoning module AndroidRuntimeSettings (500)
[2018.09.27-17.13.32:001][433]LogModuleManager: Shutting down and abandoning module InputBindingEditor (498)
[2018.09.27-17.13.32:001][433]LogModuleManager: Shutting down and abandoning module MergeActors (496)
[2018.09.27-17.13.32:001][433]LogModuleManager: Shutting down and abandoning module LocalizationDashboard (494)
[2018.09.27-17.13.32:001][433]LogModuleManager: Shutting down and abandoning module LocalizationService (493)
[2018.09.27-17.13.32:001][433]LogModuleManager: Shutting down and abandoning module HardwareTargeting (490)
[2018.09.27-17.13.32:001][433]LogModuleManager: Shutting down and abandoning module DeviceProfileEditor (488)
[2018.09.27-17.13.32:001][433]LogModuleManager: Shutting down and abandoning module UndoHistory (486)
[2018.09.27-17.13.32:001][433]LogModuleManager: Shutting down and abandoning module XmlParser (484)
[2018.09.27-17.13.32:001][433]LogModuleManager: Shutting down and abandoning module Blutility (482)
[2018.09.27-17.13.32:002][433]LogModuleManager: Shutting down and abandoning module ProjectSettingsViewer (480)
[2018.09.27-17.13.32:002][433]LogModuleManager: Shutting down and abandoning module ProjectTargetPlatformEditor (479)
[2018.09.27-17.13.32:002][433]LogModuleManager: Shutting down and abandoning module EditorSettingsViewer (476)
[2018.09.27-17.13.32:002][433]LogModuleManager: Shutting down and abandoning module SettingsEditor (474)
[2018.09.27-17.13.32:002][433]LogModuleManager: Shutting down and abandoning module ProjectLauncher (472)
[2018.09.27-17.13.32:002][433]LogModuleManager: Shutting down and abandoning module SessionFrontend (470)
[2018.09.27-17.13.32:002][433]LogModuleManager: Shutting down and abandoning module ProfilerClient (468)
[2018.09.27-17.13.32:002][433]LogModuleManager: Shutting down and abandoning module DeviceManager (466)
[2018.09.27-17.13.32:002][433]LogModuleManager: Shutting down and abandoning module TargetDeviceServices (465)
[2018.09.27-17.13.32:057][433]LogModuleManager: Shutting down and abandoning module AutomationController (462)
[2018.09.27-17.13.32:057][433]LogModuleManager: Shutting down and abandoning module AutomationWindow (460)
[2018.09.27-17.13.32:057][433]LogModuleManager: Shutting down and abandoning module Layers (458)
[2018.09.27-17.13.32:057][433]LogModuleManager: Shutting down and abandoning module ComponentVisualizers (456)
[2018.09.27-17.13.32:057][433]LogModuleManager: Shutting down and abandoning module DetailCustomizations (454)
[2018.09.27-17.13.32:057][433]LogModuleManager: Shutting down and abandoning module PackagesDialog (452)
[2018.09.27-17.13.32:057][433]LogModuleManager: Shutting down and abandoning module Persona (450)
[2018.09.27-17.13.32:057][433]LogModuleManager: Shutting down and abandoning module AdvancedPreviewScene (449)
[2018.09.27-17.13.32:057][433]LogModuleManager: Shutting down and abandoning module AnimGraph (447)
[2018.09.27-17.13.32:057][433]LogModuleManager: Shutting down and abandoning module Kismet (444)
[2018.09.27-17.13.32:057][433]LogModuleManager: Shutting down and abandoning module GraphEditor (442)
[2018.09.27-17.13.32:057][433]LogModuleManager: Shutting down and abandoning module ClassViewer (440)
[2018.09.27-17.13.32:057][433]LogModuleManager: Shutting down and abandoning module Toolbox (438)
[2018.09.27-17.13.32:057][433]LogModuleManager: Shutting down and abandoning module ModuleUI (436)
[2018.09.27-17.13.32:058][433]LogModuleManager: Shutting down and abandoning module MovieSceneTools (434)
[2018.09.27-17.13.32:058][433]LogModuleManager: Shutting down and abandoning module OutputLog (432)
[2018.09.27-17.13.32:058][433]LogModuleManager: Shutting down and abandoning module GammaUI (430)
[2018.09.27-17.13.32:058][433]LogModuleManager: Shutting down and abandoning module Documentation (428)
[2018.09.27-17.13.32:058][433]LogModuleManager: Shutting down and abandoning module MovieSceneTracks (426)
[2018.09.27-17.13.32:058][433]LogModuleManager: Shutting down and abandoning module MovieScene (424)
[2018.09.27-17.13.32:058][433]LogModuleManager: Shutting down and abandoning module StreamingPauseRendering (422)
[2018.09.27-17.13.32:058][433]LogModuleManager: Shutting down and abandoning module LauncherPlatform (420)
[2018.09.27-17.13.32:058][433]LogModuleManager: Shutting down and abandoning module AnalyticsET (418)
[2018.09.27-17.13.32:058][433]LogModuleManager: Shutting down and abandoning module PortalServices (416)
[2018.09.27-17.13.32:058][433]LogModuleManager: Shutting down and abandoning module PortalRpc (414)
[2018.09.27-17.13.32:058][433]LogModuleManager: Shutting down and abandoning module MessagingRpc (412)
[2018.09.27-17.13.32:058][433]LogModuleManager: Shutting down and abandoning module AIModule (410)
[2018.09.27-17.13.32:058][433]LogModuleManager: Shutting down and abandoning module GameplayDebugger (409)
[2018.09.27-17.13.32:058][433]LogModuleManager: Shutting down and abandoning module AITestSuite (407)
[2018.09.27-17.13.32:058][433]LogModuleManager: Shutting down and abandoning module NavigationSystem (405)
[2018.09.27-17.13.32:058][433]LogModuleManager: Shutting down and abandoning module DesktopPlatform (402)
[2018.09.27-17.13.32:058][433]LogModuleManager: Shutting down and abandoning module ProfilerService (400)
[2018.09.27-17.13.32:117][433]LogModuleManager: Shutting down and abandoning module TaskGraph (398)
[2018.09.27-17.13.32:117][433]LogModuleManager: Shutting down and abandoning module SteamVRController (396)
[2018.09.27-17.13.32:117][433]LogModuleManager: Shutting down and abandoning module ProceduralMeshComponentEditor (394)
[2018.09.27-17.13.32:117][433]LogModuleManager: Shutting down and abandoning module ProceduralMeshComponent (392)
[2018.09.27-17.13.32:117][433]LogModuleManager: Shutting down and abandoning module OculusInput (390)
[2018.09.27-17.13.32:117][433]LogModuleManager: Shutting down and abandoning module MobilePatchingUtils (388)
[2018.09.27-17.13.32:117][433]LogModuleManager: Shutting down and abandoning module EditableMesh (386)
[2018.09.27-17.13.32:117][433]LogModuleManager: Shutting down and abandoning module CustomMeshComponent (384)
[2018.09.27-17.13.32:117][433]LogModuleManager: Shutting down and abandoning module CableComponent (382)
[2018.09.27-17.13.32:117][433]LogModuleManager: Shutting down and abandoning module AudioCapture (380)
[2018.09.27-17.13.32:117][433]LogModuleManager: Shutting down and abandoning module ArchVisCharacter (378)
[2018.09.27-17.13.32:117][433]LogModuleManager: Shutting down and abandoning module AndroidPermission (376)
[2018.09.27-17.13.32:117][433]LogModuleManager: Shutting down and abandoning module NUTUnrealEngine4 (374)
[2018.09.27-17.13.32:117][433]LogModuleManager: Shutting down and abandoning module NetcodeUnitTest (372)
[2018.09.27-17.13.32:117][433]LogModuleManager: Shutting down and abandoning module MediaCompositingEditor (370)
[2018.09.27-17.13.32:117][433]LogModuleManager: Shutting down and abandoning module MediaCompositing (368)
[2018.09.27-17.13.32:117][433]LogModuleManager: Shutting down and abandoning module LinearTimecode (366)
[2018.09.27-17.13.32:117][433]LogModuleManager: Shutting down and abandoning module ImgMedia (364)
[2018.09.27-17.13.32:119][433]LogModuleManager: Shutting down and abandoning module HTML5Networking (362)
[2018.09.27-17.13.32:119][433]LogModuleManager: Shutting down and abandoning module GeometryCacheTracks (360)
[2018.09.27-17.13.32:119][433]LogModuleManager: Shutting down and abandoning module GeometryCacheSequencer (358)
[2018.09.27-17.13.32:119][433]LogModuleManager: Shutting down and abandoning module BackChannel (356)
[2018.09.27-17.13.32:119][433]LogModuleManager: Shutting down and abandoning module AppleVision (354)
[2018.09.27-17.13.32:119][433]LogModuleManager: Shutting down and abandoning module AppleImageUtils (352)
[2018.09.27-17.13.32:119][433]LogModuleManager: Shutting down and abandoning module AlembicImporter (350)
[2018.09.27-17.13.32:119][433]LogModuleManager: Shutting down and abandoning module AlembicLibrary (349)
[2018.09.27-17.13.32:119][433]LogModuleManager: Shutting down and abandoning module GeometryCache (348)
[2018.09.27-17.13.32:119][433]LogModuleManager: Shutting down and abandoning module GeometryCacheEd (347)
[2018.09.27-17.13.32:119][433]LogModuleManager: Shutting down and abandoning module DatasmithContentEditor (342)
[2018.09.27-17.13.32:119][433]LogModuleManager: Shutting down and abandoning module DatasmithContent (340)
[2018.09.27-17.13.32:120][433]LogModuleManager: Shutting down and abandoning module SpeedTreeImporter (338)
[2018.09.27-17.13.32:120][433]LogModuleManager: Shutting down and abandoning module PluginBrowser (336)
[2018.09.27-17.13.32:120][433]LogModuleManager: Shutting down and abandoning module MobileLauncherProfileWizard (334)
[2018.09.27-17.13.32:120][433]LogModuleManager: Shutting down and abandoning module PolygonModeling (332)
[2018.09.27-17.13.32:120][433]LogModuleManager: Shutting down and abandoning module MeshEditor (330)
[2018.09.27-17.13.32:120][433]LogModuleManager: Shutting down and abandoning module CryptoKeysOpenSSL (328)
[2018.09.27-17.13.32:120][433]LogModuleManager: Shutting down and abandoning module CryptoKeys (326)
[2018.09.27-17.13.32:120][433]LogModuleManager: Shutting down and abandoning module VisualStudioSourceCodeAccess (324)
[2018.09.27-17.13.32:120][433]LogModuleManager: Shutting down and abandoning module VisualStudioCodeSourceCodeAccess (322)
[2018.09.27-17.13.32:120][433]LogModuleManager: Shutting down and abandoning module UObjectPlugin (320)
[2018.09.27-17.13.32:120][433]LogModuleManager: Shutting down and abandoning module SubversionSourceControl (318)
[2018.09.27-17.13.32:120][433]LogModuleManager: Shutting down and abandoning module PerforceSourceControl (316)
[2018.09.27-17.13.32:120][433]LogModuleManager: Shutting down and abandoning module GitSourceControl (314)
[2018.09.27-17.13.32:120][433]LogModuleManager: Shutting down and abandoning module SourceControl (313)
[2018.09.27-17.13.32:120][433]LogModuleManager: Shutting down and abandoning module CLionSourceCodeAccess (310)
[2018.09.27-17.13.32:120][433]LogModuleManager: Shutting down and abandoning module LightPropagationVolumeEditor (308)
[2018.09.27-17.13.32:120][433]LogModuleManager: Shutting down and abandoning module PaperTiledImporter (306)
[2018.09.27-17.13.32:120][433]LogModuleManager: Shutting down and abandoning module PaperSpriteSheetImporter (304)
[2018.09.27-17.13.32:120][433]LogModuleManager: Shutting down and abandoning module Paper2DEditor (302)
[2018.09.27-17.13.32:120][433]LogModuleManager: Shutting down and abandoning module MeshPaint (301)
[2018.09.27-17.13.32:120][433]LogModuleManager: Shutting down and abandoning module RuntimePhysXCooking (298)
[2018.09.27-17.13.32:120][433]LogModuleManager: Shutting down and abandoning module PhysXVehiclesEditor (296)
[2018.09.27-17.13.32:120][433]LogModuleManager: Shutting down and abandoning module PhysXVehicles (294)
[2018.09.27-17.13.32:120][433]LogModuleManager: Shutting down and abandoning module OculusEditor (292)
[2018.09.27-17.13.32:120][433]LogModuleManager: Shutting down and abandoning module LocationServicesBPLibrary (290)
[2018.09.27-17.13.32:120][433]LogModuleManager: Shutting down and abandoning module ImmediatePhysicsEditor (288)
[2018.09.27-17.13.32:120][433]LogModuleManager: Shutting down and abandoning module ImmediatePhysics (286)
[2018.09.27-17.13.32:120][433]LogModuleManager: Shutting down and abandoning module ActorSequence (284)
[2018.09.27-17.13.32:120][433]LogModuleManager: Shutting down and abandoning module UdpMessaging (282)
[2018.09.27-17.13.32:222][433]LogModuleManager: Shutting down and abandoning module TcpMessaging (280)
[2018.09.27-17.13.32:323][433]LogModuleManager: Shutting down and abandoning module MagicLeapAudio (278)
[2018.09.27-17.13.32:323][433]LogModuleManager: Shutting down and abandoning module GameplayTagsEditor (276)
[2018.09.27-17.13.32:323][433]LogModuleManager: Shutting down and abandoning module FacialAnimationEditor (274)
[2018.09.27-17.13.32:323][433]LogModuleManager: Shutting down and abandoning module FacialAnimation (272)
[2018.09.27-17.13.32:323][433]LogModuleManager: Shutting down and abandoning module DataValidation (270)
[2018.09.27-17.13.32:323][433]LogModuleManager: Shutting down and abandoning module AssetManagerEditor (268)
[2018.09.27-17.13.32:323][433]LogModuleManager: Shutting down and abandoning module LevelEditor (267)
[2018.09.27-17.13.32:323][433]LogModuleManager: Shutting down and abandoning module PixelInspectorModule (266)
[2018.09.27-17.13.32:323][433]LogModuleManager: Shutting down and abandoning module CommonMenuExtensions (264)
[2018.09.27-17.13.32:324][433]LogModuleManager: Shutting down and abandoning module MainFrame (262)
[2018.09.27-17.13.32:324][433]LogModuleManager: Shutting down and abandoning module HotReload (261)
[2018.09.27-17.13.32:324][433]LogModuleManager: Shutting down and abandoning module ContentBrowser (257)
[2018.09.27-17.13.32:325][433]LogModuleManager: Shutting down and abandoning module TreeMap (255)
[2018.09.27-17.13.32:325][433]LogModuleManager: Shutting down and abandoning module LightPropagationVolumeRuntime (252)
[2018.09.27-17.13.32:325][433]LogModuleManager: Shutting down and abandoning module AISupportModule (250)
[2018.09.27-17.13.32:325][433]LogModuleManager: Shutting down and abandoning module Paper2D (248)
[2018.09.27-17.13.32:325][433]LogModuleManager: Shutting down and abandoning module WindowsMoviePlayer (246)
[2018.09.27-17.13.32:325][433]LogModuleManager: Shutting down and abandoning module WmfMedia (244)
[2018.09.27-17.13.32:326][433]LogModuleManager: Shutting down and abandoning module Media (243)
[2018.09.27-17.13.32:332][433]LogModuleManager: Shutting down and abandoning module PacketHandler (240)
[2018.09.27-17.13.32:332][433]LogModuleManager: Shutting down and abandoning module ClothingSystemEditor (238)
[2018.09.27-17.13.32:332][433]LogModuleManager: Shutting down and abandoning module ClothingSystemRuntime (236)
[2018.09.27-17.13.32:332][433]LogModuleManager: Shutting down and abandoning module MediaAssets (234)
[2018.09.27-17.13.32:332][433]LogModuleManager: Shutting down and abandoning module Overlay (232)
[2018.09.27-17.13.32:332][433]LogModuleManager: Shutting down and abandoning module OverlayEditor (231)
[2018.09.27-17.13.32:332][433]LogModuleManager: Shutting down and abandoning module VREditor (228)
[2018.09.27-17.13.32:332][433]LogModuleManager: Shutting down and abandoning module StringTableEditor (226)
[2018.09.27-17.13.32:332][433]LogModuleManager: Shutting down and abandoning module GameplayTasksEditor (224)
[2018.09.27-17.13.32:332][433]LogModuleManager: Shutting down and abandoning module BehaviorTreeEditor (222)
[2018.09.27-17.13.32:332][433]LogModuleManager: Shutting down and abandoning module FunctionalTesting (220)
[2018.09.27-17.13.32:332][433]LogModuleManager: Shutting down and abandoning module CollisionAnalyzer (218)
[2018.09.27-17.13.32:332][433]LogModuleManager: Shutting down and abandoning module WorkspaceMenuStructure (217)
[2018.09.27-17.13.32:332][433]LogModuleManager: Shutting down and abandoning module UMG (214)
[2018.09.27-17.13.32:332][433]LogModuleManager: Shutting down and abandoning module UMGEditor (213)
[2018.09.27-17.13.32:332][433]LogModuleManager: Shutting down and abandoning module Sequencer (212)
[2018.09.27-17.13.32:332][433]LogModuleManager: Shutting down and abandoning module MessageLog (209)
[2018.09.27-17.13.32:332][433]LogModuleManager: Shutting down and abandoning module SlateReflector (204)
[2018.09.27-17.13.32:332][433]LogModuleManager: Shutting down and abandoning module Slate (202)
[2018.09.27-17.13.32:334][433]LogModuleManager: Shutting down and abandoning module EditorStyle (200)
[2018.09.27-17.13.32:335][433]LogModuleManager: Shutting down and abandoning module MRMesh (198)
[2018.09.27-17.13.32:335][433]LogModuleManager: Shutting down and abandoning module SourceCodeAccess (196)
[2018.09.27-17.13.32:335][433]LogModuleManager: Shutting down and abandoning module HeadMountedDisplay (194)
[2018.09.27-17.13.32:335][433]LogModuleManager: Shutting down and abandoning module XAudio2 (192)
[2018.09.27-17.13.32:335][433]LogModuleManager: Shutting down and abandoning module Networking (190)
[2018.09.27-17.13.32:335][433]LogModuleManager: Shutting down and abandoning module Core (188)
[2018.09.27-17.13.32:335][433]LogModuleManager: Shutting down and abandoning module LevelSequence (186)
[2018.09.27-17.13.32:335][433]LogModuleManager: Shutting down and abandoning module KismetCompiler (184)
[2018.09.27-17.13.32:335][433]LogModuleManager: Shutting down and abandoning module MeshUtilities (182)
[2018.09.27-17.13.32:335][433]LogModuleManager: Shutting down and abandoning module MeshMergeUtilities (181)
[2018.09.27-17.13.32:335][433]LogModuleManager: Shutting down and abandoning module MeshReductionInterface (180)
[2018.09.27-17.13.32:335][433]LogModuleManager: Shutting down and abandoning module SimplygonSwarm (179)
[2018.09.27-17.13.32:335][433]LogModuleManager: Shutting down and abandoning module ProxyLODMeshReduction (177)
[2018.09.27-17.13.32:335][433]LogModuleManager: Shutting down and abandoning module SimplygonMeshReduction (175)
[2018.09.27-17.13.32:335][433]LogModuleManager: Shutting down and abandoning module QuadricMeshReduction (173)
[2018.09.27-17.13.32:335][433]LogModuleManager: Shutting down and abandoning module MaterialBaking (169)
[2018.09.27-17.13.32:335][433]LogModuleManager: Shutting down and abandoning module DirectoryWatcher (165)
[2018.09.27-17.13.32:335][433]LogModuleManager: Shutting down and abandoning module DerivedDataCache (162)
[2018.09.27-17.13.32:362][433]LogDerivedDataCache: Shutdown
[2018.09.27-17.13.32:362][433]LogModuleManager: Shutting down and abandoning module XGEController (160)
[2018.09.27-17.13.32:362][433]LogModuleManager: Shutting down and abandoning module TargetPlatform (158)
[2018.09.27-17.13.32:362][433]LogModuleManager: Shutting down and abandoning module VulkanShaderFormat (157)
[2018.09.27-17.13.32:363][433]LogModuleManager: Shutting down and abandoning module ShaderFormatVectorVM (155)
[2018.09.27-17.13.32:363][433]LogModuleManager: Shutting down and abandoning module ShaderFormatOpenGL (153)
[2018.09.27-17.13.32:363][433]LogModuleManager: Shutting down and abandoning module ShaderFormatD3D (151)
[2018.09.27-17.13.32:363][433]LogModuleManager: Shutting down and abandoning module MetalShaderFormat (149)
[2018.09.27-17.13.32:363][433]LogModuleManager: Shutting down and abandoning module TextureFormatUncompressed (147)
[2018.09.27-17.13.32:363][433]LogModuleManager: Shutting down and abandoning module TextureFormatPVR (145)
[2018.09.27-17.13.32:363][433]LogModuleManager: Shutting down and abandoning module TextureFormatDXT (143)
[2018.09.27-17.13.32:363][433]LogModuleManager: Shutting down and abandoning module TextureFormatIntelISPCTexComp (141)
[2018.09.27-17.13.32:363][433]LogModuleManager: Shutting down and abandoning module TextureFormatASTC (139)
[2018.09.27-17.13.32:363][433]LogModuleManager: Shutting down and abandoning module ImageWrapper (138)
[2018.09.27-17.13.32:363][433]LogModuleManager: Shutting down and abandoning module TextureFormatAndroid (135)
[2018.09.27-17.13.32:364][433]LogModuleManager: Shutting down and abandoning module AudioFormatOpus (133)
[2018.09.27-17.13.32:364][433]LogModuleManager: Shutting down and abandoning module AudioFormatOgg (131)
[2018.09.27-17.13.32:364][433]LogModuleManager: Shutting down and abandoning module AudioFormatADPCM (129)
[2018.09.27-17.13.32:364][433]LogModuleManager: Shutting down and abandoning module LuminTargetPlatform (127)
[2018.09.27-17.13.32:364][433]LogModuleManager: Shutting down and abandoning module LinuxTargetPlatform (125)
[2018.09.27-17.13.32:364][433]LogModuleManager: Shutting down and abandoning module LinuxServerTargetPlatform (123)
[2018.09.27-17.13.32:364][433]LogModuleManager: Shutting down and abandoning module LinuxNoEditorTargetPlatform (121)
[2018.09.27-17.13.32:364][433]LogModuleManager: Shutting down and abandoning module LinuxClientTargetPlatform (119)
[2018.09.27-17.13.32:364][433]LogModuleManager: Shutting down and abandoning module TVOSTargetPlatform (117)
[2018.09.27-17.13.32:367][433]LogModuleManager: Shutting down and abandoning module Messaging (115)
[2018.09.27-17.13.32:367][433]LogModuleManager: Shutting down and abandoning module IOSTargetPlatform (113)
[2018.09.27-17.13.32:368][433]LogModuleManager: Shutting down and abandoning module HTML5TargetPlatform (111)
[2018.09.27-17.13.32:368][433]LogModuleManager: Shutting down and abandoning module AndroidTargetPlatform (109)
[2018.09.27-17.13.32:374][433]LogModuleManager: Shutting down and abandoning module WindowsTargetPlatform (107)
[2018.09.27-17.13.32:374][433]LogModuleManager: Shutting down and abandoning module WindowsServerTargetPlatform (105)
[2018.09.27-17.13.32:374][433]LogModuleManager: Shutting down and abandoning module WindowsNoEditorTargetPlatform (103)
[2018.09.27-17.13.32:374][433]LogModuleManager: Shutting down and abandoning module WindowsClientTargetPlatform (101)
[2018.09.27-17.13.32:374][433]LogModuleManager: Shutting down and abandoning module MacTargetPlatform (99)
[2018.09.27-17.13.32:374][433]LogModuleManager: Shutting down and abandoning module MacServerTargetPlatform (97)
[2018.09.27-17.13.32:374][433]LogModuleManager: Shutting down and abandoning module MacNoEditorTargetPlatform (95)
[2018.09.27-17.13.32:374][433]LogModuleManager: Shutting down and abandoning module MacClientTargetPlatform (93)
[2018.09.27-17.13.32:374][433]LogModuleManager: Shutting down and abandoning module AllDesktopTargetPlatform (91)
[2018.09.27-17.13.32:374][433]LogModuleManager: Shutting down and abandoning module InputCore (88)
[2018.09.27-17.13.32:374][433]LogModuleManager: Shutting down and abandoning module Settings (86)
[2018.09.27-17.13.32:374][433]LogModuleManager: Shutting down and abandoning module PhysXCooking (84)
[2018.09.27-17.13.32:374][433]LogModuleManager: Shutting down and abandoning module SteamVR (82)
[2018.09.27-17.13.32:374][433]LogModuleManager: Shutting down and abandoning module OculusHMD (80)
[2018.09.27-17.13.32:374][433]LogModuleManager: Shutting down and abandoning module ExampleDeviceProfileSelector (78)
[2018.09.27-17.13.32:374][433]LogModuleManager: Shutting down and abandoning module LauncherChunkInstaller (76)
[2018.09.27-17.13.32:374][433]LogModuleManager: Shutting down and abandoning module OnlineBlueprintSupport (74)
[2018.09.27-17.13.32:374][433]LogModuleManager: Shutting down and abandoning module OnlineSubsystem (70)
[2018.09.27-17.13.32:375][433]LogModuleManager: Shutting down and abandoning module XMPP (65)
[2018.09.27-17.13.32:375][433]LogModuleManager: Shutting down and abandoning module WebSockets (64)
[2018.09.27-17.13.32:410][433]LogModuleManager: Shutting down and abandoning module HTTP (61)
[2018.09.27-17.13.32:410][433]LogHttp: Display: Http module shutting down, but needs to wait on 1 outstanding Http requests:
[2018.09.27-17.13.32:410][433]LogHttp: Display: 	verb=[POST] url=[https://datarouter.ol.epicgames.com/datarouter/api/v1/public/data?SessionID=%7BF7819BDD-4AB8-F253-4F78-2C87BA525624%7D&AppID=UEEditor.Rocket.Release&AppVersion=4.20.2-4302132%2B%2B%2BUE4%2BRelease-4.20&UserID=a147923f404a8af6b50ba8a506ca179d%7Cce1ea254cdfb4a10961eab185b855592%7C5749a85d-ae85-4a54-92bf-d0b63c305ec7&AppEnvironment=datacollector-binary&UploadType=eteventstream] status=Processing
[2018.09.27-17.13.32:426][433]LogModuleManager: Shutting down and abandoning module SSL (60)
[2018.09.27-17.13.32:426][433]LogModuleManager: Shutting down and abandoning module MagicLeapEmulator (56)
[2018.09.27-17.13.32:426][433]LogModuleManager: Shutting down and abandoning module MagicLeapPrivileges (54)
[2018.09.27-17.13.32:426][433]LogModuleManager: Shutting down and abandoning module MagicLeapIdentity (52)
[2018.09.27-17.13.32:427][433]LogModuleManager: Shutting down and abandoning module MagicLeapHelperVulkan (50)
[2018.09.27-17.13.32:427][433]LogModuleManager: Shutting down and abandoning module MagicLeapHelperOpenGL (48)
[2018.09.27-17.13.32:427][433]LogModuleManager: Shutting down and abandoning module MagicLeapSecureStorage (46)
[2018.09.27-17.13.32:427][433]LogModuleManager: Shutting down and abandoning module MagicLeapGestures (44)
[2018.09.27-17.13.32:427][433]LogModuleManager: Shutting down and abandoning module MagicLeapEyeTracker (42)
[2018.09.27-17.13.32:427][433]LogModuleManager: Shutting down and abandoning module MagicLeapController (40)
[2018.09.27-17.13.32:427][433]LogSlate: Slate User Destroyed.  User Index 0, Is Virtual User: 0
[2018.09.27-17.13.32:427][433]LogModuleManager: Shutting down and abandoning module MagicLeap (38)
[2018.09.27-17.13.32:427][433]LogModuleManager: Shutting down and abandoning module AnimationModifiers (36)
[2018.09.27-17.13.32:427][433]LogModuleManager: Shutting down and abandoning module PropertyEditor (35)
[2018.09.27-17.13.32:427][433]LogModuleManager: Shutting down and abandoning module AudioEditor (32)
[2018.09.27-17.13.32:427][433]LogModuleManager: Shutting down and abandoning module TextureCompressor (30)
[2018.09.27-17.13.32:427][433]LogModuleManager: Shutting down and abandoning module ShaderCore (28)
[2018.09.27-17.13.32:427][433]LogModuleManager: Shutting down and abandoning module Landscape (26)
[2018.09.27-17.13.32:427][433]LogModuleManager: Shutting down and abandoning module SlateRHIRenderer (24)
[2018.09.27-17.13.32:427][433]LogModuleManager: Shutting down and abandoning module OpenGLDrv (22)
[2018.09.27-17.13.32:427][433]LogModuleManager: Shutting down and abandoning module D3D11RHI (20)
[2018.09.27-17.13.32:427][433]LogModuleManager: Shutting down and abandoning module AnimGraphRuntime (18)
[2018.09.27-17.13.32:427][433]LogModuleManager: Shutting down and abandoning module Renderer (16)
[2018.09.27-17.13.32:427][433]LogModuleManager: Shutting down and abandoning module Engine (14)
[2018.09.27-17.13.32:427][433]LogModuleManager: Shutting down and abandoning module CoreUObject (12)
[2018.09.27-17.13.32:427][433]LogModuleManager: Shutting down and abandoning module NetworkFile (10)
[2018.09.27-17.13.32:427][433]LogModuleManager: Shutting down and abandoning module CookedIterativeFile (8)
[2018.09.27-17.13.32:427][433]LogModuleManager: Shutting down and abandoning module StreamingFile (6)
[2018.09.27-17.13.32:427][433]LogModuleManager: Shutting down and abandoning module SandboxFile (4)
[2018.09.27-17.13.32:427][433]LogModuleManager: Shutting down and abandoning module PakFile (2)
[2018.09.27-17.13.32:432][433]LogExit: Exiting.
[2018.09.27-17.13.32:435][433]Log file closed, 09/27/18 19:13:32
