Log file open, 09/20/18 11:37:38
LogWindows: Failed to load 'aqProf.dll' (GetLastError=126)
LogWindows: File 'aqProf.dll' does not exist
LogWindows: Failed to load 'VSPerf140.dll' (GetLastError=126)
LogWindows: File 'VSPerf140.dll' does not exist
LogWindows: Failed to load 'VtuneApi.dll' (GetLastError=126)
LogWindows: File 'VtuneApi.dll' does not exist
LogWindows: Failed to load 'VtuneApi32e.dll' (GetLastError=126)
LogWindows: File 'VtuneApi32e.dll' does not exist
LogInit: Display: Running engine for game: GameFiles
LogPlatformFile: Not using cached read wrapper
LogTaskGraph: Started task graph with 5 named threads and 23 total threads with 3 sets of task threads.
LogStats: Stats thread started at 0.304275
LogD3D11RHI: Loaded GFSDK_Aftermath_Lib.x64.dll
LogICUInternationalization: Display: ICU TimeZone Detection - Raw Offset: +1:00, Platform Override: ''
LogPluginManager: Mounting plugin Paper2D
LogPluginManager: Mounting plugin AISupport
LogPluginManager: Mounting plugin LightPropagationVolume
LogPluginManager: Mounting plugin CLionSourceCodeAccess
LogPluginManager: Mounting plugin CodeLiteSourceCodeAccess
LogPluginManager: Mounting plugin GitSourceControl
LogPluginManager: Mounting plugin KDevelopSourceCodeAccess
LogPluginManager: Mounting plugin NullSourceCodeAccess
LogPluginManager: Mounting plugin PerforceSourceControl
LogPluginManager: Mounting plugin SubversionSourceControl
LogPluginManager: Mounting plugin UObjectPlugin
LogPluginManager: Mounting plugin VisualStudioCodeSourceCodeAccess
LogPluginManager: Mounting plugin VisualStudioSourceCodeAccess
LogPluginManager: Mounting plugin XCodeSourceCodeAccess
LogPluginManager: Mounting plugin AssetManagerEditor
LogPluginManager: Mounting plugin CryptoKeys
LogPluginManager: Mounting plugin DataValidation
LogPluginManager: Mounting plugin FacialAnimation
LogPluginManager: Mounting plugin GameplayTagsEditor
LogPluginManager: Mounting plugin MacGraphicsSwitching
LogPluginManager: Mounting plugin MeshEditor
LogPluginManager: Mounting plugin MobileLauncherProfileWizard
LogPluginManager: Mounting plugin PluginBrowser
LogPluginManager: Mounting plugin SpeedTreeImporter
LogPluginManager: Mounting plugin DatasmithContent
LogPluginManager: Mounting plugin AlembicImporter
LogPluginManager: Mounting plugin AppleImageUtils
LogPluginManager: Mounting plugin AppleVision
LogPluginManager: Mounting plugin BackChannel
LogPluginManager: Mounting plugin CharacterAI
LogPluginManager: Mounting plugin GeometryCache
LogPluginManager: Mounting plugin HTML5Networking
LogPluginManager: Mounting plugin ProxyLODPlugin
LogPluginManager: Mounting plugin MagicLeap
LogPluginManager: Mounting plugin MagicLeapEmulator
LogPluginManager: Mounting plugin MagicLeapMedia
LogPluginManager: Mounting plugin AndroidMedia
LogPluginManager: Mounting plugin AvfMedia
LogPluginManager: Mounting plugin ImgMedia
LogPluginManager: Mounting plugin LinearTimecode
LogPluginManager: Mounting plugin MediaCompositing
LogPluginManager: Mounting plugin MediaPlayerEditor
LogPluginManager: Mounting plugin WmfMedia
LogPluginManager: Mounting plugin TcpMessaging
LogPluginManager: Mounting plugin UdpMessaging
LogPluginManager: Mounting plugin ActorSequence
LogPluginManager: Mounting plugin LevelSequenceEditor
LogPluginManager: Mounting plugin MatineeToLevelSequence
LogPluginManager: Mounting plugin NetcodeUnitTest
LogPluginManager: Mounting plugin NUTUnrealEngine4
LogPluginManager: Mounting plugin OnlineSubsystemGooglePlay
LogPluginManager: Mounting plugin OnlineSubsystemIOS
LogPluginManager: Mounting plugin OnlineSubsystem
LogPluginManager: Mounting plugin OnlineSubsystemNull
LogPluginManager: Mounting plugin OnlineSubsystemUtils
LogPluginManager: Mounting plugin LauncherChunkInstaller
LogPluginManager: Mounting plugin AndroidDeviceProfileSelector
LogPluginManager: Mounting plugin AndroidMoviePlayer
LogPluginManager: Mounting plugin AndroidPermission
LogPluginManager: Mounting plugin AppleMoviePlayer
LogPluginManager: Mounting plugin ArchVisCharacter
LogPluginManager: Mounting plugin AudioCapture
LogPluginManager: Mounting plugin CableComponent
LogPluginManager: Mounting plugin CustomMeshComponent
LogPluginManager: Mounting plugin EditableMesh
LogPluginManager: Mounting plugin ExampleDeviceProfileSelector
LogPluginManager: Mounting plugin GoogleCloudMessaging
LogPluginManager: Mounting plugin ImmediatePhysics
LogPluginManager: Mounting plugin IOSDeviceProfileSelector
LogPluginManager: Mounting plugin LinuxDeviceProfileSelector
LogPluginManager: Mounting plugin LocationServicesBPLibrary
LogPluginManager: Mounting plugin MobilePatchingUtils
LogPluginManager: Mounting plugin OculusVR
LogPluginManager: Plugin shader directory ../../../Engine/Plugins/Runtime/Oculus/OculusVR/Shaders found
LogPluginManager: Mapping shader source directory ../../../Engine/Plugins/Runtime/Oculus/OculusVR/Shaders to virtual directory /Plugin/OculusVR
LogPluginManager: Mounting plugin PhysXVehicles
LogPluginManager: Mounting plugin ProceduralMeshComponent
LogPluginManager: Mounting plugin RuntimePhysXCooking
LogPluginManager: Mounting plugin SteamVR
LogPluginManager: Mounting plugin WindowsMoviePlayer
LogStreaming: Display: Took  0.196s to configure plugins.
LogInit: Using libcurl 7.55.1-DEV
LogInit:  - built for x86_64-pc-win32
LogInit:  - supports SSL with OpenSSL/1.0.2h
LogInit:  - supports HTTP deflate (compression) using libz 1.2.8
LogInit:  - other features:
LogInit:      CURL_VERSION_SSL
LogInit:      CURL_VERSION_LIBZ
LogInit:      CURL_VERSION_IPV6
LogInit:      CURL_VERSION_ASYNCHDNS
LogInit:      CURL_VERSION_LARGEFILE
LogInit:      CURL_VERSION_IDN
LogInit:  CurlRequestOptions (configurable via config and command line):
LogInit:  - bVerifyPeer = false  - Libcurl will NOT verify peer certificate
LogInit:  - bUseHttpProxy = false  - Libcurl will NOT use HTTP proxy
LogInit:  - bDontReuseConnections = false  - Libcurl will reuse connections
LogInit:  - CertBundlePath = nullptr  - Libcurl will use whatever was configured at build time.
LogInit:  - MaxHostConnections = 16  - Libcurl will limit the number of connections to a host
LogInit:  - LocalHostAddr = Default
LogInit:  - BufferSize = 65536
LogInit: WinSock: version 1.1 (2.2), MaxSocks=32767, MaxUdp=65467
LogInit: Build: ++UE4+Release-4.20-CL-4302132
LogInit: Engine Version: 4.20.2-4302132+++UE4+Release-4.20
LogInit: Compatible Engine Version: 4.20.0-4212847+++UE4+Release-4.20
LogInit: Net CL: 4212847
LogInit: OS: Windows 10 (), CPU: Intel(R) Core(TM) i7-6700HQ CPU @ 2.60GHz, GPU: Intel(R) HD Graphics 530
LogInit: Compiled (64-bit): Aug 21 2018 02:06:06
LogInit: Compiled with Visual C++: 19.13.26129.00
LogInit: Build Configuration: Development
LogInit: Branch Name: ++UE4+Release-4.20
LogInit: Command Line: 
LogInit: Base Directory: C:/Program Files/Epic Games/UE_4.20/Engine/Binaries/Win64/
LogInit: Installed Engine Build: 1
LogDevObjectVersion: Number of dev versions registered: 20
LogDevObjectVersion:   Dev-Blueprints (B0D832E4-1F89-4F0D-ACCF-7EB736FD4AA2): 10
LogDevObjectVersion:   Dev-Build (E1C64328-A22C-4D53-A36C-8E866417BD8C): 0
LogDevObjectVersion:   Dev-Core (375EC13C-06E4-48FB-B500-84F0262A717E): 2
LogDevObjectVersion:   Dev-Editor (E4B068ED-F494-42E9-A231-DA0B2E46BB41): 24
LogDevObjectVersion:   Dev-Framework (CFFC743F-43B0-4480-9391-14DF171D2073): 34
LogDevObjectVersion:   Dev-Mobile (B02B49B5-BB20-44E9-A304-32B752E40360): 2
LogDevObjectVersion:   Dev-Networking (A4E4105C-59A1-49B5-A7C5-40C4547EDFEE): 0
LogDevObjectVersion:   Dev-Online (39C831C9-5AE6-47DC-9A44-9C173E1C8E7C): 0
LogDevObjectVersion:   Dev-Physics (78F01B33-EBEA-4F98-B9B4-84EACCB95AA2): 0
LogDevObjectVersion:   Dev-Platform (6631380F-2D4D-43E0-8009-CF276956A95A): 0
LogDevObjectVersion:   Dev-Rendering (12F88B9F-8875-4AFC-A67C-D90C383ABD29): 26
LogDevObjectVersion:   Dev-Sequencer (7B5AE74C-D270-4C10-A958-57980B212A5A): 9
LogDevObjectVersion:   Dev-VR (D7296918-1DD6-4BDD-9DE2-64A83CC13884): 2
LogDevObjectVersion:   Dev-LoadTimes (C2A15278-BFE7-4AFE-6C17-90FF531DF755): 1
LogDevObjectVersion:   Private-Geometry (6EACA3D4-40EC-4CC1-B786-8BED09428FC5): 3
LogDevObjectVersion:   Dev-AnimPhys (29E575DD-E0A3-4627-9D10-D276232CDCEA): 17
LogDevObjectVersion:   Dev-ReflectionCapture (6B266CEC-1EC7-4B8F-A30B-E4D90942FC07): 1
LogDevObjectVersion:   Dev-Automation (0DF73D61-A23F-47EA-B727-89E90C41499A): 1
LogDevObjectVersion:   FortniteMain (601D1886-AC64-4F84-AA16-D3DE0DEAC7D6): 12
LogDevObjectVersion:   Dev-Enterprise (9DFFBCD6-494F-0158-E221-12823C92A888): 1
LogStreaming: Display: Took  0.001s to delete old logs.
LogInit: Presizing for max 8388607 objects, including 0 objects not considered by GC, pre-allocating 0 bytes for permanent pool.
LogInit: Object subsystem initialized
[2018.09.20-09.37.39:290][  0]LogInit: Selected Device Profile: [Windows]
[2018.09.20-09.37.39:290][  0]LogInit: Applying CVar settings loaded from the selected device profile: [Windows]
[2018.09.20-09.37.39:302][  0]LogHAL: Display: Platform has ~ 8 GB [8464728064 / 8589934592 / 8], which maps to Default [LargestMinGB=32, LargerMinGB=12, DefaultMinGB=8, SmallerMinGB=6, SmallestMinGB=0)
[2018.09.20-09.37.39:302][  0]LogInit: Setting Device Profile CVar: [[r.Vulkan.UseRealUBs:1]]
[2018.09.20-09.37.39:302][  0]LogInit: Going up to parent DeviceProfile []
[2018.09.20-09.37.39:302][  0]LogInit: Computer: S163390
[2018.09.20-09.37.39:303][  0]LogInit: User: s163390
[2018.09.20-09.37.39:303][  0]LogInit: CPU Page size=4096, Cores=4
[2018.09.20-09.37.39:303][  0]LogInit: High frequency timer resolution =2.531247 MHz
[2018.09.20-09.37.39:303][  0]LogMemory: Memory total: Physical=7.9GB (8GB approx)
[2018.09.20-09.37.39:303][  0]LogMemory: Platform Memory Stats for Windows
[2018.09.20-09.37.39:303][  0]LogMemory: Process Physical Memory: 100.56 MB used, 100.56 MB peak
[2018.09.20-09.37.39:303][  0]LogMemory: Process Virtual Memory: 90.89 MB used, 90.89 MB peak
[2018.09.20-09.37.39:303][  0]LogMemory: Physical Memory: 4236.75 MB used,  3835.84 MB free, 8072.59 MB total
[2018.09.20-09.37.39:303][  0]LogMemory: Virtual Memory: 543.64 MB used,  3835.84 MB free, 134217728.00 MB total
[2018.09.20-09.37.39:324][  0]LogInit: Using OS detected language (en-US).
[2018.09.20-09.37.39:324][  0]LogInit: Using OS detected locale (nl-NL).
[2018.09.20-09.37.39:325][  0]LogTextLocalizationManager: No specific localization for 'en-US' exists, so the 'en' localization will be used.
[2018.09.20-09.37.39:750][  0]LogStreaming: Display: Took  0.427s to InitEngineTextLocalization.
[2018.09.20-09.37.39:750][  0]LogInit: Setting process to per monitor DPI aware
[2018.09.20-09.37.39:790][  0]LogSlate: New Slate User Created.  User Index 0, Is Virtual User: 0
[2018.09.20-09.37.39:790][  0]LogSlate: Slate User Registered.  User Index 0, Is Virtual User: 0
[2018.09.20-09.37.40:106][  0]LogHMD: Failed to initialize OpenVR with code 110
[2018.09.20-09.37.40:106][  0]LogD3D11RHI: D3D11 adapters:
[2018.09.20-09.37.40:158][  0]LogD3D11RHI:    0. 'NVIDIA Quadro M1000M' (Feature Level 11_0)
[2018.09.20-09.37.40:158][  0]LogD3D11RHI:       4063/0/4036 MB DedicatedVideo/DedicatedSystem/SharedSystem, Outputs:1, VendorId:0x10de
[2018.09.20-09.37.40:169][  0]LogD3D11RHI:    1. 'Intel(R) HD Graphics 530' (Feature Level 11_0)
[2018.09.20-09.37.40:169][  0]LogD3D11RHI:       128/0/4036 MB DedicatedVideo/DedicatedSystem/SharedSystem, Outputs:0, VendorId:0x8086
[2018.09.20-09.37.40:172][  0]LogD3D11RHI:    2. 'Microsoft Basic Render Driver' (Feature Level 11_0)
[2018.09.20-09.37.40:172][  0]LogD3D11RHI:       0/0/4036 MB DedicatedVideo/DedicatedSystem/SharedSystem, Outputs:0, VendorId:0x1414
[2018.09.20-09.37.40:172][  0]LogD3D11RHI: Chosen D3D11 Adapter: 0
[2018.09.20-09.37.40:177][  0]LogD3D11RHI: Creating new Direct3DDevice
[2018.09.20-09.37.40:177][  0]LogD3D11RHI:     GPU DeviceId: 0x13b1 (for the marketing name, search the web for "GPU Device Id")
[2018.09.20-09.37.40:177][  0]LogWindows: EnumDisplayDevices:
[2018.09.20-09.37.40:177][  0]LogWindows:    0. 'Intel(R) HD Graphics 530' (P:1 D:1)
[2018.09.20-09.37.40:177][  0]LogWindows:    1. 'Intel(R) HD Graphics 530' (P:0 D:0)
[2018.09.20-09.37.40:178][  0]LogWindows:    2. 'Intel(R) HD Graphics 530' (P:0 D:0)
[2018.09.20-09.37.40:178][  0]LogWindows:    3. 'NVIDIA Quadro M1000M' (P:0 D:0)
[2018.09.20-09.37.40:178][  0]LogWindows:    4. 'NVIDIA Quadro M1000M' (P:0 D:0)
[2018.09.20-09.37.40:178][  0]LogWindows:    5. 'NVIDIA Quadro M1000M' (P:0 D:0)
[2018.09.20-09.37.40:179][  0]LogWindows:    6. 'NVIDIA Quadro M1000M' (P:0 D:0)
[2018.09.20-09.37.40:179][  0]LogWindows: DebugString: PrimaryIsNotTheChoosenAdapter PrimaryIsNotTheChoosenAdapter PrimaryIsNotTheChoosenAdapter FoundDriverCount:4 
[2018.09.20-09.37.40:179][  0]LogD3D11RHI:     Adapter Name: NVIDIA Quadro M1000M
[2018.09.20-09.37.40:179][  0]LogD3D11RHI:   Driver Version: 385.73 (internal:22.21.13.8573, unified:385.73)
[2018.09.20-09.37.40:179][  0]LogD3D11RHI:      Driver Date: 9-25-2017
[2018.09.20-09.37.40:179][  0]LogRHI: Texture pool is 2844 MB (70% of 4063 MB)
[2018.09.20-09.37.40:212][  0]LogD3D11RHI: Async texture creation enabled
[2018.09.20-09.37.40:225][  0]LogD3D11RHI: GPU Timing Frequency: 1000.000000 (Debug: 2 1)
[2018.09.20-09.37.40:227][  0]LogShaderCompilers: Guid format shader working directory is -66 characters bigger than the processId version (../../../../../../Users/s163390/Documents/University/Year 3/[DZC10] Design for Games Play I/Shadow_Game/GameFiles/Intermediate/Shaders/WorkingDirectory/10132/).
[2018.09.20-09.37.40:227][  0]LogShaderCompilers: Cleaned the shader compiler working directory 'C:/Users/s163390/AppData/Local/Temp/UnrealShaderWorkingDir/37F8A96F421803E2455FED96DC30EF61/'.
[2018.09.20-09.37.40:498][  0]LogTemp: Display: Loaded TP AllDesktopTargetPlatform
[2018.09.20-09.37.40:514][  0]LogTemp: Display: Loaded TP MacClientTargetPlatform
[2018.09.20-09.37.40:530][  0]LogTemp: Display: Loaded TP MacNoEditorTargetPlatform
[2018.09.20-09.37.40:546][  0]LogTemp: Display: Loaded TP MacServerTargetPlatform
[2018.09.20-09.37.40:562][  0]LogTemp: Display: Loaded TP MacTargetPlatform
[2018.09.20-09.37.40:577][  0]LogTemp: Display: Loaded TP WindowsClientTargetPlatform
[2018.09.20-09.37.40:592][  0]LogTemp: Display: Loaded TP WindowsNoEditorTargetPlatform
[2018.09.20-09.37.40:608][  0]LogTemp: Display: Loaded TP WindowsServerTargetPlatform
[2018.09.20-09.37.40:615][  0]LogTemp: Display: Loaded TP WindowsTargetPlatform
[2018.09.20-09.37.40:708][  0]LogTemp: Display: Loaded TP AndroidTargetPlatform
[2018.09.20-09.37.40:708][  0]LogTemp: Display: Loaded TP AndroidTargetPlatform
[2018.09.20-09.37.40:708][  0]LogTemp: Display: Loaded TP AndroidTargetPlatform
[2018.09.20-09.37.40:708][  0]LogTemp: Display: Loaded TP AndroidTargetPlatform
[2018.09.20-09.37.40:708][  0]LogTemp: Display: Loaded TP AndroidTargetPlatform
[2018.09.20-09.37.40:708][  0]LogTemp: Display: Loaded TP AndroidTargetPlatform
[2018.09.20-09.37.40:708][  0]LogTemp: Display: Loaded TP AndroidTargetPlatform
[2018.09.20-09.37.40:708][  0]LogTemp: Display: Loaded TP AndroidTargetPlatform
[2018.09.20-09.37.40:708][  0]LogTemp: Display: Loaded TP AndroidTargetPlatform
[2018.09.20-09.37.40:708][  0]LogTemp: Display: Loaded TP AndroidTargetPlatform
[2018.09.20-09.37.40:708][  0]LogTemp: Display: Loaded TP AndroidTargetPlatform
[2018.09.20-09.37.40:708][  0]LogTemp: Display: Loaded TP AndroidTargetPlatform
[2018.09.20-09.37.40:709][  0]LogTemp: Display: Loaded TP AndroidTargetPlatform
[2018.09.20-09.37.40:709][  0]LogTemp: Display: Loaded TP AndroidTargetPlatform
[2018.09.20-09.37.40:709][  0]LogTemp: Display: Loaded TP AndroidTargetPlatform
[2018.09.20-09.37.40:709][  0]LogTemp: Display: Loaded TP AndroidTargetPlatform
[2018.09.20-09.37.40:709][  0]LogTemp: Display: Loaded TP AndroidTargetPlatform
[2018.09.20-09.37.40:709][  0]LogTemp: Display: Loaded TP AndroidTargetPlatform
[2018.09.20-09.37.40:710][  0]LogTemp: Display: Loaded TP HTML5TargetPlatform
[2018.09.20-09.37.40:776][  0]LogTemp: Display: Loaded TP IOSTargetPlatform
[2018.09.20-09.37.40:776][  0]LogTemp: Display: Loaded TP IOSTargetPlatform
[2018.09.20-09.37.40:820][  0]LogTemp: Display: Loaded TP TVOSTargetPlatform
[2018.09.20-09.37.40:820][  0]LogTemp: Display: Loaded TP TVOSTargetPlatform
[2018.09.20-09.37.40:839][  0]LogTemp: Display: Loaded TP LinuxClientTargetPlatform
[2018.09.20-09.37.40:854][  0]LogTemp: Display: Loaded TP LinuxNoEditorTargetPlatform
[2018.09.20-09.37.40:869][  0]LogTemp: Display: Loaded TP LinuxServerTargetPlatform
[2018.09.20-09.37.40:884][  0]LogTemp: Display: Loaded TP LinuxTargetPlatform
[2018.09.20-09.37.40:895][  0]LogTemp: Display: Loaded TP LuminTargetPlatform
[2018.09.20-09.37.40:895][  0]LogTargetPlatformManager: Display: Building Assets For Windows
[2018.09.20-09.37.40:958][  0]LogXGEController: Cannot use XGE Controller as Incredibuild is not installed on this machine.
[2018.09.20-09.37.40:958][  0]LogShaderCompilers: Cannot use XGE Shader Compiler as Incredibuild is not installed on this machine.
[2018.09.20-09.37.40:958][  0]LogShaderCompilers: Display: Using Local Shader Compiler.
[2018.09.20-09.37.41:792][  0]LogDerivedDataCache: Display: Max Cache Size: 512 MB
[2018.09.20-09.37.41:850][  0]LogDerivedDataCache: Loaded boot cache 0.06s 71MB C:/Users/s163390/AppData/Local/UnrealEngine/4.20/DerivedDataCache/Boot.ddc.
[2018.09.20-09.37.41:851][  0]LogDerivedDataCache: Display: Loaded Boot cache: C:/Users/s163390/AppData/Local/UnrealEngine/4.20/DerivedDataCache/Boot.ddc
[2018.09.20-09.37.41:851][  0]LogDerivedDataCache: FDerivedDataBackendGraph:  Pak pak cache file ../../../../../../Users/s163390/Documents/University/Year 3/[DZC10] Design for Games Play I/Shadow_Game/GameFiles/DerivedDataCache/DDC.ddp not found, will not use a pak cache.
[2018.09.20-09.37.41:851][  0]LogDerivedDataCache: Unable to find inner node Pak for hierarchical cache Hierarchy.
[2018.09.20-09.37.41:851][  0]LogDerivedDataCache: FDerivedDataBackendGraph:  CompressedPak pak cache file ../../../../../../Users/s163390/Documents/University/Year 3/[DZC10] Design for Games Play I/Shadow_Game/GameFiles/DerivedDataCache/Compressed.ddp not found, will not use a pak cache.
[2018.09.20-09.37.41:852][  0]LogDerivedDataCache: Unable to find inner node CompressedPak for hierarchical cache Hierarchy.
[2018.09.20-09.37.41:868][  0]LogDerivedDataCache: Display: Pak cache opened for reading ../../../Engine/DerivedDataCache/Compressed.ddp.
[2018.09.20-09.37.41:882][  0]LogDerivedDataCache: Using Local data cache path C:/Users/s163390/AppData/Local/UnrealEngine/Common/DerivedDataCache: Writable
[2018.09.20-09.37.41:882][  0]LogDerivedDataCache: Shared data cache path not found in *engine.ini, will not use an Shared cache.
[2018.09.20-09.37.41:882][  0]LogDerivedDataCache: Unable to find inner node Shared for hierarchical cache Hierarchy.
[2018.09.20-09.37.41:904][  0]LogMaterial: Verifying Global Shaders for PCD3D_SM5
[2018.09.20-09.37.41:906][  0]LogSlate: Using FreeType 2.6.0
[2018.09.20-09.37.41:907][  0]LogSlate: SlateFontServices - WITH_FREETYPE: 1, WITH_HARFBUZZ: 1
[2018.09.20-09.37.42:011][  0]LogAssetRegistry: FAssetRegistry took 0.0274 seconds to start up
[2018.09.20-09.37.42:383][  0]LogInit: Selected Device Profile: [Windows]
[2018.09.20-09.37.42:553][  0]LogSimplygon: Simplygon DLL not present - disabling.
[2018.09.20-09.37.42:557][  0]LogMeshReduction: Using SimplygonSwarm for distributed automatic mesh merging
[2018.09.20-09.37.42:557][  0]LogMeshReduction: Using ProxyLODMeshReduction for automatic mesh merging
[2018.09.20-09.37.42:557][  0]LogMeshReduction: Using QuadricMeshReduction for automatic static mesh reduction
[2018.09.20-09.37.42:557][  0]LogMeshReduction: No automatic skeletal mesh reduction module available
[2018.09.20-09.37.42:573][  0]LogNetVersion: GameFiles 1.0.0, NetCL: 4212847, EngineNetVer: 5, GameNetVer: 0 (Checksum: 169372248)
[2018.09.20-09.37.43:294][  0]LogPackageLocalizationCache: Processed 11 localized package path(s) for 2 prioritized culture(s) in 0.215367 seconds
[2018.09.20-09.37.43:302][  0]LogUObjectArray: 38425 objects as part of root set at end of initial load.
[2018.09.20-09.37.43:302][  0]LogUObjectAllocator: 6690872 out of 0 bytes used by permanent object pool.
[2018.09.20-09.37.43:302][  0]LogUObjectArray: CloseDisregardForGC: 0/0 objects in disregard for GC pool
[2018.09.20-09.37.44:441][  0]LogTcpMessaging: Initializing TcpMessaging bridge
[2018.09.20-09.37.44:455][  0]LogUdpMessaging: Initializing bridge on interface 0.0.0.0:0 to multicast group 230.0.0.1:6666.
[2018.09.20-09.37.44:697][  0]SourceControl: Source control is disabled
[2018.09.20-09.37.44:697][  0]SourceControl: Source control is disabled
[2018.09.20-09.37.44:698][  0]SourceControl: Source control is disabled
[2018.09.20-09.37.44:700][  0]SourceControl: Source control is disabled
[2018.09.20-09.37.44:892][  0]LogAndroidPermission: UAndroidPermissionCallbackProxy::GetInstance
[2018.09.20-09.37.45:009][  0]LogOcInput: OculusInput pre-init called
[2018.09.20-09.37.45:092][  0]LogEngine: Initializing Engine...
[2018.09.20-09.37.45:093][  0]LogHMD: Failed to initialize OpenVR with code 110
[2018.09.20-09.37.45:095][  0]LogStats: UGameplayTagsManager::ConstructGameplayTagTree: ImportINI prefixes -  0.000 s
[2018.09.20-09.37.45:095][  0]LogStats: UGameplayTagsManager::ConstructGameplayTagTree: Construct from data asset -  0.000 s
[2018.09.20-09.37.45:095][  0]LogStats: UGameplayTagsManager::ConstructGameplayTagTree: ImportINI -  0.000 s
[2018.09.20-09.37.45:095][  0]LogStats: UGameplayTagsManager::ConstructGameplayTagTree: GameplayTagTreeChangedEvent.Broadcast -  0.000 s
[2018.09.20-09.37.45:336][  0]LogInit: Initializing FReadOnlyCVARCache
[2018.09.20-09.37.45:355][  0]LogAIModule: Creating AISystem for world Untitled
[2018.09.20-09.37.45:368][  0]LogInit: XAudio2 using 'Speakers (Conexant ISST Audio)' : 2 channels at 48 kHz using 32 bits per sample (channel mask 0x3)
[2018.09.20-09.37.45:457][  0]LogInit: FAudioDevice initialized.
[2018.09.20-09.37.45:458][  0]LogNetVersion: Set ProjectVersion to 1.0.0.0. Version Checksum will be recalculated on next use.
[2018.09.20-09.37.45:570][  0]LogDerivedDataCache: Saved boot cache 0.11s 71MB C:/Users/s163390/AppData/Local/UnrealEngine/4.20/DerivedDataCache/Boot.ddc.
[2018.09.20-09.37.45:578][  0]LogInit: Texture streaming: Enabled
[2018.09.20-09.37.45:596][  0]LogEngineSessionManager: EngineSessionManager initialized
[2018.09.20-09.37.45:607][  0]LogInit: Transaction tracking system initialized
[2018.09.20-09.37.45:630][  0]BlueprintLog: New page: Editor Load
[2018.09.20-09.37.45:707][  0]LocalizationService: Localization service is disabled
[2018.09.20-09.37.45:770][  0]LogLinker: Warning: Can't find file '/Game/ThirdPersonBP/ThirdPersonOverview'
[2018.09.20-09.37.45:771][  0]LogLinker: Warning: Can't find file '/Game/ThirdPersonBP/ThirdPersonOverview'
[2018.09.20-09.37.45:771][  0]LogUObjectGlobals: Warning: Failed to find object 'Class /Game/ThirdPersonBP/ThirdPersonOverview.ThirdPersonOverview_C'
[2018.09.20-09.37.45:996][  0]LogCook: Display: Max memory allowance for cook 16384mb min free memory 0mb
[2018.09.20-09.37.45:996][  0]LogCook: Display: Mobile HDR setting 1
[2018.09.20-09.37.45:997][  0]LogGameplayTags: Display: UGameplayTagsManager::DoneAddingNativeTags. DelegateIsBound: 0
[2018.09.20-09.37.45:997][  0]LogStats: UGameplayTagsManager::ConstructGameplayTagTree: ImportINI prefixes -  0.000 s
[2018.09.20-09.37.45:997][  0]LogStats: UGameplayTagsManager::ConstructGameplayTagTree: Construct from data asset -  0.000 s
[2018.09.20-09.37.45:997][  0]LogStats: UGameplayTagsManager::ConstructGameplayTagTree: ImportINI -  0.000 s
[2018.09.20-09.37.45:997][  0]LogStats: UGameplayTagsManager::ConstructGameplayTagTree: GameplayTagTreeChangedEvent.Broadcast -  0.000 s
[2018.09.20-09.37.46:133][  0]LogFileCache: Scanning file cache for directory 'C:/Users/s163390/Documents/University/Year 3/[DZC10] Design for Games Play I/Shadow_Game/GameFiles/Content/' took 0.02s
[2018.09.20-09.37.46:133][  0]SourceControl: Source control is disabled
[2018.09.20-09.37.46:134][  0]LightingResults: New page: Lighting Build
[2018.09.20-09.37.46:137][  0]MapCheck: New page: Map Check
[2018.09.20-09.37.46:137][  0]LightingResults: New page: Lighting Build
[2018.09.20-09.37.46:681][  0]LogAIModule: Creating AISystem for world TopDownExampleMap
[2018.09.20-09.37.46:693][  0]LogEditorServer: Finished looking for orphan Actors (0.000 secs)
[2018.09.20-09.37.46:721][  0]Cmd: MAP CHECKDEP NOCLEARLOG
[2018.09.20-09.37.46:815][  0]MapCheck: Map check complete: 0 Error(s), 0 Warning(s), took 93,694ms to complete.
[2018.09.20-09.37.46:815][  0]LogFileHelpers: Loading map 'TopDownExampleMap' took 0.681
[2018.09.20-09.37.46:881][  0]LogWindowsTextInputMethodSystem: Display: IME system now deactivated.
[2018.09.20-09.37.46:919][  0]LogSlate: Updating window title bar state: overlay mode, drag disabled, window buttons hidden, title bar hidden
[2018.09.20-09.37.46:928][  0]LogSlate: Updating window title bar state: overlay mode, drag disabled, window buttons hidden, title bar hidden
[2018.09.20-09.37.46:938][  0]LogSlate: Updating window title bar state: overlay mode, drag disabled, window buttons hidden, title bar hidden
[2018.09.20-09.37.46:947][  0]LogSlate: Updating window title bar state: overlay mode, drag disabled, window buttons hidden, title bar hidden
[2018.09.20-09.37.46:953][  0]LogCollectionManager: Loaded 0 collections in 0.001706 seconds
[2018.09.20-09.37.46:999][  0]LogFileCache: Scanning file cache for directory 'C:/Users/s163390/Documents/University/Year 3/[DZC10] Design for Games Play I/Shadow_Game/GameFiles/Saved/Collections/' took 0.01s
[2018.09.20-09.37.46:999][  0]LogFileCache: Scanning file cache for directory 'C:/Users/s163390/Documents/University/Year 3/[DZC10] Design for Games Play I/Shadow_Game/GameFiles/Content/Developers/s163390/Collections/' took 0.01s
[2018.09.20-09.37.46:999][  0]LogFileCache: Scanning file cache for directory 'C:/Users/s163390/Documents/University/Year 3/[DZC10] Design for Games Play I/Shadow_Game/GameFiles/Content/Collections/' took 0.01s
[2018.09.20-09.37.46:999][  0]LogCollectionManager: Rebuilt the GUID cache for 0 collections in 0.000000 seconds
[2018.09.20-09.37.47:010][  0]LogContentBrowser: Native class hierarchy populated in 0.0107 seconds. Added 2572 classes and 603 folders.
[2018.09.20-09.37.47:016][  0]LogContentBrowser: Native class hierarchy updated for 'WidgetCarousel' in 0.0003 seconds. Added 0 classes and 0 folders.
[2018.09.20-09.37.47:076][  0]LogContentBrowser: Native class hierarchy updated for 'AddContentDialog' in 0.0003 seconds. Added 0 classes and 0 folders.
[2018.09.20-09.37.47:081][  0]LogContentBrowser: Native class hierarchy updated for 'SceneOutliner' in 0.0003 seconds. Added 1 classes and 2 folders.
[2018.09.20-09.37.47:097][  0]LogSlate: Took 0.000435 seconds to synchronously load lazily loaded font '../../../Engine/Content/Slate/Fonts/Roboto-Regular.ttf' (155K)
[2018.09.20-09.37.47:102][  0]LogSlate: Took 0.001256 seconds to synchronously load lazily loaded font '../../../Engine/Content/Slate/Fonts/Roboto-Bold.ttf' (160K)
[2018.09.20-09.37.47:109][  0]LogSlate: Took 0.000303 seconds to synchronously load lazily loaded font '../../../Engine/Content/Editor/Slate/Fonts/FontAwesome.ttf' (139K)
[2018.09.20-09.37.47:208][  0]LogRenderer: Reallocating scene render targets to support 964x436 Format 10 NumSamples 1 (Frame:1).
[2018.09.20-09.37.47:472][  0]LogContentBrowser: Native class hierarchy updated for 'HierarchicalLODOutliner' in 0.0008 seconds. Added 0 classes and 0 folders.
[2018.09.20-09.37.47:473][  0]LogLoad: (Engine Initialization) Total time: 10.22 seconds
[2018.09.20-09.37.47:473][  0]LogLoad: (Engine Initialization) Total Blueprint compile time: 0.00 seconds
[2018.09.20-09.37.47:529][  0]LogContentStreaming: Texture pool size now 1000 MB
[2018.09.20-09.37.47:558][  0]LogSlate: Took 0.000353 seconds to synchronously load lazily loaded font '../../../Engine/Content/Slate/Fonts/Roboto-Light.ttf' (167K)
[2018.09.20-09.37.47:603][  2]LogAssetRegistry: Asset discovery search completed in 5.6134 seconds
[2018.09.20-09.37.47:604][  2]LogCollectionManager: Rebuilt the object cache for 0 collections in 0.000000 seconds (found 0 objects)
[2018.09.20-09.37.47:604][  2]LogCollectionManager: Fixed up redirectors for 0 collections in 0.000051 seconds (updated 0 objects)
[2018.09.20-09.37.48:506][ 29]LogSlate: Took 0.000339 seconds to synchronously load lazily loaded font '../../../Engine/Content/Slate/Fonts/Roboto-Light.ttf' (167K)
[2018.09.20-09.38.08:920][900]LogEditorViewport: Clicking on Actor (LMB): StaticMeshActor (Floor)
[2018.09.20-09.38.47:351][442]LogSlate: FSceneViewport::OnFocusLost() reason 0
[2018.09.20-09.38.47:352][442]LogTemp: Repeating last play command: Selected Viewport
[2018.09.20-09.38.47:405][442]LogBlueprintUserMessages: Early PlayInEditor Detection: Level '/Game/TopDownBP/Maps/TopDownExampleMap.TopDownExampleMap:PersistentLevel' has LevelScriptBlueprint '/Game/TopDownBP/Maps/TopDownExampleMap.TopDownExampleMap:PersistentLevel.TopDownExampleMap' with GeneratedClass '/Game/TopDownBP/Maps/TopDownExampleMap.TopDownExampleMap_C' with ClassGeneratedBy '/Game/TopDownBP/Maps/TopDownExampleMap.TopDownExampleMap:PersistentLevel.TopDownExampleMap'
[2018.09.20-09.38.47:406][442]LogPlayLevel: PlayLevel: No blueprints needed recompiling
[2018.09.20-09.38.47:421][442]PIE: New page: PIE session: TopDownExampleMap (20 sep. 2018 13:38:47)
[2018.09.20-09.38.47:421][442]LogPlayLevel: Creating play world package: /Game/TopDownBP/Maps/UEDPIE_0_TopDownExampleMap
[2018.09.20-09.38.47:453][442]LogPlayLevel: PIE: StaticDuplicateObject took: (0.031827s)
[2018.09.20-09.38.47:455][442]LogAIModule: Creating AISystem for world TopDownExampleMap
[2018.09.20-09.38.47:455][442]LogPlayLevel: PIE: World Init took: (0.001665s)
[2018.09.20-09.38.47:455][442]LogPlayLevel: PIE: Created PIE world by copying editor world from /Game/TopDownBP/Maps/TopDownExampleMap.TopDownExampleMap to /Game/TopDownBP/Maps/UEDPIE_0_TopDownExampleMap.TopDownExampleMap (0.033837s)
[2018.09.20-09.38.47:492][442]LogInit: XAudio2 using 'Speakers (Conexant ISST Audio)' : 2 channels at 48 kHz using 32 bits per sample (channel mask 0x3)
[2018.09.20-09.38.47:498][442]LogInit: FAudioDevice initialized.
[2018.09.20-09.38.47:546][442]LogLoad: Game class is 'TopDownGameMode_C'
[2018.09.20-09.38.47:557][442]LogWorld: Bringing World /Game/TopDownBP/Maps/UEDPIE_0_TopDownExampleMap.TopDownExampleMap up for play (max tick rate 60) at 2018.09.20-11.38.47
[2018.09.20-09.38.47:561][442]LogWorld: Bringing up level for play took: 0.007947
[2018.09.20-09.38.47:606][442]LogContentBrowser: Native class hierarchy updated for 'MovieSceneCapture' in 0.0011 seconds. Added 10 classes and 0 folders.
[2018.09.20-09.38.47:610][442]PIE: Play in editor start time for /Game/TopDownBP/Maps/UEDPIE_0_TopDownExampleMap -0,14
[2018.09.20-09.38.47:611][442]LogBlueprintUserMessages: Late PlayInEditor Detection: Level '/Game/TopDownBP/Maps/TopDownExampleMap.TopDownExampleMap:PersistentLevel' has LevelScriptBlueprint '/Game/TopDownBP/Maps/TopDownExampleMap.TopDownExampleMap:PersistentLevel.TopDownExampleMap' with GeneratedClass '/Game/TopDownBP/Maps/TopDownExampleMap.TopDownExampleMap_C' with ClassGeneratedBy '/Game/TopDownBP/Maps/TopDownExampleMap.TopDownExampleMap:PersistentLevel.TopDownExampleMap'
[2018.09.20-09.39.09:013][246]LogSlate: FSceneViewport::OnFocusLost() reason 0
[2018.09.20-09.39.09:016][246]LogBlueprintUserMessages: Early EndPlayMap Detection: Level '/Game/TopDownBP/Maps/TopDownExampleMap.TopDownExampleMap:PersistentLevel' has LevelScriptBlueprint '/Game/TopDownBP/Maps/TopDownExampleMap.TopDownExampleMap:PersistentLevel.TopDownExampleMap' with GeneratedClass '/Game/TopDownBP/Maps/TopDownExampleMap.TopDownExampleMap_C' with ClassGeneratedBy '/Game/TopDownBP/Maps/TopDownExampleMap.TopDownExampleMap:PersistentLevel.TopDownExampleMap'
[2018.09.20-09.39.09:016][246]LogSlate: Updating window title bar state: overlay mode, drag disabled, window buttons hidden, title bar hidden
[2018.09.20-09.39.09:080][246]LogPlayLevel: Display: Shutting down PIE online subsystems
[2018.09.20-09.39.09:081][246]LogBlueprintUserMessages: Late EndPlayMap Detection: Level '/Game/TopDownBP/Maps/TopDownExampleMap.TopDownExampleMap:PersistentLevel' has LevelScriptBlueprint '/Game/TopDownBP/Maps/TopDownExampleMap.TopDownExampleMap:PersistentLevel.TopDownExampleMap' with GeneratedClass '/Game/TopDownBP/Maps/TopDownExampleMap.TopDownExampleMap_C' with ClassGeneratedBy '/Game/TopDownBP/Maps/TopDownExampleMap.TopDownExampleMap:PersistentLevel.TopDownExampleMap'
[2018.09.20-09.39.09:164][246]LogSlate: Updating window title bar state: overlay mode, drag disabled, window buttons hidden, title bar hidden
[2018.09.20-09.39.09:201][247]LogPlayLevel: Display: Destroying online subsystem :Context_3
[2018.09.20-09.39.16:944][560]LogAssetEditorManager: Opening Asset editor for Blueprint /Game/TopDownBP/Blueprints/TopDownCharacter.TopDownCharacter
[2018.09.20-09.39.17:646][560]LogContentBrowser: Native class hierarchy updated for 'BlueprintGraph' in 0.0007 seconds. Added 116 classes and 0 folders.
[2018.09.20-09.39.18:523][560]LogSlate: Took 0.000366 seconds to synchronously load lazily loaded font '../../../Engine/Content/Slate/Fonts/Roboto-BoldCondensed.ttf' (158K)
[2018.09.20-09.39.18:684][561]LogSlate: Took 0.000317 seconds to synchronously load lazily loaded font '../../../Engine/Content/Slate/Fonts/Roboto-Italic.ttf' (157K)
[2018.09.20-09.40.34:858][ 97]LogSavePackage: Moving '../../../../../../Users/s163390/Documents/University/Year 3/[DZC10] Design for Games Play I/Shadow_Game/GameFiles/Saved/TopDownCharacterEDA2DE324DFABFE75AE572A056E3F57F.tmp' to '../../../../../../Users/s163390/Documents/University/Year 3/[DZC10] Design for Games Play I/Shadow_Game/GameFiles/Content/TopDownBP/Blueprints/TopDownCharacter.uasset'
[2018.09.20-09.40.36:634][203]BlueprintLog: New page: Compile TopDownCharacter
[2018.09.20-09.40.40:278][354]LogTemp: Repeating last play command: Selected Viewport
[2018.09.20-09.40.40:338][354]LogBlueprintUserMessages: Early PlayInEditor Detection: Level '/Game/TopDownBP/Maps/TopDownExampleMap.TopDownExampleMap:PersistentLevel' has LevelScriptBlueprint '/Game/TopDownBP/Maps/TopDownExampleMap.TopDownExampleMap:PersistentLevel.TopDownExampleMap' with GeneratedClass '/Game/TopDownBP/Maps/TopDownExampleMap.TopDownExampleMap_C' with ClassGeneratedBy '/Game/TopDownBP/Maps/TopDownExampleMap.TopDownExampleMap:PersistentLevel.TopDownExampleMap'
[2018.09.20-09.40.40:339][354]LogPlayLevel: PlayLevel: No blueprints needed recompiling
[2018.09.20-09.40.40:339][354]PIE: New page: PIE session: TopDownExampleMap (20 sep. 2018 13:40:40)
[2018.09.20-09.40.40:339][354]LogPlayLevel: Creating play world package: /Game/TopDownBP/Maps/UEDPIE_0_TopDownExampleMap
[2018.09.20-09.40.40:361][354]LogPlayLevel: PIE: StaticDuplicateObject took: (0.021625s)
[2018.09.20-09.40.40:362][354]LogAIModule: Creating AISystem for world TopDownExampleMap
[2018.09.20-09.40.40:362][354]LogPlayLevel: PIE: World Init took: (0.001225s)
[2018.09.20-09.40.40:362][354]LogPlayLevel: PIE: Created PIE world by copying editor world from /Game/TopDownBP/Maps/TopDownExampleMap.TopDownExampleMap to /Game/TopDownBP/Maps/UEDPIE_0_TopDownExampleMap.TopDownExampleMap (0.023081s)
[2018.09.20-09.40.40:417][354]LogInit: XAudio2 using 'Speakers (Conexant ISST Audio)' : 2 channels at 48 kHz using 32 bits per sample (channel mask 0x3)
[2018.09.20-09.40.40:422][354]LogInit: FAudioDevice initialized.
[2018.09.20-09.40.40:454][354]LogLoad: Game class is 'TopDownGameMode_C'
[2018.09.20-09.40.40:458][354]LogWorld: Bringing World /Game/TopDownBP/Maps/UEDPIE_0_TopDownExampleMap.TopDownExampleMap up for play (max tick rate 60) at 2018.09.20-11.40.40
[2018.09.20-09.40.40:458][354]LogWorld: Bringing up level for play took: 0.001963
[2018.09.20-09.40.40:471][354]PIE: Play in editor start time for /Game/TopDownBP/Maps/UEDPIE_0_TopDownExampleMap 0,72
[2018.09.20-09.40.40:472][354]LogBlueprintUserMessages: Late PlayInEditor Detection: Level '/Game/TopDownBP/Maps/TopDownExampleMap.TopDownExampleMap:PersistentLevel' has LevelScriptBlueprint '/Game/TopDownBP/Maps/TopDownExampleMap.TopDownExampleMap:PersistentLevel.TopDownExampleMap' with GeneratedClass '/Game/TopDownBP/Maps/TopDownExampleMap.TopDownExampleMap_C' with ClassGeneratedBy '/Game/TopDownBP/Maps/TopDownExampleMap.TopDownExampleMap:PersistentLevel.TopDownExampleMap'
[2018.09.20-09.40.53:632][802]LogSlate: FSceneViewport::OnFocusLost() reason 0
[2018.09.20-09.40.53:713][805]LogBlueprintUserMessages: Early EndPlayMap Detection: Level '/Game/TopDownBP/Maps/TopDownExampleMap.TopDownExampleMap:PersistentLevel' has LevelScriptBlueprint '/Game/TopDownBP/Maps/TopDownExampleMap.TopDownExampleMap:PersistentLevel.TopDownExampleMap' with GeneratedClass '/Game/TopDownBP/Maps/TopDownExampleMap.TopDownExampleMap_C' with ClassGeneratedBy '/Game/TopDownBP/Maps/TopDownExampleMap.TopDownExampleMap:PersistentLevel.TopDownExampleMap'
[2018.09.20-09.40.53:713][805]LogSlate: Updating window title bar state: overlay mode, drag disabled, window buttons hidden, title bar hidden
[2018.09.20-09.40.53:751][805]LogPlayLevel: Display: Shutting down PIE online subsystems
[2018.09.20-09.40.53:751][805]LogBlueprintUserMessages: Late EndPlayMap Detection: Level '/Game/TopDownBP/Maps/TopDownExampleMap.TopDownExampleMap:PersistentLevel' has LevelScriptBlueprint '/Game/TopDownBP/Maps/TopDownExampleMap.TopDownExampleMap:PersistentLevel.TopDownExampleMap' with GeneratedClass '/Game/TopDownBP/Maps/TopDownExampleMap.TopDownExampleMap_C' with ClassGeneratedBy '/Game/TopDownBP/Maps/TopDownExampleMap.TopDownExampleMap:PersistentLevel.TopDownExampleMap'
[2018.09.20-09.40.53:827][805]LogSlate: Updating window title bar state: overlay mode, drag disabled, window buttons hidden, title bar hidden
[2018.09.20-09.40.53:853][806]LogPlayLevel: Display: Destroying online subsystem :Context_7
[2018.09.20-09.42.39:363][109]LogRenderer: Reallocating scene render targets to support 964x688 Format 10 NumSamples 1 (Frame:1).
[2018.09.20-09.43.17:534][847]LogSlate: FSceneViewport::OnFocusLost() reason 2
[2018.09.20-09.43.21:526][ 81]LogSlate: FSceneViewport::OnFocusLost() reason 2
[2018.09.20-09.43.45:368][120]LogSlate: FSceneViewport::OnFocusLost() reason 0
[2018.09.20-09.43.58:917][704]LogEditorViewport: Clicking on Actor (LMB): BP_Sky_Sphere_C (SkySphereBlueprint)
[2018.09.20-09.44.26:431][741]LogEditorViewport: Clicking on Actor (LMB): SkyLight (SkyLight)
[2018.09.20-09.44.37:907][200]LogSlate: FSceneViewport::OnFocusLost() reason 0
[2018.09.20-09.44.40:482][307]LogTemp: Repeating last play command: Selected Viewport
[2018.09.20-09.44.40:531][307]LogBlueprintUserMessages: Early PlayInEditor Detection: Level '/Game/TopDownBP/Maps/TopDownExampleMap.TopDownExampleMap:PersistentLevel' has LevelScriptBlueprint '/Game/TopDownBP/Maps/TopDownExampleMap.TopDownExampleMap:PersistentLevel.TopDownExampleMap' with GeneratedClass '/Game/TopDownBP/Maps/TopDownExampleMap.TopDownExampleMap_C' with ClassGeneratedBy '/Game/TopDownBP/Maps/TopDownExampleMap.TopDownExampleMap:PersistentLevel.TopDownExampleMap'
[2018.09.20-09.44.40:531][307]BlueprintLog: New page: Pre-Play auto-recompile
[2018.09.20-09.44.40:597][307]LogPlayLevel: [PlayLevel] Compiling TopDownCharacter before play...
[2018.09.20-09.44.40:900][307]LogPlayLevel: PlayLevel: Blueprint regeneration took 368 ms (1 blueprints)
[2018.09.20-09.44.40:900][307]PIE: New page: PIE session: TopDownExampleMap (20 sep. 2018 13:44:40)
[2018.09.20-09.44.40:900][307]LogPlayLevel: Creating play world package: /Game/TopDownBP/Maps/UEDPIE_0_TopDownExampleMap
[2018.09.20-09.44.40:913][307]LogPlayLevel: PIE: StaticDuplicateObject took: (0.013309s)
[2018.09.20-09.44.40:914][307]LogAIModule: Creating AISystem for world TopDownExampleMap
[2018.09.20-09.44.40:914][307]LogPlayLevel: PIE: World Init took: (0.001065s)
[2018.09.20-09.44.40:914][307]LogPlayLevel: PIE: Created PIE world by copying editor world from /Game/TopDownBP/Maps/TopDownExampleMap.TopDownExampleMap to /Game/TopDownBP/Maps/UEDPIE_0_TopDownExampleMap.TopDownExampleMap (0.014571s)
[2018.09.20-09.44.40:958][307]LogInit: XAudio2 using 'Speakers (Conexant ISST Audio)' : 2 channels at 48 kHz using 32 bits per sample (channel mask 0x3)
[2018.09.20-09.44.40:963][307]LogInit: FAudioDevice initialized.
[2018.09.20-09.44.40:999][307]LogLoad: Game class is 'TopDownGameMode_C'
[2018.09.20-09.44.41:009][307]LogWorld: Bringing World /Game/TopDownBP/Maps/UEDPIE_0_TopDownExampleMap.TopDownExampleMap up for play (max tick rate 60) at 2018.09.20-11.44.41
[2018.09.20-09.44.41:010][307]LogWorld: Bringing up level for play took: 0.009382
[2018.09.20-09.44.41:023][307]PIE: Play in editor start time for /Game/TopDownBP/Maps/UEDPIE_0_TopDownExampleMap 1,269
[2018.09.20-09.44.41:023][307]LogBlueprintUserMessages: Late PlayInEditor Detection: Level '/Game/TopDownBP/Maps/TopDownExampleMap.TopDownExampleMap:PersistentLevel' has LevelScriptBlueprint '/Game/TopDownBP/Maps/TopDownExampleMap.TopDownExampleMap:PersistentLevel.TopDownExampleMap' with GeneratedClass '/Game/TopDownBP/Maps/TopDownExampleMap.TopDownExampleMap_C' with ClassGeneratedBy '/Game/TopDownBP/Maps/TopDownExampleMap.TopDownExampleMap:PersistentLevel.TopDownExampleMap'
[2018.09.20-09.45.03:110][157]LogSlate: FSceneViewport::OnFocusLost() reason 0
[2018.09.20-09.45.03:113][157]LogBlueprintUserMessages: Early EndPlayMap Detection: Level '/Game/TopDownBP/Maps/TopDownExampleMap.TopDownExampleMap:PersistentLevel' has LevelScriptBlueprint '/Game/TopDownBP/Maps/TopDownExampleMap.TopDownExampleMap:PersistentLevel.TopDownExampleMap' with GeneratedClass '/Game/TopDownBP/Maps/TopDownExampleMap.TopDownExampleMap_C' with ClassGeneratedBy '/Game/TopDownBP/Maps/TopDownExampleMap.TopDownExampleMap:PersistentLevel.TopDownExampleMap'
[2018.09.20-09.45.03:113][157]LogSlate: Updating window title bar state: overlay mode, drag disabled, window buttons hidden, title bar hidden
[2018.09.20-09.45.03:171][157]LogPlayLevel: Display: Shutting down PIE online subsystems
[2018.09.20-09.45.03:172][157]LogBlueprintUserMessages: Late EndPlayMap Detection: Level '/Game/TopDownBP/Maps/TopDownExampleMap.TopDownExampleMap:PersistentLevel' has LevelScriptBlueprint '/Game/TopDownBP/Maps/TopDownExampleMap.TopDownExampleMap:PersistentLevel.TopDownExampleMap' with GeneratedClass '/Game/TopDownBP/Maps/TopDownExampleMap.TopDownExampleMap_C' with ClassGeneratedBy '/Game/TopDownBP/Maps/TopDownExampleMap.TopDownExampleMap:PersistentLevel.TopDownExampleMap'
[2018.09.20-09.45.03:272][157]LogSlate: Updating window title bar state: overlay mode, drag disabled, window buttons hidden, title bar hidden
[2018.09.20-09.45.03:301][158]LogPlayLevel: Display: Destroying online subsystem :Context_8
[2018.09.20-09.45.05:150][239]LogTemp: Repeating last play command: Selected Viewport
[2018.09.20-09.45.05:214][239]LogBlueprintUserMessages: Early PlayInEditor Detection: Level '/Game/TopDownBP/Maps/TopDownExampleMap.TopDownExampleMap:PersistentLevel' has LevelScriptBlueprint '/Game/TopDownBP/Maps/TopDownExampleMap.TopDownExampleMap:PersistentLevel.TopDownExampleMap' with GeneratedClass '/Game/TopDownBP/Maps/TopDownExampleMap.TopDownExampleMap_C' with ClassGeneratedBy '/Game/TopDownBP/Maps/TopDownExampleMap.TopDownExampleMap:PersistentLevel.TopDownExampleMap'
[2018.09.20-09.45.05:215][239]LogPlayLevel: PlayLevel: No blueprints needed recompiling
[2018.09.20-09.45.05:215][239]PIE: New page: PIE session: TopDownExampleMap (20 sep. 2018 13:45:05)
[2018.09.20-09.45.05:215][239]LogPlayLevel: Creating play world package: /Game/TopDownBP/Maps/UEDPIE_0_TopDownExampleMap
[2018.09.20-09.45.05:245][239]LogPlayLevel: PIE: StaticDuplicateObject took: (0.029861s)
[2018.09.20-09.45.05:246][239]LogAIModule: Creating AISystem for world TopDownExampleMap
[2018.09.20-09.45.05:247][239]LogPlayLevel: PIE: World Init took: (0.001628s)
[2018.09.20-09.45.05:247][239]LogPlayLevel: PIE: Created PIE world by copying editor world from /Game/TopDownBP/Maps/TopDownExampleMap.TopDownExampleMap to /Game/TopDownBP/Maps/UEDPIE_0_TopDownExampleMap.TopDownExampleMap (0.031831s)
[2018.09.20-09.45.05:292][239]LogInit: XAudio2 using 'Speakers (Conexant ISST Audio)' : 2 channels at 48 kHz using 32 bits per sample (channel mask 0x3)
[2018.09.20-09.45.05:296][239]LogInit: FAudioDevice initialized.
[2018.09.20-09.45.05:331][239]LogLoad: Game class is 'TopDownGameMode_C'
[2018.09.20-09.45.05:337][239]LogWorld: Bringing World /Game/TopDownBP/Maps/UEDPIE_0_TopDownExampleMap.TopDownExampleMap up for play (max tick rate 60) at 2018.09.20-11.45.05
[2018.09.20-09.45.05:338][239]LogWorld: Bringing up level for play took: 0.004662
[2018.09.20-09.45.05:353][239]PIE: Play in editor start time for /Game/TopDownBP/Maps/UEDPIE_0_TopDownExampleMap -0,401
[2018.09.20-09.45.05:354][239]LogBlueprintUserMessages: Late PlayInEditor Detection: Level '/Game/TopDownBP/Maps/TopDownExampleMap.TopDownExampleMap:PersistentLevel' has LevelScriptBlueprint '/Game/TopDownBP/Maps/TopDownExampleMap.TopDownExampleMap:PersistentLevel.TopDownExampleMap' with GeneratedClass '/Game/TopDownBP/Maps/TopDownExampleMap.TopDownExampleMap_C' with ClassGeneratedBy '/Game/TopDownBP/Maps/TopDownExampleMap.TopDownExampleMap:PersistentLevel.TopDownExampleMap'
[2018.09.20-09.45.40:715][660]LogSlate: FSceneViewport::OnFocusLost() reason 0
[2018.09.20-09.45.40:786][662]LogBlueprintUserMessages: Early EndPlayMap Detection: Level '/Game/TopDownBP/Maps/TopDownExampleMap.TopDownExampleMap:PersistentLevel' has LevelScriptBlueprint '/Game/TopDownBP/Maps/TopDownExampleMap.TopDownExampleMap:PersistentLevel.TopDownExampleMap' with GeneratedClass '/Game/TopDownBP/Maps/TopDownExampleMap.TopDownExampleMap_C' with ClassGeneratedBy '/Game/TopDownBP/Maps/TopDownExampleMap.TopDownExampleMap:PersistentLevel.TopDownExampleMap'
[2018.09.20-09.45.40:787][662]LogSlate: Updating window title bar state: overlay mode, drag disabled, window buttons hidden, title bar hidden
[2018.09.20-09.45.40:833][662]LogPlayLevel: Display: Shutting down PIE online subsystems
[2018.09.20-09.45.40:833][662]LogBlueprintUserMessages: Late EndPlayMap Detection: Level '/Game/TopDownBP/Maps/TopDownExampleMap.TopDownExampleMap:PersistentLevel' has LevelScriptBlueprint '/Game/TopDownBP/Maps/TopDownExampleMap.TopDownExampleMap:PersistentLevel.TopDownExampleMap' with GeneratedClass '/Game/TopDownBP/Maps/TopDownExampleMap.TopDownExampleMap_C' with ClassGeneratedBy '/Game/TopDownBP/Maps/TopDownExampleMap.TopDownExampleMap:PersistentLevel.TopDownExampleMap'
[2018.09.20-09.45.40:910][662]LogSlate: Updating window title bar state: overlay mode, drag disabled, window buttons hidden, title bar hidden
[2018.09.20-09.45.40:932][663]LogPlayLevel: Display: Destroying online subsystem :Context_9
[2018.09.20-09.45.46:879][909]LogSlate: FSceneViewport::OnFocusLost() reason 0
[2018.09.20-09.45.50:078][ 83]LogSavePackage: Moving '../../../../../../Users/s163390/Documents/University/Year 3/[DZC10] Design for Games Play I/Shadow_Game/GameFiles/Saved/TopDownCharacter461DCE6D45BEA389C2C6CB91E854B1DE.tmp' to '../../../../../../Users/s163390/Documents/University/Year 3/[DZC10] Design for Games Play I/Shadow_Game/GameFiles/Content/TopDownBP/Blueprints/TopDownCharacter.uasset'
[2018.09.20-09.46.02:506][773]LogEditorViewport: Clicking on Actor (LMB): SkyLight (SkyLight)
[2018.09.20-09.46.06:920][953]LogSlate: FSceneViewport::OnFocusLost() reason 0
[2018.09.20-09.46.09:281][ 36]LogSavePackage: Moving '../../../../../../Users/s163390/Documents/University/Year 3/[DZC10] Design for Games Play I/Shadow_Game/GameFiles/Saved/TopDownExampleMap6C3294F74FB708BD07E58C9EAF179329.tmp' to '../../../../../../Users/s163390/Documents/University/Year 3/[DZC10] Design for Games Play I/Shadow_Game/GameFiles/Content/TopDownBP/Maps/TopDownExampleMap.umap'
[2018.09.20-09.46.09:544][ 36]LogSavePackage: Moving '../../../../../../Users/s163390/Documents/University/Year 3/[DZC10] Design for Games Play I/Shadow_Game/GameFiles/Saved/TopDownExampleMap_BuiltData4A2CD3EC4113A39FB889939DB1B03A95.tmp' to '../../../../../../Users/s163390/Documents/University/Year 3/[DZC10] Design for Games Play I/Shadow_Game/GameFiles/Content/TopDownBP/Maps/TopDownExampleMap_BuiltData.uasset'
[2018.09.20-09.47.21:600][302]LogSlate: Window 'Tutorials' being destroyed
[2018.09.20-09.48.20:852][565]LogAssetEditorManager: Opening Asset editor for Blueprint /Game/Blueprints/Death_Pit.Death_Pit
[2018.09.20-09.48.48:193][421]LogSlate: Window 'Death_Pit*' being destroyed
[2018.09.20-09.52.17:341][979]LogAssetEditorManager: Opening Asset editor for Blueprint /Game/Interactions/Pit_Interact.Pit_Interact
[2018.09.20-09.52.43:509][506]LogAssetEditorManager: Opening Asset editor for Blueprint /Game/Interactions/Light_Interact.Light_Interact
[2018.09.20-09.53.01:265][547]LogSlate: Took 0.012756 seconds to synchronously load lazily loaded font '../../../Engine/Content/Slate/Fonts/Roboto-BoldCondensedItalic.ttf' (160K)
[2018.09.20-09.53.12:387][208]LogSavePackage: Moving '../../../../../../Users/s163390/Documents/University/Year 3/[DZC10] Design for Games Play I/Shadow_Game/GameFiles/Saved/Pit_Interact4360F37D45FBFA03B8D28298598B8E4D.tmp' to '../../../../../../Users/s163390/Documents/University/Year 3/[DZC10] Design for Games Play I/Shadow_Game/GameFiles/Content/Interactions/Pit_Interact.uasset'
[2018.09.20-09.53.25:351][902]LogAssetEditorManager: Opening Asset editor for Blueprint /Game/Blueprints/Light_Token.Light_Token
[2018.09.20-09.56.15:330][697]BlueprintLog: New page: Compile Pit_Interact
[2018.09.20-09.56.18:138][858]LogSavePackage: Moving '../../../../../../Users/s163390/Documents/University/Year 3/[DZC10] Design for Games Play I/Shadow_Game/GameFiles/Saved/Pit_Interact5B287CA24D156D30AD0158A2519CCA72.tmp' to '../../../../../../Users/s163390/Documents/University/Year 3/[DZC10] Design for Games Play I/Shadow_Game/GameFiles/Content/Interactions/Pit_Interact.uasset'
[2018.09.20-09.56.49:402][683]LogSavePackage: Moving '../../../../../../Users/s163390/Documents/University/Year 3/[DZC10] Design for Games Play I/Shadow_Game/GameFiles/Saved/Death_Pit3E05D3654CBE443352C7228C96AFD4D9.tmp' to '../../../../../../Users/s163390/Documents/University/Year 3/[DZC10] Design for Games Play I/Shadow_Game/GameFiles/Content/Blueprints/Death_Pit.uasset'
[2018.09.20-09.57.58:107][715]BlueprintLog: New page: Compile Light_Token
[2018.09.20-09.57.59:542][783]LogSavePackage: Moving '../../../../../../Users/s163390/Documents/University/Year 3/[DZC10] Design for Games Play I/Shadow_Game/GameFiles/Saved/Light_TokenD37588AA4180DC6B7C7B0C9497BFE21A.tmp' to '../../../../../../Users/s163390/Documents/University/Year 3/[DZC10] Design for Games Play I/Shadow_Game/GameFiles/Content/Blueprints/Light_Token.uasset'
[2018.09.20-09.58.01:342][883]LogSavePackage: Moving '../../../../../../Users/s163390/Documents/University/Year 3/[DZC10] Design for Games Play I/Shadow_Game/GameFiles/Saved/Death_PitA585A64F4CAB4E71D044B1AC0F3606AB.tmp' to '../../../../../../Users/s163390/Documents/University/Year 3/[DZC10] Design for Games Play I/Shadow_Game/GameFiles/Content/Blueprints/Death_Pit.uasset'
[2018.09.20-09.58.02:012][923]BlueprintLog: New page: Compile Death_Pit
[2018.09.20-09.58.07:405][225]LogSlate: Prevented a slow task dialog from being summoned while a context menu was open
[2018.09.20-10.00.25:622][281]BlueprintLog: New page: Compile TopDownCharacter
[2018.09.20-10.00.27:200][346]LogSavePackage: Moving '../../../../../../Users/s163390/Documents/University/Year 3/[DZC10] Design for Games Play I/Shadow_Game/GameFiles/Saved/TopDownCharacter9589F2554673C15A7C29BA82D014804E.tmp' to '../../../../../../Users/s163390/Documents/University/Year 3/[DZC10] Design for Games Play I/Shadow_Game/GameFiles/Content/TopDownBP/Blueprints/TopDownCharacter.uasset'
[2018.09.20-10.00.52:177][820]BlueprintLog: New page: Compile TopDownCharacter
[2018.09.20-10.01.15:089][103]LogSavePackage: Moving '../../../../../../Users/s163390/Documents/University/Year 3/[DZC10] Design for Games Play I/Shadow_Game/GameFiles/Saved/TopDownCharacter0B0FA09F411FB81B2A1BF6904DE832FF.tmp' to '../../../../../../Users/s163390/Documents/University/Year 3/[DZC10] Design for Games Play I/Shadow_Game/GameFiles/Content/TopDownBP/Blueprints/TopDownCharacter.uasset'
[2018.09.20-10.02.29:817][296]LogSavePackage: Moving '../../../../../../Users/s163390/Documents/University/Year 3/[DZC10] Design for Games Play I/Shadow_Game/GameFiles/Saved/TopDownExampleMap_Auto11150F2D841674F25B45970986EBFD725.tmp' to '../../../../../../Users/s163390/Documents/University/Year 3/[DZC10] Design for Games Play I/Shadow_Game/GameFiles/Saved/Autosaves/Game/TopDownBP/Maps/TopDownExampleMap_Auto1.umap'
[2018.09.20-10.02.29:826][296]LogFileHelpers: Editor autosave (incl. sublevels) for '/Game/TopDownBP/Maps/TopDownExampleMap' took 0.264
[2018.09.20-10.02.29:827][296]LogFileHelpers: Editor autosave (incl. sublevels) for all levels took 0.264
[2018.09.20-10.16.04:544][805]LogSavePackage: Moving '../../../../../../Users/s163390/Documents/University/Year 3/[DZC10] Design for Games Play I/Shadow_Game/GameFiles/Saved/TopDownExampleMap5BF569BB47FDE06C14214CB4B91BCC64.tmp' to '../../../../../../Users/s163390/Documents/University/Year 3/[DZC10] Design for Games Play I/Shadow_Game/GameFiles/Content/TopDownBP/Maps/TopDownExampleMap.umap'
[2018.09.20-10.16.04:749][805]LogSavePackage: Moving '../../../../../../Users/s163390/Documents/University/Year 3/[DZC10] Design for Games Play I/Shadow_Game/GameFiles/Saved/TopDownExampleMap_BuiltData024B8D29490C80F0713A63ACF927533A.tmp' to '../../../../../../Users/s163390/Documents/University/Year 3/[DZC10] Design for Games Play I/Shadow_Game/GameFiles/Content/TopDownBP/Maps/TopDownExampleMap_BuiltData.uasset'
[2018.09.20-10.16.08:683][958]LogActorComponent: UnregisterComponent: (/Engine/Transient.EditorFloorComp) Not registered. Aborting.
[2018.09.20-10.16.08:786][958]LogActorComponent: UnregisterComponent: (/Engine/Transient.EditorFloorComp) Not registered. Aborting.
[2018.09.20-10.16.08:843][958]LogSlate: Window 'GameFiles - Unreal Editor' being destroyed
[2018.09.20-10.16.09:078][959]Cmd: QUIT_EDITOR
[2018.09.20-10.16.09:878][959]LogWindowsTextInputMethodSystem: Display: IME system now deactivated.
[2018.09.20-10.16.09:894][959]LogExit: Preparing to exit.
[2018.09.20-10.16.10:858][959]LogExit: Editor shut down
[2018.09.20-10.16.10:859][959]LogExit: Transaction tracking system shut down
[2018.09.20-10.16.11:624][959]LogExit: Object subsystem successfully closed.
[2018.09.20-10.16.11:647][959]LogShaderCompilers: Display: Shaders left to compile 0
[2018.09.20-10.16.11:651][959]LogD3D11RHI: Shutdown
[2018.09.20-10.16.11:651][959]LogD3D11RHI: CleanupD3DDevice
[2018.09.20-10.16.11:654][959]LogD3D11RHI: ~FD3D11DynamicRHI
[2018.09.20-10.16.11:682][959]LogModuleManager: Shutting down and abandoning module BlueprintGraph (616)
[2018.09.20-10.16.11:682][959]LogModuleManager: Shutting down and abandoning module MovieSceneCapture (614)
[2018.09.20-10.16.11:682][959]LogModuleManager: Shutting down and abandoning module Voice (612)
[2018.09.20-10.16.11:682][959]LogModuleManager: Shutting down and abandoning module HierarchicalLODOutliner (610)
[2018.09.20-10.16.11:683][959]LogModuleManager: Shutting down and abandoning module SceneOutliner (608)
[2018.09.20-10.16.11:683][959]LogModuleManager: Shutting down and abandoning module AddContentDialog (606)
[2018.09.20-10.16.11:683][959]LogModuleManager: Shutting down and abandoning module WidgetCarousel (605)
[2018.09.20-10.16.11:683][959]LogModuleManager: Shutting down and abandoning module EditorWidgets (602)
[2018.09.20-10.16.11:683][959]LogModuleManager: Shutting down and abandoning module CollectionManager (600)
[2018.09.20-10.16.11:683][959]LogModuleManager: Shutting down and abandoning module StatsViewer (598)
[2018.09.20-10.16.11:683][959]LogModuleManager: Shutting down and abandoning module FoliageEdit (596)
[2018.09.20-10.16.11:683][959]LogModuleManager: Shutting down and abandoning module LandscapeEditor (594)
[2018.09.20-10.16.11:683][959]LogModuleManager: Shutting down and abandoning module MeshPaintMode (592)
[2018.09.20-10.16.11:684][959]LogModuleManager: Shutting down and abandoning module SceneDepthPickerMode (590)
[2018.09.20-10.16.11:684][959]LogModuleManager: Shutting down and abandoning module ActorPickerMode (588)
[2018.09.20-10.16.11:684][959]LogModuleManager: Shutting down and abandoning module GeometryMode (586)
[2018.09.20-10.16.11:684][959]LogModuleManager: Shutting down and abandoning module TextureAlignMode (584)
[2018.09.20-10.16.11:684][959]LogModuleManager: Shutting down and abandoning module BspMode (582)
[2018.09.20-10.16.11:684][959]LogModuleManager: Shutting down and abandoning module PIEPreviewDeviceProfileSelector (580)
[2018.09.20-10.16.11:684][959]LogModuleManager: Shutting down and abandoning module SequenceRecorderSections (578)
[2018.09.20-10.16.11:684][959]LogModuleManager: Shutting down and abandoning module AutomationWorker (576)
[2018.09.20-10.16.11:684][959]LogModuleManager: Shutting down and abandoning module AudioCaptureEditor (574)
[2018.09.20-10.16.11:684][959]LogModuleManager: Shutting down and abandoning module SequenceRecorder (573)
[2018.09.20-10.16.11:684][959]LogModuleManager: Shutting down and abandoning module MatineeToLevelSequence (570)
[2018.09.20-10.16.11:684][959]LogModuleManager: Shutting down and abandoning module LevelSequenceEditor (568)
[2018.09.20-10.16.11:684][959]LogModuleManager: Shutting down and abandoning module PlacementMode (567)
[2018.09.20-10.16.11:684][959]LogModuleManager: Shutting down and abandoning module MaterialEditor (566)
[2018.09.20-10.16.11:684][959]LogModuleManager: Shutting down and abandoning module WmfMediaFactory (562)
[2018.09.20-10.16.11:684][959]LogModuleManager: Shutting down and abandoning module WmfMediaEditor (560)
[2018.09.20-10.16.11:684][959]LogModuleManager: Shutting down and abandoning module MediaPlayerEditor (558)
[2018.09.20-10.16.11:684][959]LogModuleManager: Shutting down and abandoning module OpenExrWrapper (556)
[2018.09.20-10.16.11:684][959]LogModuleManager: Shutting down and abandoning module ImgMediaFactory (554)
[2018.09.20-10.16.11:684][959]LogModuleManager: Shutting down and abandoning module ImgMediaEditor (552)
[2018.09.20-10.16.11:684][959]LogModuleManager: Shutting down and abandoning module AvfMediaFactory (550)
[2018.09.20-10.16.11:684][959]LogModuleManager: Shutting down and abandoning module AvfMediaEditor (548)
[2018.09.20-10.16.11:684][959]LogModuleManager: Shutting down and abandoning module AndroidMediaFactory (546)
[2018.09.20-10.16.11:684][959]LogModuleManager: Shutting down and abandoning module AndroidMediaEditor (544)
[2018.09.20-10.16.11:684][959]LogModuleManager: Shutting down and abandoning module MagicLeapCameraPreviewFactory (542)
[2018.09.20-10.16.11:684][959]LogModuleManager: Shutting down and abandoning module MagicLeapMediaFactory (540)
[2018.09.20-10.16.11:684][959]LogModuleManager: Shutting down and abandoning module MagicLeapMediaEditor (538)
[2018.09.20-10.16.11:684][959]LogModuleManager: Shutting down and abandoning module CharacterAI (536)
[2018.09.20-10.16.11:684][959]LogModuleManager: Shutting down and abandoning module SmartSnapping (534)
[2018.09.20-10.16.11:684][959]LogModuleManager: Shutting down and abandoning module SessionServices (532)
[2018.09.20-10.16.11:684][959]LogModuleManager: Shutting down and abandoning module ViewportSnapping (530)
[2018.09.20-10.16.11:684][959]LogModuleManager: Shutting down and abandoning module ViewportInteraction (528)
[2018.09.20-10.16.11:684][959]LogModuleManager: Shutting down and abandoning module ClothPainter (526)
[2018.09.20-10.16.11:684][959]LogModuleManager: Shutting down and abandoning module SkeletalMeshEditor (525)
[2018.09.20-10.16.11:684][959]LogModuleManager: Shutting down and abandoning module LogVisualizer (522)
[2018.09.20-10.16.11:685][959]LogModuleManager: Shutting down and abandoning module IntroTutorials (520)
[2018.09.20-10.16.11:685][959]LogModuleManager: Shutting down and abandoning module GameProjectGeneration (519)
[2018.09.20-10.16.11:685][959]LogModuleManager: Shutting down and abandoning module LuminPlatformEditor (516)
[2018.09.20-10.16.11:685][959]LogModuleManager: Shutting down and abandoning module IOSPlatformEditor (514)
[2018.09.20-10.16.11:685][959]LogModuleManager: Shutting down and abandoning module HTML5PlatformEditor (512)
[2018.09.20-10.16.11:685][959]LogModuleManager: Shutting down and abandoning module AndroidPlatformEditor (510)
[2018.09.20-10.16.11:685][959]LogModuleManager: Shutting down and abandoning module AndroidDeviceDetection (509)
[2018.09.20-10.16.12:717][959]LogModuleManager: Shutting down and abandoning module WindowsPlatformEditor (506)
[2018.09.20-10.16.12:717][959]LogModuleManager: Shutting down and abandoning module LuminRuntimeSettings (504)
[2018.09.20-10.16.12:717][959]LogModuleManager: Shutting down and abandoning module IOSRuntimeSettings (502)
[2018.09.20-10.16.12:717][959]LogModuleManager: Shutting down and abandoning module AndroidRuntimeSettings (500)
[2018.09.20-10.16.12:717][959]LogModuleManager: Shutting down and abandoning module InputBindingEditor (498)
[2018.09.20-10.16.12:718][959]LogModuleManager: Shutting down and abandoning module MergeActors (496)
[2018.09.20-10.16.12:718][959]LogModuleManager: Shutting down and abandoning module LocalizationDashboard (494)
[2018.09.20-10.16.12:718][959]LogModuleManager: Shutting down and abandoning module LocalizationService (493)
[2018.09.20-10.16.12:718][959]LogModuleManager: Shutting down and abandoning module HardwareTargeting (490)
[2018.09.20-10.16.12:718][959]LogModuleManager: Shutting down and abandoning module DeviceProfileEditor (488)
[2018.09.20-10.16.12:718][959]LogModuleManager: Shutting down and abandoning module UndoHistory (486)
[2018.09.20-10.16.12:718][959]LogModuleManager: Shutting down and abandoning module XmlParser (484)
[2018.09.20-10.16.12:718][959]LogModuleManager: Shutting down and abandoning module Blutility (482)
[2018.09.20-10.16.12:718][959]LogModuleManager: Shutting down and abandoning module ProjectSettingsViewer (480)
[2018.09.20-10.16.12:718][959]LogModuleManager: Shutting down and abandoning module ProjectTargetPlatformEditor (479)
[2018.09.20-10.16.12:719][959]LogModuleManager: Shutting down and abandoning module EditorSettingsViewer (476)
[2018.09.20-10.16.12:719][959]LogModuleManager: Shutting down and abandoning module SettingsEditor (474)
[2018.09.20-10.16.12:719][959]LogModuleManager: Shutting down and abandoning module ProjectLauncher (472)
[2018.09.20-10.16.12:719][959]LogModuleManager: Shutting down and abandoning module SessionFrontend (470)
[2018.09.20-10.16.12:719][959]LogModuleManager: Shutting down and abandoning module ProfilerClient (468)
[2018.09.20-10.16.12:719][959]LogModuleManager: Shutting down and abandoning module DeviceManager (466)
[2018.09.20-10.16.12:719][959]LogModuleManager: Shutting down and abandoning module TargetDeviceServices (465)
[2018.09.20-10.16.12:772][959]LogModuleManager: Shutting down and abandoning module AutomationController (462)
[2018.09.20-10.16.12:772][959]LogModuleManager: Shutting down and abandoning module AutomationWindow (460)
[2018.09.20-10.16.12:772][959]LogModuleManager: Shutting down and abandoning module Layers (458)
[2018.09.20-10.16.12:772][959]LogModuleManager: Shutting down and abandoning module ComponentVisualizers (456)
[2018.09.20-10.16.12:772][959]LogModuleManager: Shutting down and abandoning module DetailCustomizations (454)
[2018.09.20-10.16.12:772][959]LogModuleManager: Shutting down and abandoning module PackagesDialog (452)
[2018.09.20-10.16.12:773][959]LogModuleManager: Shutting down and abandoning module Persona (450)
[2018.09.20-10.16.12:773][959]LogModuleManager: Shutting down and abandoning module AdvancedPreviewScene (449)
[2018.09.20-10.16.12:773][959]LogModuleManager: Shutting down and abandoning module AnimGraph (447)
[2018.09.20-10.16.12:773][959]LogModuleManager: Shutting down and abandoning module Kismet (444)
[2018.09.20-10.16.12:785][959]LogModuleManager: Shutting down and abandoning module GraphEditor (442)
[2018.09.20-10.16.12:785][959]LogModuleManager: Shutting down and abandoning module ClassViewer (440)
[2018.09.20-10.16.12:789][959]LogModuleManager: Shutting down and abandoning module Toolbox (438)
[2018.09.20-10.16.12:789][959]LogModuleManager: Shutting down and abandoning module ModuleUI (436)
[2018.09.20-10.16.12:789][959]LogModuleManager: Shutting down and abandoning module MovieSceneTools (434)
[2018.09.20-10.16.12:789][959]LogModuleManager: Shutting down and abandoning module OutputLog (432)
[2018.09.20-10.16.12:789][959]LogModuleManager: Shutting down and abandoning module GammaUI (430)
[2018.09.20-10.16.12:789][959]LogModuleManager: Shutting down and abandoning module Documentation (428)
[2018.09.20-10.16.12:789][959]LogModuleManager: Shutting down and abandoning module MovieSceneTracks (426)
[2018.09.20-10.16.12:789][959]LogModuleManager: Shutting down and abandoning module MovieScene (424)
[2018.09.20-10.16.12:789][959]LogModuleManager: Shutting down and abandoning module StreamingPauseRendering (422)
[2018.09.20-10.16.12:790][959]LogModuleManager: Shutting down and abandoning module LauncherPlatform (420)
[2018.09.20-10.16.12:790][959]LogModuleManager: Shutting down and abandoning module AnalyticsET (418)
[2018.09.20-10.16.12:790][959]LogModuleManager: Shutting down and abandoning module PortalServices (416)
[2018.09.20-10.16.12:790][959]LogModuleManager: Shutting down and abandoning module PortalRpc (414)
[2018.09.20-10.16.12:790][959]LogModuleManager: Shutting down and abandoning module MessagingRpc (412)
[2018.09.20-10.16.12:790][959]LogModuleManager: Shutting down and abandoning module AIModule (410)
[2018.09.20-10.16.12:790][959]LogModuleManager: Shutting down and abandoning module GameplayDebugger (409)
[2018.09.20-10.16.12:790][959]LogModuleManager: Shutting down and abandoning module AITestSuite (407)
[2018.09.20-10.16.12:790][959]LogModuleManager: Shutting down and abandoning module NavigationSystem (405)
[2018.09.20-10.16.12:790][959]LogModuleManager: Shutting down and abandoning module DesktopPlatform (402)
[2018.09.20-10.16.12:790][959]LogModuleManager: Shutting down and abandoning module ProfilerService (400)
[2018.09.20-10.16.13:020][959]LogModuleManager: Shutting down and abandoning module TaskGraph (398)
[2018.09.20-10.16.13:020][959]LogModuleManager: Shutting down and abandoning module SteamVRController (396)
[2018.09.20-10.16.13:020][959]LogModuleManager: Shutting down and abandoning module ProceduralMeshComponentEditor (394)
[2018.09.20-10.16.13:021][959]LogModuleManager: Shutting down and abandoning module ProceduralMeshComponent (392)
[2018.09.20-10.16.13:021][959]LogModuleManager: Shutting down and abandoning module OculusInput (390)
[2018.09.20-10.16.13:021][959]LogModuleManager: Shutting down and abandoning module MobilePatchingUtils (388)
[2018.09.20-10.16.13:021][959]LogModuleManager: Shutting down and abandoning module EditableMesh (386)
[2018.09.20-10.16.13:021][959]LogModuleManager: Shutting down and abandoning module CustomMeshComponent (384)
[2018.09.20-10.16.13:021][959]LogModuleManager: Shutting down and abandoning module CableComponent (382)
[2018.09.20-10.16.13:021][959]LogModuleManager: Shutting down and abandoning module AudioCapture (380)
[2018.09.20-10.16.13:021][959]LogModuleManager: Shutting down and abandoning module ArchVisCharacter (378)
[2018.09.20-10.16.13:021][959]LogModuleManager: Shutting down and abandoning module AndroidPermission (376)
[2018.09.20-10.16.13:021][959]LogModuleManager: Shutting down and abandoning module NUTUnrealEngine4 (374)
[2018.09.20-10.16.13:021][959]LogModuleManager: Shutting down and abandoning module NetcodeUnitTest (372)
[2018.09.20-10.16.13:021][959]LogModuleManager: Shutting down and abandoning module MediaCompositingEditor (370)
[2018.09.20-10.16.13:021][959]LogModuleManager: Shutting down and abandoning module MediaCompositing (368)
[2018.09.20-10.16.13:021][959]LogModuleManager: Shutting down and abandoning module LinearTimecode (366)
[2018.09.20-10.16.13:021][959]LogModuleManager: Shutting down and abandoning module ImgMedia (364)
[2018.09.20-10.16.13:031][959]LogModuleManager: Shutting down and abandoning module HTML5Networking (362)
[2018.09.20-10.16.13:031][959]LogModuleManager: Shutting down and abandoning module GeometryCacheTracks (360)
[2018.09.20-10.16.13:031][959]LogModuleManager: Shutting down and abandoning module GeometryCacheSequencer (358)
[2018.09.20-10.16.13:031][959]LogModuleManager: Shutting down and abandoning module BackChannel (356)
[2018.09.20-10.16.13:031][959]LogModuleManager: Shutting down and abandoning module AppleVision (354)
[2018.09.20-10.16.13:031][959]LogModuleManager: Shutting down and abandoning module AppleImageUtils (352)
[2018.09.20-10.16.13:032][959]LogModuleManager: Shutting down and abandoning module AlembicImporter (350)
[2018.09.20-10.16.13:032][959]LogModuleManager: Shutting down and abandoning module AlembicLibrary (349)
[2018.09.20-10.16.13:032][959]LogModuleManager: Shutting down and abandoning module GeometryCache (348)
[2018.09.20-10.16.13:032][959]LogModuleManager: Shutting down and abandoning module GeometryCacheEd (347)
[2018.09.20-10.16.13:032][959]LogModuleManager: Shutting down and abandoning module DatasmithContentEditor (342)
[2018.09.20-10.16.13:032][959]LogModuleManager: Shutting down and abandoning module DatasmithContent (340)
[2018.09.20-10.16.13:034][959]LogModuleManager: Shutting down and abandoning module SpeedTreeImporter (338)
[2018.09.20-10.16.13:034][959]LogModuleManager: Shutting down and abandoning module PluginBrowser (336)
[2018.09.20-10.16.13:034][959]LogModuleManager: Shutting down and abandoning module MobileLauncherProfileWizard (334)
[2018.09.20-10.16.13:034][959]LogModuleManager: Shutting down and abandoning module PolygonModeling (332)
[2018.09.20-10.16.13:034][959]LogModuleManager: Shutting down and abandoning module MeshEditor (330)
[2018.09.20-10.16.13:035][959]LogModuleManager: Shutting down and abandoning module CryptoKeysOpenSSL (328)
[2018.09.20-10.16.13:035][959]LogModuleManager: Shutting down and abandoning module CryptoKeys (326)
[2018.09.20-10.16.13:035][959]LogModuleManager: Shutting down and abandoning module VisualStudioSourceCodeAccess (324)
[2018.09.20-10.16.13:035][959]LogModuleManager: Shutting down and abandoning module VisualStudioCodeSourceCodeAccess (322)
[2018.09.20-10.16.13:035][959]LogModuleManager: Shutting down and abandoning module UObjectPlugin (320)
[2018.09.20-10.16.13:035][959]LogModuleManager: Shutting down and abandoning module SubversionSourceControl (318)
[2018.09.20-10.16.13:035][959]LogModuleManager: Shutting down and abandoning module PerforceSourceControl (316)
[2018.09.20-10.16.13:035][959]LogModuleManager: Shutting down and abandoning module GitSourceControl (314)
[2018.09.20-10.16.13:035][959]LogModuleManager: Shutting down and abandoning module SourceControl (313)
[2018.09.20-10.16.13:035][959]LogModuleManager: Shutting down and abandoning module CLionSourceCodeAccess (310)
[2018.09.20-10.16.13:036][959]LogModuleManager: Shutting down and abandoning module LightPropagationVolumeEditor (308)
[2018.09.20-10.16.13:036][959]LogModuleManager: Shutting down and abandoning module PaperTiledImporter (306)
[2018.09.20-10.16.13:036][959]LogModuleManager: Shutting down and abandoning module PaperSpriteSheetImporter (304)
[2018.09.20-10.16.13:036][959]LogModuleManager: Shutting down and abandoning module Paper2DEditor (302)
[2018.09.20-10.16.13:036][959]LogModuleManager: Shutting down and abandoning module MeshPaint (301)
[2018.09.20-10.16.13:036][959]LogModuleManager: Shutting down and abandoning module RuntimePhysXCooking (298)
[2018.09.20-10.16.13:036][959]LogModuleManager: Shutting down and abandoning module PhysXVehiclesEditor (296)
[2018.09.20-10.16.13:036][959]LogModuleManager: Shutting down and abandoning module PhysXVehicles (294)
[2018.09.20-10.16.13:036][959]LogModuleManager: Shutting down and abandoning module OculusEditor (292)
[2018.09.20-10.16.13:036][959]LogModuleManager: Shutting down and abandoning module LocationServicesBPLibrary (290)
[2018.09.20-10.16.13:037][959]LogModuleManager: Shutting down and abandoning module ImmediatePhysicsEditor (288)
[2018.09.20-10.16.13:037][959]LogModuleManager: Shutting down and abandoning module ImmediatePhysics (286)
[2018.09.20-10.16.13:037][959]LogModuleManager: Shutting down and abandoning module ActorSequence (284)
[2018.09.20-10.16.13:037][959]LogModuleManager: Shutting down and abandoning module UdpMessaging (282)
[2018.09.20-10.16.13:138][959]LogModuleManager: Shutting down and abandoning module TcpMessaging (280)
[2018.09.20-10.16.13:239][959]LogModuleManager: Shutting down and abandoning module MagicLeapAudio (278)
[2018.09.20-10.16.13:239][959]LogModuleManager: Shutting down and abandoning module GameplayTagsEditor (276)
[2018.09.20-10.16.13:239][959]LogModuleManager: Shutting down and abandoning module FacialAnimationEditor (274)
[2018.09.20-10.16.13:239][959]LogModuleManager: Shutting down and abandoning module FacialAnimation (272)
[2018.09.20-10.16.13:239][959]LogModuleManager: Shutting down and abandoning module DataValidation (270)
[2018.09.20-10.16.13:239][959]LogModuleManager: Shutting down and abandoning module AssetManagerEditor (268)
[2018.09.20-10.16.13:239][959]LogModuleManager: Shutting down and abandoning module LevelEditor (267)
[2018.09.20-10.16.13:241][959]LogModuleManager: Shutting down and abandoning module PixelInspectorModule (266)
[2018.09.20-10.16.13:241][959]LogModuleManager: Shutting down and abandoning module CommonMenuExtensions (264)
[2018.09.20-10.16.13:242][959]LogModuleManager: Shutting down and abandoning module MainFrame (262)
[2018.09.20-10.16.13:242][959]LogModuleManager: Shutting down and abandoning module HotReload (261)
[2018.09.20-10.16.13:243][959]LogModuleManager: Shutting down and abandoning module ContentBrowser (257)
[2018.09.20-10.16.13:245][959]LogModuleManager: Shutting down and abandoning module TreeMap (255)
[2018.09.20-10.16.13:246][959]LogModuleManager: Shutting down and abandoning module LightPropagationVolumeRuntime (252)
[2018.09.20-10.16.13:246][959]LogModuleManager: Shutting down and abandoning module AISupportModule (250)
[2018.09.20-10.16.13:246][959]LogModuleManager: Shutting down and abandoning module Paper2D (248)
[2018.09.20-10.16.13:246][959]LogModuleManager: Shutting down and abandoning module WindowsMoviePlayer (246)
[2018.09.20-10.16.13:246][959]LogModuleManager: Shutting down and abandoning module WmfMedia (244)
[2018.09.20-10.16.13:248][959]LogModuleManager: Shutting down and abandoning module Media (243)
[2018.09.20-10.16.13:256][959]LogModuleManager: Shutting down and abandoning module PacketHandler (240)
[2018.09.20-10.16.13:256][959]LogModuleManager: Shutting down and abandoning module ClothingSystemEditor (238)
[2018.09.20-10.16.13:256][959]LogModuleManager: Shutting down and abandoning module ClothingSystemRuntime (236)
[2018.09.20-10.16.13:256][959]LogModuleManager: Shutting down and abandoning module MediaAssets (234)
[2018.09.20-10.16.13:256][959]LogModuleManager: Shutting down and abandoning module Overlay (232)
[2018.09.20-10.16.13:256][959]LogModuleManager: Shutting down and abandoning module OverlayEditor (231)
[2018.09.20-10.16.13:257][959]LogModuleManager: Shutting down and abandoning module VREditor (228)
[2018.09.20-10.16.13:257][959]LogModuleManager: Shutting down and abandoning module StringTableEditor (226)
[2018.09.20-10.16.13:257][959]LogModuleManager: Shutting down and abandoning module GameplayTasksEditor (224)
[2018.09.20-10.16.13:257][959]LogModuleManager: Shutting down and abandoning module BehaviorTreeEditor (222)
[2018.09.20-10.16.13:257][959]LogModuleManager: Shutting down and abandoning module FunctionalTesting (220)
[2018.09.20-10.16.13:257][959]LogModuleManager: Shutting down and abandoning module CollisionAnalyzer (218)
[2018.09.20-10.16.13:257][959]LogModuleManager: Shutting down and abandoning module WorkspaceMenuStructure (217)
[2018.09.20-10.16.13:257][959]LogModuleManager: Shutting down and abandoning module UMG (214)
[2018.09.20-10.16.13:257][959]LogModuleManager: Shutting down and abandoning module UMGEditor (213)
[2018.09.20-10.16.13:257][959]LogModuleManager: Shutting down and abandoning module Sequencer (212)
[2018.09.20-10.16.13:258][959]LogModuleManager: Shutting down and abandoning module MessageLog (209)
[2018.09.20-10.16.13:258][959]LogModuleManager: Shutting down and abandoning module SlateReflector (204)
[2018.09.20-10.16.13:258][959]LogModuleManager: Shutting down and abandoning module Slate (202)
[2018.09.20-10.16.13:258][959]LogModuleManager: Shutting down and abandoning module EditorStyle (200)
[2018.09.20-10.16.13:262][959]LogModuleManager: Shutting down and abandoning module MRMesh (198)
[2018.09.20-10.16.13:262][959]LogModuleManager: Shutting down and abandoning module SourceCodeAccess (196)
[2018.09.20-10.16.13:262][959]LogModuleManager: Shutting down and abandoning module HeadMountedDisplay (194)
[2018.09.20-10.16.13:263][959]LogModuleManager: Shutting down and abandoning module XAudio2 (192)
[2018.09.20-10.16.13:263][959]LogModuleManager: Shutting down and abandoning module Networking (190)
[2018.09.20-10.16.13:263][959]LogModuleManager: Shutting down and abandoning module Core (188)
[2018.09.20-10.16.13:263][959]LogModuleManager: Shutting down and abandoning module LevelSequence (186)
[2018.09.20-10.16.13:263][959]LogModuleManager: Shutting down and abandoning module KismetCompiler (184)
[2018.09.20-10.16.13:263][959]LogModuleManager: Shutting down and abandoning module MeshUtilities (182)
[2018.09.20-10.16.13:263][959]LogModuleManager: Shutting down and abandoning module MeshMergeUtilities (181)
[2018.09.20-10.16.13:263][959]LogModuleManager: Shutting down and abandoning module MeshReductionInterface (180)
[2018.09.20-10.16.13:263][959]LogModuleManager: Shutting down and abandoning module SimplygonSwarm (179)
[2018.09.20-10.16.13:263][959]LogModuleManager: Shutting down and abandoning module ProxyLODMeshReduction (177)
[2018.09.20-10.16.13:263][959]LogModuleManager: Shutting down and abandoning module SimplygonMeshReduction (175)
[2018.09.20-10.16.13:263][959]LogModuleManager: Shutting down and abandoning module QuadricMeshReduction (173)
[2018.09.20-10.16.13:263][959]LogModuleManager: Shutting down and abandoning module MaterialBaking (169)
[2018.09.20-10.16.13:263][959]LogModuleManager: Shutting down and abandoning module DirectoryWatcher (165)
[2018.09.20-10.16.13:264][959]LogModuleManager: Shutting down and abandoning module DerivedDataCache (162)
[2018.09.20-10.16.13:347][959]LogDerivedDataCache: Shutdown
[2018.09.20-10.16.13:347][959]LogModuleManager: Shutting down and abandoning module XGEController (160)
[2018.09.20-10.16.13:347][959]LogModuleManager: Shutting down and abandoning module TargetPlatform (158)
[2018.09.20-10.16.13:348][959]LogModuleManager: Shutting down and abandoning module VulkanShaderFormat (157)
[2018.09.20-10.16.13:348][959]LogModuleManager: Shutting down and abandoning module ShaderFormatVectorVM (155)
[2018.09.20-10.16.13:348][959]LogModuleManager: Shutting down and abandoning module ShaderFormatOpenGL (153)
[2018.09.20-10.16.13:348][959]LogModuleManager: Shutting down and abandoning module ShaderFormatD3D (151)
[2018.09.20-10.16.13:348][959]LogModuleManager: Shutting down and abandoning module MetalShaderFormat (149)
[2018.09.20-10.16.13:348][959]LogModuleManager: Shutting down and abandoning module TextureFormatUncompressed (147)
[2018.09.20-10.16.13:348][959]LogModuleManager: Shutting down and abandoning module TextureFormatPVR (145)
[2018.09.20-10.16.13:348][959]LogModuleManager: Shutting down and abandoning module TextureFormatDXT (143)
[2018.09.20-10.16.13:349][959]LogModuleManager: Shutting down and abandoning module TextureFormatIntelISPCTexComp (141)
[2018.09.20-10.16.13:349][959]LogModuleManager: Shutting down and abandoning module TextureFormatASTC (139)
[2018.09.20-10.16.13:349][959]LogModuleManager: Shutting down and abandoning module ImageWrapper (138)
[2018.09.20-10.16.13:349][959]LogModuleManager: Shutting down and abandoning module TextureFormatAndroid (135)
[2018.09.20-10.16.13:349][959]LogModuleManager: Shutting down and abandoning module AudioFormatOpus (133)
[2018.09.20-10.16.13:349][959]LogModuleManager: Shutting down and abandoning module AudioFormatOgg (131)
[2018.09.20-10.16.13:349][959]LogModuleManager: Shutting down and abandoning module AudioFormatADPCM (129)
[2018.09.20-10.16.13:349][959]LogModuleManager: Shutting down and abandoning module LuminTargetPlatform (127)
[2018.09.20-10.16.13:349][959]LogModuleManager: Shutting down and abandoning module LinuxTargetPlatform (125)
[2018.09.20-10.16.13:349][959]LogModuleManager: Shutting down and abandoning module LinuxServerTargetPlatform (123)
[2018.09.20-10.16.13:349][959]LogModuleManager: Shutting down and abandoning module LinuxNoEditorTargetPlatform (121)
[2018.09.20-10.16.13:349][959]LogModuleManager: Shutting down and abandoning module LinuxClientTargetPlatform (119)
[2018.09.20-10.16.13:349][959]LogModuleManager: Shutting down and abandoning module TVOSTargetPlatform (117)
[2018.09.20-10.16.13:372][959]LogModuleManager: Shutting down and abandoning module Messaging (115)
[2018.09.20-10.16.13:372][959]LogModuleManager: Shutting down and abandoning module IOSTargetPlatform (113)
[2018.09.20-10.16.13:387][959]LogModuleManager: Shutting down and abandoning module HTML5TargetPlatform (111)
[2018.09.20-10.16.13:388][959]LogModuleManager: Shutting down and abandoning module AndroidTargetPlatform (109)
[2018.09.20-10.16.13:442][959]LogModuleManager: Shutting down and abandoning module WindowsTargetPlatform (107)
[2018.09.20-10.16.13:442][959]LogModuleManager: Shutting down and abandoning module WindowsServerTargetPlatform (105)
[2018.09.20-10.16.13:442][959]LogModuleManager: Shutting down and abandoning module WindowsNoEditorTargetPlatform (103)
[2018.09.20-10.16.13:442][959]LogModuleManager: Shutting down and abandoning module WindowsClientTargetPlatform (101)
[2018.09.20-10.16.13:442][959]LogModuleManager: Shutting down and abandoning module MacTargetPlatform (99)
[2018.09.20-10.16.13:443][959]LogModuleManager: Shutting down and abandoning module MacServerTargetPlatform (97)
[2018.09.20-10.16.13:443][959]LogModuleManager: Shutting down and abandoning module MacNoEditorTargetPlatform (95)
[2018.09.20-10.16.13:443][959]LogModuleManager: Shutting down and abandoning module MacClientTargetPlatform (93)
[2018.09.20-10.16.13:443][959]LogModuleManager: Shutting down and abandoning module AllDesktopTargetPlatform (91)
[2018.09.20-10.16.13:443][959]LogModuleManager: Shutting down and abandoning module InputCore (88)
[2018.09.20-10.16.13:443][959]LogModuleManager: Shutting down and abandoning module Settings (86)
[2018.09.20-10.16.13:443][959]LogModuleManager: Shutting down and abandoning module PhysXCooking (84)
[2018.09.20-10.16.13:443][959]LogModuleManager: Shutting down and abandoning module SteamVR (82)
[2018.09.20-10.16.13:443][959]LogModuleManager: Shutting down and abandoning module OculusHMD (80)
[2018.09.20-10.16.13:443][959]LogModuleManager: Shutting down and abandoning module ExampleDeviceProfileSelector (78)
[2018.09.20-10.16.13:443][959]LogModuleManager: Shutting down and abandoning module LauncherChunkInstaller (76)
[2018.09.20-10.16.13:443][959]LogModuleManager: Shutting down and abandoning module OnlineBlueprintSupport (74)
[2018.09.20-10.16.13:443][959]LogModuleManager: Shutting down and abandoning module OnlineSubsystem (70)
[2018.09.20-10.16.13:444][959]LogModuleManager: Shutting down and abandoning module XMPP (65)
[2018.09.20-10.16.13:444][959]LogModuleManager: Shutting down and abandoning module WebSockets (64)
[2018.09.20-10.16.13:470][959]LogModuleManager: Shutting down and abandoning module HTTP (61)
[2018.09.20-10.16.13:470][959]LogHttp: Display: Http module shutting down, but needs to wait on 1 outstanding Http requests:
[2018.09.20-10.16.13:470][959]LogHttp: Display: 	verb=[POST] url=[https://datarouter.ol.epicgames.com/datarouter/api/v1/public/data?SessionID=%7B264D802F-4FBD-6CF2-50FB-039ADBA9EE2E%7D&AppID=UEEditor.Rocket.Release&AppVersion=4.20.2-4302132%2B%2B%2BUE4%2BRelease-4.20&UserID=c8d503944f471e06417fa494bab9f781%7Cce1ea254cdfb4a10961eab185b855592%7C69004ab4-172a-4773-bc79-3ccd451acc39&AppEnvironment=datacollector-binary&UploadType=eteventstream] status=Processing
[2018.09.20-10.16.13:476][959]LogModuleManager: Shutting down and abandoning module SSL (60)
[2018.09.20-10.16.13:477][959]LogModuleManager: Shutting down and abandoning module MagicLeapEmulator (56)
[2018.09.20-10.16.13:477][959]LogModuleManager: Shutting down and abandoning module MagicLeapPrivileges (54)
[2018.09.20-10.16.13:477][959]LogModuleManager: Shutting down and abandoning module MagicLeapIdentity (52)
[2018.09.20-10.16.13:477][959]LogModuleManager: Shutting down and abandoning module MagicLeapHelperVulkan (50)
[2018.09.20-10.16.13:477][959]LogModuleManager: Shutting down and abandoning module MagicLeapHelperOpenGL (48)
[2018.09.20-10.16.13:477][959]LogModuleManager: Shutting down and abandoning module MagicLeapSecureStorage (46)
[2018.09.20-10.16.13:477][959]LogModuleManager: Shutting down and abandoning module MagicLeapGestures (44)
[2018.09.20-10.16.13:477][959]LogModuleManager: Shutting down and abandoning module MagicLeapEyeTracker (42)
[2018.09.20-10.16.13:477][959]LogModuleManager: Shutting down and abandoning module MagicLeapController (40)
[2018.09.20-10.16.13:478][959]LogSlate: Slate User Destroyed.  User Index 0, Is Virtual User: 0
[2018.09.20-10.16.13:478][959]LogModuleManager: Shutting down and abandoning module MagicLeap (38)
[2018.09.20-10.16.13:478][959]LogModuleManager: Shutting down and abandoning module AnimationModifiers (36)
[2018.09.20-10.16.13:478][959]LogModuleManager: Shutting down and abandoning module PropertyEditor (35)
[2018.09.20-10.16.13:478][959]LogModuleManager: Shutting down and abandoning module AudioEditor (32)
[2018.09.20-10.16.13:478][959]LogModuleManager: Shutting down and abandoning module TextureCompressor (30)
[2018.09.20-10.16.13:478][959]LogModuleManager: Shutting down and abandoning module ShaderCore (28)
[2018.09.20-10.16.13:478][959]LogModuleManager: Shutting down and abandoning module Landscape (26)
[2018.09.20-10.16.13:478][959]LogModuleManager: Shutting down and abandoning module SlateRHIRenderer (24)
[2018.09.20-10.16.13:479][959]LogModuleManager: Shutting down and abandoning module OpenGLDrv (22)
[2018.09.20-10.16.13:479][959]LogModuleManager: Shutting down and abandoning module D3D11RHI (20)
[2018.09.20-10.16.13:479][959]LogModuleManager: Shutting down and abandoning module AnimGraphRuntime (18)
[2018.09.20-10.16.13:479][959]LogModuleManager: Shutting down and abandoning module Renderer (16)
[2018.09.20-10.16.13:479][959]LogModuleManager: Shutting down and abandoning module Engine (14)
[2018.09.20-10.16.13:479][959]LogModuleManager: Shutting down and abandoning module CoreUObject (12)
[2018.09.20-10.16.13:479][959]LogModuleManager: Shutting down and abandoning module NetworkFile (10)
[2018.09.20-10.16.13:479][959]LogModuleManager: Shutting down and abandoning module CookedIterativeFile (8)
[2018.09.20-10.16.13:479][959]LogModuleManager: Shutting down and abandoning module StreamingFile (6)
[2018.09.20-10.16.13:479][959]LogModuleManager: Shutting down and abandoning module SandboxFile (4)
[2018.09.20-10.16.13:479][959]LogModuleManager: Shutting down and abandoning module PakFile (2)
[2018.09.20-10.16.13:487][959]LogExit: Exiting.
[2018.09.20-10.16.13:497][959]Log file closed, 09/20/18 12:16:13
